Build started 2014-09-08 2:14:02 PM.
     1>Project "E:\ramelard\Projects\PointGrey\FlyCap2\FlyCap2.vcxproj" on node 2 (Rebuild target(s)).
     1>ClCompile:
         C:\Program Files (x86)\Microsoft Visual Studio 11.0\VC\bin\CL.exe /c /I"C:\Program Files\Point Grey Research\FlyCapture2\include" /ZI /nologo /W3 /WX- /Od /Oy- /D WIN32 /D _WINDOWS /D _DEBUG /D _MBCS /D _AFXDLL /Gm /EHsc /RTC1 /MDd /GS /fp:precise /Zc:wchar_t /Zc:forScope /Yc"stdafx.h" /Fp"Debug\FlyCap2.pch" /Fo"Debug\\" /Fd"Debug\vc110.pdb" /Gd /TP /analyze- /errorReport:prompt stdafx.cpp
         stdafx.cpp
         C:\Program Files (x86)\Microsoft Visual Studio 11.0\VC\bin\CL.exe /c /I"C:\Program Files\Point Grey Research\FlyCapture2\include" /ZI /nologo /W3 /WX- /Od /Oy- /D WIN32 /D _WINDOWS /D _DEBUG /D _MBCS /D _AFXDLL /Gm /EHsc /RTC1 /MDd /GS /fp:precise /Zc:wchar_t /Zc:forScope /Yu"stdafx.h" /Fp"Debug\FlyCap2.pch" /Fo"Debug\\" /Fd"Debug\vc110.pdb" /Gd /TP /analyze- /errorReport:prompt AboutDialog.cpp EventStatDialog.cpp FlyCap2_MFC.cpp FlyCap2_MFCDoc.cpp FlyCap2_MFCView.cpp FrameRateCounter.cpp HistogramDialog.cpp HistogramDrawingArea.cpp HistogramPage.cpp ImageRecordingPage.cpp InformationPane.cpp LicenseDialog.cpp MainFrm.cpp ReceivedFrameRateCounter.cpp RecordingDialog.cpp RowColPlotPage.cpp TreeCtrlX.cpp VideoRecordingPage.cpp
         VideoRecordingPage.cpp
         TreeCtrlX.cpp
         RowColPlotPage.cpp
         RecordingDialog.cpp
     1>e:\ramelard\projects\pointgrey\flycap2\recordingdialog.cpp(218): warning C4305: 'initializing' : truncation from 'double' to 'const float'
     1>e:\ramelard\projects\pointgrey\flycap2\recordingdialog.cpp(264): warning C4101: 'e' : unreferenced local variable
         ReceivedFrameRateCounter.cpp
         MainFrm.cpp
         LicenseDialog.cpp
         InformationPane.cpp
         ImageRecordingPage.cpp
         HistogramPage.cpp
         HistogramDrawingArea.cpp
         HistogramDialog.cpp
         FrameRateCounter.cpp
         FlyCap2_MFCView.cpp
     1>e:\ramelard\projects\pointgrey\flycap2\flycap2_mfcview.cpp(155): warning C4305: 'argument' : truncation from 'double' to 'float'
     1>e:\ramelard\projects\pointgrey\flycap2\flycap2_mfcview.cpp(1228): warning C4244: 'initializing' : conversion from 'const double' to 'const float', possible loss of data
         FlyCap2_MFCDoc.cpp
     1>e:\ramelard\projects\pointgrey\flycap2\flycap2_mfcdoc.cpp(955): warning C4101: 'saveImageFormat' : unreferenced local variable
     1>e:\ramelard\projects\pointgrey\flycap2\flycap2_mfcdoc.cpp(1242): warning C4800: 'BOOL' : forcing value to bool 'true' or 'false' (performance warning)
         FlyCap2_MFC.cpp
         EventStatDialog.cpp
         AboutDialog.cpp
         Generating Code...
       ResourceCompile:
         C:\Program Files (x86)\Windows Kits\8.0\bin\x86\rc.exe /D _DEBUG /D _AFXDLL /l"0x0409" /IDebug\ /nologo /fo"Debug\FlyCap2_MFC.res" FlyCap2_MFC.rc 
     1>C:\Program Files (x86)\MSBuild\Microsoft.Cpp\v4.0\V110\Microsoft.CppBuild.targets(1137,5): warning MSB8012: TargetPath(E:\ramelard\Projects\PointGrey\FlyCap2\..\..\bin\FlyCap2.exe) does not match the Linker's OutputFile property value (E:\ramelard\Projects\bin\FlyCap2d.exe). This may cause your project to build incorrectly. To correct this, please make sure that $(OutDir), $(TargetName) and $(TargetExt) property values match the value specified in %(Link.OutputFile).
     1>C:\Program Files (x86)\MSBuild\Microsoft.Cpp\v4.0\V110\Microsoft.CppBuild.targets(1139,5): warning MSB8012: TargetName(FlyCap2) does not match the Linker's OutputFile property value (FlyCap2d). This may cause your project to build incorrectly. To correct this, please make sure that $(OutDir), $(TargetName) and $(TargetExt) property values match the value specified in %(Link.OutputFile).
       Link:
         C:\Program Files (x86)\Microsoft Visual Studio 11.0\VC\bin\link.exe /ERRORREPORT:PROMPT /OUT:"..\..\bin\FlyCap2d.exe" /INCREMENTAL /NOLOGO Winmm.lib opengl32.lib glu32.lib HTMLHelp.lib psapi.lib Delayimp.lib /DELAYLOAD:FlyCapture2d.dll /MANIFEST /MANIFESTUAC:"level='asInvoker' uiAccess='false'" /manifest:embed /manifestinput:"C:\Program Files (x86)\Microsoft Visual Studio 11.0\VC\Include\Manifest\dpiaware.manifest" /DEBUG /PDB:"..\..\bin\FlyCap2.pdb" /SUBSYSTEM:WINDOWS /TLBID:1 /DYNAMICBASE /NXCOMPAT /IMPLIB:"..\..\bin\FlyCap2.lib" /MACHINE:X86 /SAFESEH Debug\FlyCap2_MFC.res
         Debug\AboutDialog.obj
         Debug\EventStatDialog.obj
         Debug\FlyCap2_MFC.obj
         Debug\FlyCap2_MFCDoc.obj
         Debug\FlyCap2_MFCView.obj
         Debug\FrameRateCounter.obj
         Debug\HistogramDialog.obj
         Debug\HistogramDrawingArea.obj
         Debug\HistogramPage.obj
         Debug\ImageRecordingPage.obj
         Debug\InformationPane.obj
         Debug\LicenseDialog.obj
         Debug\MainFrm.obj
         Debug\ReceivedFrameRateCounter.obj
         Debug\RecordingDialog.obj
         Debug\RowColPlotPage.obj
         Debug\stdafx.obj
         Debug\TreeCtrlX.obj
         Debug\VideoRecordingPage.obj
     1>AboutDialog.obj : warning LNK4075: ignoring '/EDITANDCONTINUE' due to '/SAFESEH' specification
     1>LINK : warning LNK4199: /DELAYLOAD:FlyCapture2d.dll ignored; no imports found from FlyCapture2d.dll
     1>HistogramDrawingArea.obj : error LNK2001: unresolved external symbol "__declspec(dllimport) public: virtual __thiscall FlyCapture2::Error::~Error(void)" (__imp_??1Error@FlyCapture2@@UAE@XZ)
     1>HistogramPage.obj : error LNK2001: unresolved external symbol "__declspec(dllimport) public: virtual __thiscall FlyCapture2::Error::~Error(void)" (__imp_??1Error@FlyCapture2@@UAE@XZ)
     1>RecordingDialog.obj : error LNK2001: unresolved external symbol "__declspec(dllimport) public: virtual __thiscall FlyCapture2::Error::~Error(void)" (__imp_??1Error@FlyCapture2@@UAE@XZ)
     1>VideoRecordingPage.obj : error LNK2001: unresolved external symbol "__declspec(dllimport) public: virtual __thiscall FlyCapture2::Error::~Error(void)" (__imp_??1Error@FlyCapture2@@UAE@XZ)
     1>AboutDialog.obj : error LNK2019: unresolved external symbol "__declspec(dllimport) public: virtual __thiscall FlyCapture2::Error::~Error(void)" (__imp_??1Error@FlyCapture2@@UAE@XZ) referenced in function "public: __thiscall AboutDialog::AboutDialog(class CWnd *)" (??0AboutDialog@@QAE@PAVCWnd@@@Z)
     1>FlyCap2_MFCDoc.obj : error LNK2001: unresolved external symbol "__declspec(dllimport) public: virtual __thiscall FlyCapture2::Error::~Error(void)" (__imp_??1Error@FlyCapture2@@UAE@XZ)
     1>FlyCap2_MFCView.obj : error LNK2001: unresolved external symbol "__declspec(dllimport) public: virtual __thiscall FlyCapture2::Error::~Error(void)" (__imp_??1Error@FlyCapture2@@UAE@XZ)
     1>HistogramDialog.obj : error LNK2001: unresolved external symbol "__declspec(dllimport) public: virtual __thiscall FlyCapture2::Error::~Error(void)" (__imp_??1Error@FlyCapture2@@UAE@XZ)
     1>AboutDialog.obj : error LNK2019: unresolved external symbol "__declspec(dllimport) public: static class FlyCapture2::Error __cdecl FlyCapture2::Utilities::GetLibraryVersion(struct FlyCapture2::FC2Version *)" (__imp_?GetLibraryVersion@Utilities@FlyCapture2@@SA?AVError@2@PAUFC2Version@2@@Z) referenced in function "public: __thiscall AboutDialog::AboutDialog(class CWnd *)" (??0AboutDialog@@QAE@PAVCWnd@@@Z)
     1>FlyCap2_MFCDoc.obj : error LNK2001: unresolved external symbol "__declspec(dllimport) public: static class FlyCapture2::Error __cdecl FlyCapture2::Utilities::GetLibraryVersion(struct FlyCapture2::FC2Version *)" (__imp_?GetLibraryVersion@Utilities@FlyCapture2@@SA?AVError@2@PAUFC2Version@2@@Z)
     1>FlyCap2_MFCDoc.obj : error LNK2019: unresolved external symbol "__declspec(dllimport) public: __thiscall FlyCapture2::Error::Error(void)" (__imp_??0Error@FlyCapture2@@QAE@XZ) referenced in function "public: void __thiscall CFlyCap2_MFCDoc::OnFileSaveAs(void)" (?OnFileSaveAs@CFlyCap2_MFCDoc@@QAEXXZ)
     1>RecordingDialog.obj : error LNK2001: unresolved external symbol "__declspec(dllimport) public: __thiscall FlyCapture2::Error::Error(void)" (__imp_??0Error@FlyCapture2@@QAE@XZ)
     1>VideoRecordingPage.obj : error LNK2001: unresolved external symbol "__declspec(dllimport) public: __thiscall FlyCapture2::Error::Error(void)" (__imp_??0Error@FlyCapture2@@QAE@XZ)
     1>FlyCap2_MFCDoc.obj : error LNK2019: unresolved external symbol "__declspec(dllimport) public: __thiscall FlyCapture2::Error::Error(class FlyCapture2::Error const &)" (__imp_??0Error@FlyCapture2@@QAE@ABV01@@Z) referenced in function "public: void __thiscall CFlyCap2_MFCDoc::OnFileSaveAs(void)" (?OnFileSaveAs@CFlyCap2_MFCDoc@@QAEXXZ)
     1>FlyCap2_MFCDoc.obj : error LNK2019: unresolved external symbol "__declspec(dllimport) public: virtual enum FlyCapture2::ErrorType __thiscall FlyCapture2::Error::GetType(void)const " (__imp_?GetType@Error@FlyCapture2@@UBE?AW4ErrorType@2@XZ) referenced in function "protected: void __thiscall CFlyCap2_MFCDoc::ShowErrorMessageDialog(char *,class FlyCapture2::Error,bool)" (?ShowErrorMessageDialog@CFlyCap2_MFCDoc@@IAEXPADVError@FlyCapture2@@_N@Z)
     1>FlyCap2_MFCDoc.obj : error LNK2019: unresolved external symbol "__declspec(dllimport) public: virtual char const * __thiscall FlyCapture2::Error::GetDescription(void)const " (__imp_?GetDescription@Error@FlyCapture2@@UBEPBDXZ) referenced in function "public: void __thiscall CFlyCap2_MFCDoc::OnStartImageTransfer(void)" (?OnStartImageTransfer@CFlyCap2_MFCDoc@@QAEXXZ)
     1>RecordingDialog.obj : error LNK2001: unresolved external symbol "__declspec(dllimport) public: virtual char const * __thiscall FlyCapture2::Error::GetDescription(void)const " (__imp_?GetDescription@Error@FlyCapture2@@UBEPBDXZ)
     1>FlyCap2_MFCDoc.obj : error LNK2019: unresolved external symbol "__declspec(dllimport) public: virtual unsigned int __thiscall FlyCapture2::Error::GetLine(void)const " (__imp_?GetLine@Error@FlyCapture2@@UBEIXZ) referenced in function "protected: void __thiscall CFlyCap2_MFCDoc::ShowErrorMessageDialog(char *,class FlyCapture2::Error,bool)" (?ShowErrorMessageDialog@CFlyCap2_MFCDoc@@IAEXPADVError@FlyCapture2@@_N@Z)
     1>FlyCap2_MFCDoc.obj : error LNK2019: unresolved external symbol "__declspec(dllimport) public: virtual char const * __thiscall FlyCapture2::Error::GetFilename(void)const " (__imp_?GetFilename@Error@FlyCapture2@@UBEPBDXZ) referenced in function "protected: void __thiscall CFlyCap2_MFCDoc::ShowErrorMessageDialog(char *,class FlyCapture2::Error,bool)" (?ShowErrorMessageDialog@CFlyCap2_MFCDoc@@IAEXPADVError@FlyCapture2@@_N@Z)
     1>FlyCap2_MFCDoc.obj : error LNK2019: unresolved external symbol "__declspec(dllimport) public: virtual class FlyCapture2::Error __thiscall FlyCapture2::Error::GetCause(void)const " (__imp_?GetCause@Error@FlyCapture2@@UBE?AV12@XZ) referenced in function "protected: void __thiscall CFlyCap2_MFCDoc::ShowErrorMessageDialog(char *,class FlyCapture2::Error,bool)" (?ShowErrorMessageDialog@CFlyCap2_MFCDoc@@IAEXPADVError@FlyCapture2@@_N@Z)
     1>FlyCap2_MFCDoc.obj : error LNK2019: unresolved external symbol "__declspec(dllimport) public: virtual char const * __thiscall FlyCapture2::Error::GetBuildDate(void)const " (__imp_?GetBuildDate@Error@FlyCapture2@@UBEPBDXZ) referenced in function "protected: void __thiscall CFlyCap2_MFCDoc::ShowErrorMessageDialog(char *,class FlyCapture2::Error,bool)" (?ShowErrorMessageDialog@CFlyCap2_MFCDoc@@IAEXPADVError@FlyCapture2@@_N@Z)
     1>FlyCap2_MFCDoc.obj : error LNK2019: unresolved external symbol "__declspec(dllimport) public: __thiscall FlyCapture2::BusManager::BusManager(void)" (__imp_??0BusManager@FlyCapture2@@QAE@XZ) referenced in function "protected: __thiscall CFlyCap2_MFCDoc::CFlyCap2_MFCDoc(void)" (??0CFlyCap2_MFCDoc@@IAE@XZ)
     1>FlyCap2_MFCDoc.obj : error LNK2019: unresolved external symbol "__declspec(dllimport) public: virtual __thiscall FlyCapture2::BusManager::~BusManager(void)" (__imp_??1BusManager@FlyCapture2@@UAE@XZ) referenced in function __unwindfunclet$??0CFlyCap2_MFCDoc@@IAE@XZ$9
     1>FlyCap2_MFCDoc.obj : error LNK2019: unresolved external symbol "__declspec(dllimport) public: __thiscall FlyCapture2::Camera::Camera(void)" (__imp_??0Camera@FlyCapture2@@QAE@XZ) referenced in function "protected: bool __thiscall CFlyCap2_MFCDoc::Start(class FlyCapture2::PGRGuid)" (?Start@CFlyCap2_MFCDoc@@IAE_NVPGRGuid@FlyCapture2@@@Z)
     1>FlyCap2_MFCDoc.obj : error LNK2019: unresolved external symbol "__declspec(dllimport) public: virtual __thiscall FlyCapture2::Camera::~Camera(void)" (__imp_??1Camera@FlyCapture2@@UAE@XZ) referenced in function "public: virtual void * __thiscall FlyCapture2::Camera::`scalar deleting destructor'(unsigned int)" (??_GCamera@FlyCapture2@@UAEPAXI@Z)
     1>FlyCap2_MFCDoc.obj : error LNK2019: unresolved external symbol "__declspec(dllimport) public: __thiscall FlyCapture2::GigECamera::GigECamera(void)" (__imp_??0GigECamera@FlyCapture2@@QAE@XZ) referenced in function "protected: bool __thiscall CFlyCap2_MFCDoc::Start(class FlyCapture2::PGRGuid)" (?Start@CFlyCap2_MFCDoc@@IAE_NVPGRGuid@FlyCapture2@@@Z)
     1>FlyCap2_MFCDoc.obj : error LNK2019: unresolved external symbol "__declspec(dllimport) public: virtual __thiscall FlyCapture2::GigECamera::~GigECamera(void)" (__imp_??1GigECamera@FlyCapture2@@UAE@XZ) referenced in function "public: virtual void * __thiscall FlyCapture2::GigECamera::`scalar deleting destructor'(unsigned int)" (??_GGigECamera@FlyCapture2@@UAEPAXI@Z)
     1>FlyCap2_MFCDoc.obj : error LNK2019: unresolved external symbol "__declspec(dllimport) public: static class FlyCapture2::Error __cdecl FlyCapture2::Image::SetDefaultColorProcessing(enum FlyCapture2::ColorProcessingAlgorithm)" (__imp_?SetDefaultColorProcessing@Image@FlyCapture2@@SA?AVError@2@W4ColorProcessingAlgorithm@2@@Z) referenced in function "public: void __thiscall CFlyCap2_MFCDoc::OnColorAlgorithmNone(void)" (?OnColorAlgorithmNone@CFlyCap2_MFCDoc@@QAEXXZ)
     1>FlyCap2_MFCDoc.obj : error LNK2019: unresolved external symbol "__declspec(dllimport) public: static enum FlyCapture2::ColorProcessingAlgorithm __cdecl FlyCapture2::Image::GetDefaultColorProcessing(void)" (__imp_?GetDefaultColorProcessing@Image@FlyCapture2@@SA?AW4ColorProcessingAlgorithm@2@XZ) referenced in function "public: void __thiscall CFlyCap2_MFCDoc::OnFileSaveAs(void)" (?OnFileSaveAs@CFlyCap2_MFCDoc@@QAEXXZ)
     1>RecordingDialog.obj : error LNK2001: unresolved external symbol "__declspec(dllimport) public: static enum FlyCapture2::ColorProcessingAlgorithm __cdecl FlyCapture2::Image::GetDefaultColorProcessing(void)" (__imp_?GetDefaultColorProcessing@Image@FlyCapture2@@SA?AW4ColorProcessingAlgorithm@2@XZ)
     1>FlyCap2_MFCDoc.obj : error LNK2019: unresolved external symbol "__declspec(dllimport) public: static class FlyCapture2::Error __cdecl FlyCapture2::Image::SetDefaultOutputFormat(enum FlyCapture2::PixelFormat)" (__imp_?SetDefaultOutputFormat@Image@FlyCapture2@@SA?AVError@2@W4PixelFormat@2@@Z) referenced in function "public: virtual int __thiscall CFlyCap2_MFCDoc::OnNewDocument(void)" (?OnNewDocument@CFlyCap2_MFCDoc@@UAEHXZ)
     1>FlyCap2_MFCDoc.obj : error LNK2019: unresolved external symbol "__declspec(dllimport) public: __thiscall FlyCapture2::Image::Image(void)" (__imp_??0Image@FlyCapture2@@QAE@XZ) referenced in function "public: void __thiscall CFlyCap2_MFCDoc::OnFileSaveAs(void)" (?OnFileSaveAs@CFlyCap2_MFCDoc@@QAEXXZ)
     1>FlyCap2_MFCView.obj : error LNK2001: unresolved external symbol "__declspec(dllimport) public: __thiscall FlyCapture2::Image::Image(void)" (__imp_??0Image@FlyCapture2@@QAE@XZ)
     1>HistogramDialog.obj : error LNK2001: unresolved external symbol "__declspec(dllimport) public: __thiscall FlyCapture2::Image::Image(void)" (__imp_??0Image@FlyCapture2@@QAE@XZ)
     1>RecordingDialog.obj : error LNK2001: unresolved external symbol "__declspec(dllimport) public: __thiscall FlyCapture2::Image::Image(void)" (__imp_??0Image@FlyCapture2@@QAE@XZ)
     1>FlyCap2_MFCDoc.obj : error LNK2019: unresolved external symbol "__declspec(dllimport) public: __thiscall FlyCapture2::Image::Image(class FlyCapture2::Image const &)" (__imp_??0Image@FlyCapture2@@QAE@ABV01@@Z) referenced in function "public: void __thiscall CFlyCap2_MFCDoc::OnFileSaveAs(void)" (?OnFileSaveAs@CFlyCap2_MFCDoc@@QAEXXZ)
     1>RecordingDialog.obj : error LNK2001: unresolved external symbol "__declspec(dllimport) public: __thiscall FlyCapture2::Image::Image(class FlyCapture2::Image const &)" (__imp_??0Image@FlyCapture2@@QAE@ABV01@@Z)
     1>FlyCap2_MFCDoc.obj : error LNK2019: unresolved external symbol "__declspec(dllimport) public: virtual __thiscall FlyCapture2::Image::~Image(void)" (__imp_??1Image@FlyCapture2@@UAE@XZ) referenced in function "public: void __thiscall CFlyCap2_MFCDoc::OnFileSaveAs(void)" (?OnFileSaveAs@CFlyCap2_MFCDoc@@QAEXXZ)
     1>FlyCap2_MFCView.obj : error LNK2001: unresolved external symbol "__declspec(dllimport) public: virtual __thiscall FlyCapture2::Image::~Image(void)" (__imp_??1Image@FlyCapture2@@UAE@XZ)
     1>HistogramDialog.obj : error LNK2001: unresolved external symbol "__declspec(dllimport) public: virtual __thiscall FlyCapture2::Image::~Image(void)" (__imp_??1Image@FlyCapture2@@UAE@XZ)
     1>RecordingDialog.obj : error LNK2001: unresolved external symbol "__declspec(dllimport) public: virtual __thiscall FlyCapture2::Image::~Image(void)" (__imp_??1Image@FlyCapture2@@UAE@XZ)
     1>FlyCap2_MFCDoc.obj : error LNK2019: unresolved external symbol "__declspec(dllimport) public: virtual class FlyCapture2::Error __thiscall FlyCapture2::Image::DeepCopy(class FlyCapture2::Image const *)" (__imp_?DeepCopy@Image@FlyCapture2@@UAE?AVError@2@PBV12@@Z) referenced in function "public: void __thiscall CFlyCap2_MFCDoc::OnFileSaveAs(void)" (?OnFileSaveAs@CFlyCap2_MFCDoc@@QAEXXZ)
     1>RecordingDialog.obj : error LNK2001: unresolved external symbol "__declspec(dllimport) public: virtual class FlyCapture2::Error __thiscall FlyCapture2::Image::DeepCopy(class FlyCapture2::Image const *)" (__imp_?DeepCopy@Image@FlyCapture2@@UAE?AVError@2@PBV12@@Z)
     1>FlyCap2_MFCDoc.obj : error LNK2019: unresolved external symbol "__declspec(dllimport) public: virtual enum FlyCapture2::PixelFormat __thiscall FlyCapture2::Image::GetPixelFormat(void)const " (__imp_?GetPixelFormat@Image@FlyCapture2@@UBE?AW4PixelFormat@2@XZ) referenced in function "public: void __thiscall CFlyCap2_MFCDoc::OnFileSaveAs(void)" (?OnFileSaveAs@CFlyCap2_MFCDoc@@QAEXXZ)
     1>FlyCap2_MFCView.obj : error LNK2001: unresolved external symbol "__declspec(dllimport) public: virtual enum FlyCapture2::PixelFormat __thiscall FlyCapture2::Image::GetPixelFormat(void)const " (__imp_?GetPixelFormat@Image@FlyCapture2@@UBE?AW4PixelFormat@2@XZ)
     1>HistogramDialog.obj : error LNK2001: unresolved external symbol "__declspec(dllimport) public: virtual enum FlyCapture2::PixelFormat __thiscall FlyCapture2::Image::GetPixelFormat(void)const " (__imp_?GetPixelFormat@Image@FlyCapture2@@UBE?AW4PixelFormat@2@XZ)
     1>FlyCap2_MFCDoc.obj : error LNK2019: unresolved external symbol "__declspec(dllimport) public: virtual unsigned int __thiscall FlyCapture2::Image::GetCols(void)const " (__imp_?GetCols@Image@FlyCapture2@@UBEIXZ) referenced in function "public: unsigned int __thiscall CFlyCap2_MFCDoc::DoGrabLoop(void)" (?DoGrabLoop@CFlyCap2_MFCDoc@@QAEIXZ)
     1>FlyCap2_MFCDoc.obj : error LNK2019: unresolved external symbol "__declspec(dllimport) public: virtual unsigned int __thiscall FlyCapture2::Image::GetRows(void)const " (__imp_?GetRows@Image@FlyCapture2@@UBEIXZ) referenced in function "public: unsigned int __thiscall CFlyCap2_MFCDoc::DoGrabLoop(void)" (?DoGrabLoop@CFlyCap2_MFCDoc@@QAEIXZ)
     1>FlyCap2_MFCDoc.obj : error LNK2019: unresolved external symbol "__declspec(dllimport) public: virtual class FlyCapture2::Error __thiscall FlyCapture2::Image::Save(char const *,enum FlyCapture2::ImageFileFormat)" (__imp_?Save@Image@FlyCapture2@@UAE?AVError@2@PBDW4ImageFileFormat@2@@Z) referenced in function "public: void __thiscall CFlyCap2_MFCDoc::OnFileSaveAs(void)" (?OnFileSaveAs@CFlyCap2_MFCDoc@@QAEXXZ)
     1>FlyCap2_MFCDoc.obj : error LNK2019: unresolved external symbol "__declspec(dllimport) public: virtual class FlyCapture2::Error __thiscall FlyCapture2::Image::Save(char const *,struct FlyCapture2::PNGOption *)" (__imp_?Save@Image@FlyCapture2@@UAE?AVError@2@PBDPAUPNGOption@2@@Z) referenced in function "public: void __thiscall CFlyCap2_MFCDoc::OnFileSaveAs(void)" (?OnFileSaveAs@CFlyCap2_MFCDoc@@QAEXXZ)
     1>FlyCap2_MFCDoc.obj : error LNK2019: unresolved external symbol "__declspec(dllimport) public: virtual class FlyCapture2::Error __thiscall FlyCapture2::Image::Save(char const *,struct FlyCapture2::PPMOption *)" (__imp_?Save@Image@FlyCapture2@@UAE?AVError@2@PBDPAUPPMOption@2@@Z) referenced in function "public: void __thiscall CFlyCap2_MFCDoc::OnFileSaveAs(void)" (?OnFileSaveAs@CFlyCap2_MFCDoc@@QAEXXZ)
     1>FlyCap2_MFCDoc.obj : error LNK2019: unresolved external symbol "__declspec(dllimport) public: virtual class FlyCapture2::Error __thiscall FlyCapture2::Image::Save(char const *,struct FlyCapture2::PGMOption *)" (__imp_?Save@Image@FlyCapture2@@UAE?AVError@2@PBDPAUPGMOption@2@@Z) referenced in function "public: void __thiscall CFlyCap2_MFCDoc::OnFileSaveAs(void)" (?OnFileSaveAs@CFlyCap2_MFCDoc@@QAEXXZ)
     1>FlyCap2_MFCDoc.obj : error LNK2019: unresolved external symbol "__declspec(dllimport) public: virtual class FlyCapture2::Error __thiscall FlyCapture2::Image::Save(char const *,struct FlyCapture2::TIFFOption *)" (__imp_?Save@Image@FlyCapture2@@UAE?AVError@2@PBDPAUTIFFOption@2@@Z) referenced in function "public: void __thiscall CFlyCap2_MFCDoc::OnFileSaveAs(void)" (?OnFileSaveAs@CFlyCap2_MFCDoc@@QAEXXZ)
     1>FlyCap2_MFCDoc.obj : error LNK2019: unresolved external symbol "__declspec(dllimport) public: virtual class FlyCapture2::Error __thiscall FlyCapture2::Image::Save(char const *,struct FlyCapture2::JPEGOption *)" (__imp_?Save@Image@FlyCapture2@@UAE?AVError@2@PBDPAUJPEGOption@2@@Z) referenced in function "public: void __thiscall CFlyCap2_MFCDoc::OnFileSaveAs(void)" (?OnFileSaveAs@CFlyCap2_MFCDoc@@QAEXXZ)
     1>FlyCap2_MFCDoc.obj : error LNK2019: unresolved external symbol "__declspec(dllimport) public: virtual class FlyCapture2::Error __thiscall FlyCapture2::Image::Save(char const *,struct FlyCapture2::JPG2Option *)" (__imp_?Save@Image@FlyCapture2@@UAE?AVError@2@PBDPAUJPG2Option@2@@Z) referenced in function "public: void __thiscall CFlyCap2_MFCDoc::OnFileSaveAs(void)" (?OnFileSaveAs@CFlyCap2_MFCDoc@@QAEXXZ)
     1>FlyCap2_MFCDoc.obj : error LNK2019: unresolved external symbol "__declspec(dllimport) public: virtual class FlyCapture2::Error __thiscall FlyCapture2::Image::Save(char const *,struct FlyCapture2::BMPOption *)" (__imp_?Save@Image@FlyCapture2@@UAE?AVError@2@PBDPAUBMPOption@2@@Z) referenced in function "public: void __thiscall CFlyCap2_MFCDoc::OnFileSaveAs(void)" (?OnFileSaveAs@CFlyCap2_MFCDoc@@QAEXXZ)
     1>FlyCap2_MFCDoc.obj : error LNK2019: unresolved external symbol "__declspec(dllimport) public: virtual class FlyCapture2::Error __thiscall FlyCapture2::Image::Convert(enum FlyCapture2::PixelFormat,class FlyCapture2::Image *)const " (__imp_?Convert@Image@FlyCapture2@@UBE?AVError@2@W4PixelFormat@2@PAV12@@Z) referenced in function "public: void __thiscall CFlyCap2_MFCDoc::OnFileSaveAs(void)" (?OnFileSaveAs@CFlyCap2_MFCDoc@@QAEXXZ)
     1>HistogramDialog.obj : error LNK2001: unresolved external symbol "__declspec(dllimport) public: virtual class FlyCapture2::Error __thiscall FlyCapture2::Image::Convert(enum FlyCapture2::PixelFormat,class FlyCapture2::Image *)const " (__imp_?Convert@Image@FlyCapture2@@UBE?AVError@2@W4PixelFormat@2@PAV12@@Z)
     1>FlyCap2_MFCDoc.obj : error LNK2019: unresolved external symbol "__declspec(dllimport) public: __thiscall FlyCapture2::CameraControlDlg::CameraControlDlg(void)" (__imp_??0CameraControlDlg@FlyCapture2@@QAE@XZ) referenced in function "protected: __thiscall CFlyCap2_MFCDoc::CFlyCap2_MFCDoc(void)" (??0CFlyCap2_MFCDoc@@IAE@XZ)
     1>FlyCap2_MFCDoc.obj : error LNK2019: unresolved external symbol "__declspec(dllimport) public: __thiscall FlyCapture2::CameraControlDlg::~CameraControlDlg(void)" (__imp_??1CameraControlDlg@FlyCapture2@@QAE@XZ) referenced in function __unwindfunclet$??0CFlyCap2_MFCDoc@@IAE@XZ$2
     1>FlyCap2_MFCDoc.obj : error LNK2019: unresolved external symbol "__declspec(dllimport) public: void __thiscall FlyCapture2::CameraControlDlg::Connect(class FlyCapture2::CameraBase *)" (__imp_?Connect@CameraControlDlg@FlyCapture2@@QAEXPAVCameraBase@2@@Z) referenced in function "protected: bool __thiscall CFlyCap2_MFCDoc::Start(class FlyCapture2::PGRGuid)" (?Start@CFlyCap2_MFCDoc@@IAE_NVPGRGuid@FlyCapture2@@@Z)
     1>FlyCap2_MFCDoc.obj : error LNK2019: unresolved external symbol "__declspec(dllimport) public: void __thiscall FlyCapture2::CameraControlDlg::Disconnect(void)" (__imp_?Disconnect@CameraControlDlg@FlyCapture2@@QAEXXZ) referenced in function "public: virtual void __thiscall CFlyCap2_MFCDoc::OnCloseDocument(void)" (?OnCloseDocument@CFlyCap2_MFCDoc@@UAEXXZ)
     1>FlyCap2_MFCDoc.obj : error LNK2019: unresolved external symbol "__declspec(dllimport) public: void __thiscall FlyCapture2::CameraControlDlg::Show(void)" (__imp_?Show@CameraControlDlg@FlyCapture2@@QAEXXZ) referenced in function "public: void __thiscall CFlyCap2_MFCDoc::OnToggleCameraControl(void)" (?OnToggleCameraControl@CFlyCap2_MFCDoc@@QAEXXZ)
     1>FlyCap2_MFCDoc.obj : error LNK2019: unresolved external symbol "__declspec(dllimport) public: void __thiscall FlyCapture2::CameraControlDlg::Hide(void)" (__imp_?Hide@CameraControlDlg@FlyCapture2@@QAEXXZ) referenced in function "public: void __thiscall CFlyCap2_MFCDoc::OnToggleCameraControl(void)" (?OnToggleCameraControl@CFlyCap2_MFCDoc@@QAEXXZ)
     1>FlyCap2_MFCDoc.obj : error LNK2019: unresolved external symbol "__declspec(dllimport) public: bool __thiscall FlyCapture2::CameraControlDlg::IsVisible(void)" (__imp_?IsVisible@CameraControlDlg@FlyCapture2@@QAE_NXZ) referenced in function "public: void __thiscall CFlyCap2_MFCDoc::OnToggleCameraControl(void)" (?OnToggleCameraControl@CFlyCap2_MFCDoc@@QAEXXZ)
     1>FlyCap2_MFCDoc.obj : error LNK2019: unresolved external symbol "__declspec(dllimport) public: __thiscall FlyCapture2::CameraSelectionDlg::CameraSelectionDlg(void)" (__imp_??0CameraSelectionDlg@FlyCapture2@@QAE@XZ) referenced in function "public: virtual int __thiscall CFlyCap2_MFCDoc::OnNewDocument(void)" (?OnNewDocument@CFlyCap2_MFCDoc@@UAEHXZ)
     1>FlyCap2_MFCDoc.obj : error LNK2019: unresolved external symbol "__declspec(dllimport) public: __thiscall FlyCapture2::CameraSelectionDlg::~CameraSelectionDlg(void)" (__imp_??1CameraSelectionDlg@FlyCapture2@@QAE@XZ) referenced in function "public: virtual int __thiscall CFlyCap2_MFCDoc::OnNewDocument(void)" (?OnNewDocument@CFlyCap2_MFCDoc@@UAEHXZ)
     1>FlyCap2_MFCDoc.obj : error LNK2019: unresolved external symbol "__declspec(dllimport) public: void __thiscall FlyCapture2::CameraSelectionDlg::ShowModal(bool *,class FlyCapture2::PGRGuid *,unsigned int *)" (__imp_?ShowModal@CameraSelectionDlg@FlyCapture2@@QAEXPA_NPAVPGRGuid@2@PAI@Z) referenced in function "public: virtual int __thiscall CFlyCap2_MFCDoc::OnNewDocument(void)" (?OnNewDocument@CFlyCap2_MFCDoc@@UAEHXZ)
     1>FlyCap2_MFCDoc.obj : error LNK2001: unresolved external symbol "public: virtual class FlyCapture2::Error __thiscall FlyCapture2::Camera::Connect(class FlyCapture2::PGRGuid *)" (?Connect@Camera@FlyCapture2@@UAE?AVError@2@PAVPGRGuid@2@@Z)
     1>FlyCap2_MFCDoc.obj : error LNK2001: unresolved external symbol "public: virtual class FlyCapture2::Error __thiscall FlyCapture2::GigECamera::Connect(class FlyCapture2::PGRGuid *)" (?Connect@GigECamera@FlyCapture2@@UAE?AVError@2@PAVPGRGuid@2@@Z)
     1>FlyCap2_MFCDoc.obj : error LNK2001: unresolved external symbol "public: virtual class FlyCapture2::Error __thiscall FlyCapture2::Camera::Disconnect(void)" (?Disconnect@Camera@FlyCapture2@@UAE?AVError@2@XZ)
     1>FlyCap2_MFCDoc.obj : error LNK2001: unresolved external symbol "public: virtual class FlyCapture2::Error __thiscall FlyCapture2::GigECamera::Disconnect(void)" (?Disconnect@GigECamera@FlyCapture2@@UAE?AVError@2@XZ)
     1>FlyCap2_MFCDoc.obj : error LNK2001: unresolved external symbol "public: virtual class FlyCapture2::Error __thiscall FlyCapture2::GigECamera::DiscoverGigEPacketSize(unsigned int *)" (?DiscoverGigEPacketSize@GigECamera@FlyCapture2@@UAE?AVError@2@PAI@Z)
     1>FlyCap2_MFCDoc.obj : error LNK2001: unresolved external symbol "public: virtual class FlyCapture2::Error __thiscall FlyCapture2::Camera::EnableLUT(bool)" (?EnableLUT@Camera@FlyCapture2@@UAE?AVError@2@_N@Z)
     1>FlyCap2_MFCDoc.obj : error LNK2001: unresolved external symbol "public: virtual class FlyCapture2::Error __thiscall FlyCapture2::GigECamera::EnableLUT(bool)" (?EnableLUT@GigECamera@FlyCapture2@@UAE?AVError@2@_N@Z)
     1>FlyCap2_MFCDoc.obj : error LNK2001: unresolved external symbol "public: virtual class FlyCapture2::Error __thiscall FlyCapture2::Camera::FireSoftwareTrigger(bool)" (?FireSoftwareTrigger@Camera@FlyCapture2@@UAE?AVError@2@_N@Z)
     1>FlyCap2_MFCDoc.obj : error LNK2001: unresolved external symbol "public: virtual class FlyCapture2::Error __thiscall FlyCapture2::GigECamera::FireSoftwareTrigger(bool)" (?FireSoftwareTrigger@GigECamera@FlyCapture2@@UAE?AVError@2@_N@Z)
     1>FlyCap2_MFCDoc.obj : error LNK2001: unresolved external symbol "public: virtual class FlyCapture2::Error __thiscall FlyCapture2::Camera::GetActiveLUTBank(unsigned int *)" (?GetActiveLUTBank@Camera@FlyCapture2@@UAE?AVError@2@PAI@Z)
     1>FlyCap2_MFCDoc.obj : error LNK2001: unresolved external symbol "public: virtual class FlyCapture2::Error __thiscall FlyCapture2::GigECamera::GetActiveLUTBank(unsigned int *)" (?GetActiveLUTBank@GigECamera@FlyCapture2@@UAE?AVError@2@PAI@Z)
     1>FlyCap2_MFCDoc.obj : error LNK2001: unresolved external symbol "public: virtual class FlyCapture2::Error __thiscall FlyCapture2::Camera::GetCameraInfo(struct FlyCapture2::CameraInfo *)" (?GetCameraInfo@Camera@FlyCapture2@@UAE?AVError@2@PAUCameraInfo@2@@Z)
     1>FlyCap2_MFCDoc.obj : error LNK2001: unresolved external symbol "public: virtual class FlyCapture2::Error __thiscall FlyCapture2::GigECamera::GetCameraInfo(struct FlyCapture2::CameraInfo *)" (?GetCameraInfo@GigECamera@FlyCapture2@@UAE?AVError@2@PAUCameraInfo@2@@Z)
     1>FlyCap2_MFCDoc.obj : error LNK2001: unresolved external symbol "public: virtual class FlyCapture2::Error __thiscall FlyCapture2::Camera::GetConfiguration(struct FlyCapture2::FC2Config *)" (?GetConfiguration@Camera@FlyCapture2@@UAE?AVError@2@PAUFC2Config@2@@Z)
     1>FlyCap2_MFCDoc.obj : error LNK2001: unresolved external symbol "public: virtual class FlyCapture2::Error __thiscall FlyCapture2::GigECamera::GetConfiguration(struct FlyCapture2::FC2Config *)" (?GetConfiguration@GigECamera@FlyCapture2@@UAE?AVError@2@PAUFC2Config@2@@Z)
     1>FlyCap2_MFCDoc.obj : error LNK2001: unresolved external symbol "public: virtual class FlyCapture2::Error __thiscall FlyCapture2::Camera::GetCycleTime(struct FlyCapture2::TimeStamp *)" (?GetCycleTime@Camera@FlyCapture2@@UAE?AVError@2@PAUTimeStamp@2@@Z)
     1>FlyCap2_MFCDoc.obj : error LNK2001: unresolved external symbol "public: virtual class FlyCapture2::Error __thiscall FlyCapture2::GigECamera::GetCycleTime(struct FlyCapture2::TimeStamp *)" (?GetCycleTime@GigECamera@FlyCapture2@@UAE?AVError@2@PAUTimeStamp@2@@Z)
     1>FlyCap2_MFCDoc.obj : error LNK2001: unresolved external symbol "public: virtual class FlyCapture2::Error __thiscall FlyCapture2::Camera::GetEmbeddedImageInfo(struct FlyCapture2::EmbeddedImageInfo *)" (?GetEmbeddedImageInfo@Camera@FlyCapture2@@UAE?AVError@2@PAUEmbeddedImageInfo@2@@Z)
     1>FlyCap2_MFCDoc.obj : error LNK2001: unresolved external symbol "public: virtual class FlyCapture2::Error __thiscall FlyCapture2::GigECamera::GetEmbeddedImageInfo(struct FlyCapture2::EmbeddedImageInfo *)" (?GetEmbeddedImageInfo@GigECamera@FlyCapture2@@UAE?AVError@2@PAUEmbeddedImageInfo@2@@Z)
     1>FlyCap2_MFCDoc.obj : error LNK2001: unresolved external symbol "public: virtual class FlyCapture2::Error __thiscall FlyCapture2::Camera::GetFormat7Configuration(struct FlyCapture2::Format7ImageSettings *,unsigned int *,float *)" (?GetFormat7Configuration@Camera@FlyCapture2@@UAE?AVError@2@PAUFormat7ImageSettings@2@PAIPAM@Z)
     1>FlyCap2_MFCDoc.obj : error LNK2001: unresolved external symbol "public: virtual class FlyCapture2::Error __thiscall FlyCapture2::Camera::GetFormat7Info(struct FlyCapture2::Format7Info *,bool *)" (?GetFormat7Info@Camera@FlyCapture2@@UAE?AVError@2@PAUFormat7Info@2@PA_N@Z)
     1>FlyCap2_MFCDoc.obj : error LNK2001: unresolved external symbol "public: virtual class FlyCapture2::Error __thiscall FlyCapture2::Camera::GetGPIOPinDirection(unsigned int,unsigned int *)" (?GetGPIOPinDirection@Camera@FlyCapture2@@UAE?AVError@2@IPAI@Z)
     1>FlyCap2_MFCDoc.obj : error LNK2001: unresolved external symbol "public: virtual class FlyCapture2::Error __thiscall FlyCapture2::GigECamera::GetGPIOPinDirection(unsigned int,unsigned int *)" (?GetGPIOPinDirection@GigECamera@FlyCapture2@@UAE?AVError@2@IPAI@Z)
     1>FlyCap2_MFCDoc.obj : error LNK2001: unresolved external symbol "public: virtual class FlyCapture2::Error __thiscall FlyCapture2::GigECamera::GetGigEConfig(struct FlyCapture2::GigEConfig *)" (?GetGigEConfig@GigECamera@FlyCapture2@@UAE?AVError@2@PAUGigEConfig@2@@Z)
     1>FlyCap2_MFCDoc.obj : error LNK2001: unresolved external symbol "public: virtual class FlyCapture2::Error __thiscall FlyCapture2::GigECamera::GetGigEImageBinningSettings(unsigned int *,unsigned int *)" (?GetGigEImageBinningSettings@GigECamera@FlyCapture2@@UAE?AVError@2@PAI0@Z)
     1>FlyCap2_MFCDoc.obj : error LNK2001: unresolved external symbol "public: virtual class FlyCapture2::Error __thiscall FlyCapture2::GigECamera::GetGigEImageSettings(struct FlyCapture2::GigEImageSettings *)" (?GetGigEImageSettings@GigECamera@FlyCapture2@@UAE?AVError@2@PAUGigEImageSettings@2@@Z)
     1>FlyCap2_MFCDoc.obj : error LNK2001: unresolved external symbol "public: virtual class FlyCapture2::Error __thiscall FlyCapture2::GigECamera::GetGigEImageSettingsInfo(struct FlyCapture2::GigEImageSettingsInfo *)" (?GetGigEImageSettingsInfo@GigECamera@FlyCapture2@@UAE?AVError@2@PAUGigEImageSettingsInfo@2@@Z)
     1>FlyCap2_MFCDoc.obj : error LNK2001: unresolved external symbol "public: virtual class FlyCapture2::Error __thiscall FlyCapture2::GigECamera::GetGigEImagingMode(enum FlyCapture2::Mode *)" (?GetGigEImagingMode@GigECamera@FlyCapture2@@UAE?AVError@2@PAW4Mode@2@@Z)
     1>FlyCap2_MFCDoc.obj : error LNK2001: unresolved external symbol "public: virtual class FlyCapture2::Error __thiscall FlyCapture2::GigECamera::GetGigEProperty(struct FlyCapture2::GigEProperty *)" (?GetGigEProperty@GigECamera@FlyCapture2@@UAE?AVError@2@PAUGigEProperty@2@@Z)
     1>FlyCap2_MFCDoc.obj : error LNK2001: unresolved external symbol "public: virtual class FlyCapture2::Error __thiscall FlyCapture2::GigECamera::GetGigEStreamChannelInfo(unsigned int,struct FlyCapture2::GigEStreamChannel *)" (?GetGigEStreamChannelInfo@GigECamera@FlyCapture2@@UAE?AVError@2@IPAUGigEStreamChannel@2@@Z)
     1>FlyCap2_MFCDoc.obj : error LNK2001: unresolved external symbol "public: virtual class FlyCapture2::Error __thiscall FlyCapture2::Camera::GetLUTBankInfo(unsigned int,bool *,bool *)" (?GetLUTBankInfo@Camera@FlyCapture2@@UAE?AVError@2@IPA_N0@Z)
     1>FlyCap2_MFCDoc.obj : error LNK2001: unresolved external symbol "public: virtual class FlyCapture2::Error __thiscall FlyCapture2::GigECamera::GetLUTBankInfo(unsigned int,bool *,bool *)" (?GetLUTBankInfo@GigECamera@FlyCapture2@@UAE?AVError@2@IPA_N0@Z)
     1>FlyCap2_MFCDoc.obj : error LNK2001: unresolved external symbol "public: virtual class FlyCapture2::Error __thiscall FlyCapture2::Camera::GetLUTChannel(unsigned int,unsigned int,unsigned int,unsigned int *)" (?GetLUTChannel@Camera@FlyCapture2@@UAE?AVError@2@IIIPAI@Z)
     1>FlyCap2_MFCDoc.obj : error LNK2001: unresolved external symbol "public: virtual class FlyCapture2::Error __thiscall FlyCapture2::GigECamera::GetLUTChannel(unsigned int,unsigned int,unsigned int,unsigned int *)" (?GetLUTChannel@GigECamera@FlyCapture2@@UAE?AVError@2@IIIPAI@Z)
     1>FlyCap2_MFCDoc.obj : error LNK2001: unresolved external symbol "public: virtual class FlyCapture2::Error __thiscall FlyCapture2::Camera::GetLUTInfo(struct FlyCapture2::LUTData *)" (?GetLUTInfo@Camera@FlyCapture2@@UAE?AVError@2@PAULUTData@2@@Z)
     1>FlyCap2_MFCDoc.obj : error LNK2001: unresolved external symbol "public: virtual class FlyCapture2::Error __thiscall FlyCapture2::GigECamera::GetLUTInfo(struct FlyCapture2::LUTData *)" (?GetLUTInfo@GigECamera@FlyCapture2@@UAE?AVError@2@PAULUTData@2@@Z)
     1>FlyCap2_MFCDoc.obj : error LNK2001: unresolved external symbol "public: virtual class FlyCapture2::Error __thiscall FlyCapture2::Camera::GetMemoryChannel(unsigned int *)" (?GetMemoryChannel@Camera@FlyCapture2@@UAE?AVError@2@PAI@Z)
     1>FlyCap2_MFCDoc.obj : error LNK2001: unresolved external symbol "public: virtual class FlyCapture2::Error __thiscall FlyCapture2::GigECamera::GetMemoryChannel(unsigned int *)" (?GetMemoryChannel@GigECamera@FlyCapture2@@UAE?AVError@2@PAI@Z)
     1>FlyCap2_MFCDoc.obj : error LNK2001: unresolved external symbol "public: virtual class FlyCapture2::Error __thiscall FlyCapture2::Camera::GetMemoryChannelInfo(unsigned int *)" (?GetMemoryChannelInfo@Camera@FlyCapture2@@UAE?AVError@2@PAI@Z)
     1>FlyCap2_MFCDoc.obj : error LNK2001: unresolved external symbol "public: virtual class FlyCapture2::Error __thiscall FlyCapture2::GigECamera::GetMemoryChannelInfo(unsigned int *)" (?GetMemoryChannelInfo@GigECamera@FlyCapture2@@UAE?AVError@2@PAI@Z)
     1>FlyCap2_MFCDoc.obj : error LNK2001: unresolved external symbol "public: virtual class FlyCapture2::Error __thiscall FlyCapture2::GigECamera::GetNumStreamChannels(unsigned int *)" (?GetNumStreamChannels@GigECamera@FlyCapture2@@UAE?AVError@2@PAI@Z)
     1>FlyCap2_MFCDoc.obj : error LNK2001: unresolved external symbol "public: virtual class FlyCapture2::Error __thiscall FlyCapture2::Camera::GetProperty(struct FlyCapture2::Property *)" (?GetProperty@Camera@FlyCapture2@@UAE?AVError@2@PAUProperty@2@@Z)
     1>FlyCap2_MFCDoc.obj : error LNK2001: unresolved external symbol "public: virtual class FlyCapture2::Error __thiscall FlyCapture2::GigECamera::GetProperty(struct FlyCapture2::Property *)" (?GetProperty@GigECamera@FlyCapture2@@UAE?AVError@2@PAUProperty@2@@Z)
     1>FlyCap2_MFCDoc.obj : error LNK2001: unresolved external symbol "public: virtual class FlyCapture2::Error __thiscall FlyCapture2::Camera::GetPropertyInfo(struct FlyCapture2::PropertyInfo *)" (?GetPropertyInfo@Camera@FlyCapture2@@UAE?AVError@2@PAUPropertyInfo@2@@Z)
     1>FlyCap2_MFCDoc.obj : error LNK2001: unresolved external symbol "public: virtual class FlyCapture2::Error __thiscall FlyCapture2::GigECamera::GetPropertyInfo(struct FlyCapture2::PropertyInfo *)" (?GetPropertyInfo@GigECamera@FlyCapture2@@UAE?AVError@2@PAUPropertyInfo@2@@Z)
     1>FlyCap2_MFCDoc.obj : error LNK2001: unresolved external symbol "public: virtual class FlyCapture2::Error __thiscall FlyCapture2::Camera::GetStats(struct FlyCapture2::CameraStats *)" (?GetStats@Camera@FlyCapture2@@UAE?AVError@2@PAUCameraStats@2@@Z)
     1>FlyCap2_MFCDoc.obj : error LNK2001: unresolved external symbol "public: virtual class FlyCapture2::Error __thiscall FlyCapture2::GigECamera::GetStats(struct FlyCapture2::CameraStats *)" (?GetStats@GigECamera@FlyCapture2@@UAE?AVError@2@PAUCameraStats@2@@Z)
     1>FlyCap2_MFCDoc.obj : error LNK2001: unresolved external symbol "public: virtual class FlyCapture2::Error __thiscall FlyCapture2::Camera::GetStrobe(struct FlyCapture2::StrobeControl *)" (?GetStrobe@Camera@FlyCapture2@@UAE?AVError@2@PAUStrobeControl@2@@Z)
     1>FlyCap2_MFCDoc.obj : error LNK2001: unresolved external symbol "public: virtual class FlyCapture2::Error __thiscall FlyCapture2::GigECamera::GetStrobe(struct FlyCapture2::StrobeControl *)" (?GetStrobe@GigECamera@FlyCapture2@@UAE?AVError@2@PAUStrobeControl@2@@Z)
     1>FlyCap2_MFCDoc.obj : error LNK2001: unresolved external symbol "public: virtual class FlyCapture2::Error __thiscall FlyCapture2::Camera::GetStrobeInfo(struct FlyCapture2::StrobeInfo *)" (?GetStrobeInfo@Camera@FlyCapture2@@UAE?AVError@2@PAUStrobeInfo@2@@Z)
     1>FlyCap2_MFCDoc.obj : error LNK2001: unresolved external symbol "public: virtual class FlyCapture2::Error __thiscall FlyCapture2::GigECamera::GetStrobeInfo(struct FlyCapture2::StrobeInfo *)" (?GetStrobeInfo@GigECamera@FlyCapture2@@UAE?AVError@2@PAUStrobeInfo@2@@Z)
     1>FlyCap2_MFCDoc.obj : error LNK2001: unresolved external symbol "public: virtual class FlyCapture2::Error __thiscall FlyCapture2::Camera::GetTriggerDelay(struct FlyCapture2::Property *)" (?GetTriggerDelay@Camera@FlyCapture2@@UAE?AVError@2@PAUProperty@2@@Z)
     1>FlyCap2_MFCDoc.obj : error LNK2001: unresolved external symbol "public: virtual class FlyCapture2::Error __thiscall FlyCapture2::GigECamera::GetTriggerDelay(struct FlyCapture2::Property *)" (?GetTriggerDelay@GigECamera@FlyCapture2@@UAE?AVError@2@PAUProperty@2@@Z)
     1>FlyCap2_MFCDoc.obj : error LNK2001: unresolved external symbol "public: virtual class FlyCapture2::Error __thiscall FlyCapture2::Camera::GetTriggerDelayInfo(struct FlyCapture2::PropertyInfo *)" (?GetTriggerDelayInfo@Camera@FlyCapture2@@UAE?AVError@2@PAUPropertyInfo@2@@Z)
     1>FlyCap2_MFCDoc.obj : error LNK2001: unresolved external symbol "public: virtual class FlyCapture2::Error __thiscall FlyCapture2::GigECamera::GetTriggerDelayInfo(struct FlyCapture2::PropertyInfo *)" (?GetTriggerDelayInfo@GigECamera@FlyCapture2@@UAE?AVError@2@PAUPropertyInfo@2@@Z)
     1>FlyCap2_MFCDoc.obj : error LNK2001: unresolved external symbol "public: virtual class FlyCapture2::Error __thiscall FlyCapture2::Camera::GetTriggerMode(struct FlyCapture2::TriggerMode *)" (?GetTriggerMode@Camera@FlyCapture2@@UAE?AVError@2@PAUTriggerMode@2@@Z)
     1>FlyCap2_MFCDoc.obj : error LNK2001: unresolved external symbol "public: virtual class FlyCapture2::Error __thiscall FlyCapture2::GigECamera::GetTriggerMode(struct FlyCapture2::TriggerMode *)" (?GetTriggerMode@GigECamera@FlyCapture2@@UAE?AVError@2@PAUTriggerMode@2@@Z)
     1>FlyCap2_MFCDoc.obj : error LNK2001: unresolved external symbol "public: virtual class FlyCapture2::Error __thiscall FlyCapture2::Camera::GetTriggerModeInfo(struct FlyCapture2::TriggerModeInfo *)" (?GetTriggerModeInfo@Camera@FlyCapture2@@UAE?AVError@2@PAUTriggerModeInfo@2@@Z)
     1>FlyCap2_MFCDoc.obj : error LNK2001: unresolved external symbol "public: virtual class FlyCapture2::Error __thiscall FlyCapture2::GigECamera::GetTriggerModeInfo(struct FlyCapture2::TriggerModeInfo *)" (?GetTriggerModeInfo@GigECamera@FlyCapture2@@UAE?AVError@2@PAUTriggerModeInfo@2@@Z)
     1>FlyCap2_MFCDoc.obj : error LNK2001: unresolved external symbol "public: virtual class FlyCapture2::Error __thiscall FlyCapture2::Camera::GetVideoModeAndFrameRate(enum FlyCapture2::VideoMode *,enum FlyCapture2::FrameRate *)" (?GetVideoModeAndFrameRate@Camera@FlyCapture2@@UAE?AVError@2@PAW4VideoMode@2@PAW4FrameRate@2@@Z)
     1>FlyCap2_MFCDoc.obj : error LNK2001: unresolved external symbol "public: virtual class FlyCapture2::Error __thiscall FlyCapture2::Camera::GetVideoModeAndFrameRateInfo(enum FlyCapture2::VideoMode,enum FlyCapture2::FrameRate,bool *)" (?GetVideoModeAndFrameRateInfo@Camera@FlyCapture2@@UAE?AVError@2@W4VideoMode@2@W4FrameRate@2@PA_N@Z)
     1>FlyCap2_MFCDoc.obj : error LNK2001: unresolved external symbol "public: virtual bool __thiscall FlyCapture2::Camera::IsConnected(void)" (?IsConnected@Camera@FlyCapture2@@UAE_NXZ)
     1>FlyCap2_MFCDoc.obj : error LNK2001: unresolved external symbol "public: virtual bool __thiscall FlyCapture2::GigECamera::IsConnected(void)" (?IsConnected@GigECamera@FlyCapture2@@UAE_NXZ)
     1>FlyCap2_MFCDoc.obj : error LNK2001: unresolved external symbol "public: virtual class FlyCapture2::Error __thiscall FlyCapture2::GigECamera::QueryGigEImagingMode(enum FlyCapture2::Mode,bool *)" (?QueryGigEImagingMode@GigECamera@FlyCapture2@@UAE?AVError@2@W4Mode@2@PA_N@Z)
     1>FlyCap2_MFCDoc.obj : error LNK2001: unresolved external symbol "public: virtual class FlyCapture2::Error __thiscall FlyCapture2::GigECamera::ReadGVCPMemory(unsigned int,unsigned char *,unsigned int)" (?ReadGVCPMemory@GigECamera@FlyCapture2@@UAE?AVError@2@IPAEI@Z)
     1>FlyCap2_MFCDoc.obj : error LNK2001: unresolved external symbol "public: virtual class FlyCapture2::Error __thiscall FlyCapture2::GigECamera::ReadGVCPRegister(unsigned int,unsigned int *)" (?ReadGVCPRegister@GigECamera@FlyCapture2@@UAE?AVError@2@IPAI@Z)
     1>FlyCap2_MFCDoc.obj : error LNK2001: unresolved external symbol "public: virtual class FlyCapture2::Error __thiscall FlyCapture2::GigECamera::ReadGVCPRegisterBlock(unsigned int,unsigned int *,unsigned int)" (?ReadGVCPRegisterBlock@GigECamera@FlyCapture2@@UAE?AVError@2@IPAII@Z)
     1>FlyCap2_MFCDoc.obj : error LNK2001: unresolved external symbol "public: virtual class FlyCapture2::Error __thiscall FlyCapture2::Camera::ReadRegister(unsigned int,unsigned int *)" (?ReadRegister@Camera@FlyCapture2@@UAE?AVError@2@IPAI@Z)
     1>FlyCap2_MFCDoc.obj : error LNK2001: unresolved external symbol "public: virtual class FlyCapture2::Error __thiscall FlyCapture2::GigECamera::ReadRegister(unsigned int,unsigned int *)" (?ReadRegister@GigECamera@FlyCapture2@@UAE?AVError@2@IPAI@Z)
     1>FlyCap2_MFCDoc.obj : error LNK2001: unresolved external symbol "public: virtual class FlyCapture2::Error __thiscall FlyCapture2::Camera::ReadRegisterBlock(unsigned short,unsigned int,unsigned int *,unsigned int)" (?ReadRegisterBlock@Camera@FlyCapture2@@UAE?AVError@2@GIPAII@Z)
     1>FlyCap2_MFCDoc.obj : error LNK2001: unresolved external symbol "public: virtual class FlyCapture2::Error __thiscall FlyCapture2::GigECamera::ReadRegisterBlock(unsigned short,unsigned int,unsigned int *,unsigned int)" (?ReadRegisterBlock@GigECamera@FlyCapture2@@UAE?AVError@2@GIPAII@Z)
     1>FlyCap2_MFCDoc.obj : error LNK2001: unresolved external symbol "public: virtual class FlyCapture2::Error __thiscall FlyCapture2::Camera::ResetStats(void)" (?ResetStats@Camera@FlyCapture2@@UAE?AVError@2@XZ)
     1>FlyCap2_MFCDoc.obj : error LNK2001: unresolved external symbol "public: virtual class FlyCapture2::Error __thiscall FlyCapture2::GigECamera::ResetStats(void)" (?ResetStats@GigECamera@FlyCapture2@@UAE?AVError@2@XZ)
     1>FlyCap2_MFCDoc.obj : error LNK2001: unresolved external symbol "public: virtual class FlyCapture2::Error __thiscall FlyCapture2::Camera::RestoreFromMemoryChannel(unsigned int)" (?RestoreFromMemoryChannel@Camera@FlyCapture2@@UAE?AVError@2@I@Z)
     1>FlyCap2_MFCDoc.obj : error LNK2001: unresolved external symbol "public: virtual class FlyCapture2::Error __thiscall FlyCapture2::GigECamera::RestoreFromMemoryChannel(unsigned int)" (?RestoreFromMemoryChannel@GigECamera@FlyCapture2@@UAE?AVError@2@I@Z)
     1>FlyCap2_MFCDoc.obj : error LNK2001: unresolved external symbol "public: virtual class FlyCapture2::Error __thiscall FlyCapture2::Camera::RetrieveBuffer(class FlyCapture2::Image *)" (?RetrieveBuffer@Camera@FlyCapture2@@UAE?AVError@2@PAVImage@2@@Z)
     1>FlyCap2_MFCDoc.obj : error LNK2001: unresolved external symbol "public: virtual class FlyCapture2::Error __thiscall FlyCapture2::GigECamera::RetrieveBuffer(class FlyCapture2::Image *)" (?RetrieveBuffer@GigECamera@FlyCapture2@@UAE?AVError@2@PAVImage@2@@Z)
     1>FlyCap2_MFCDoc.obj : error LNK2001: unresolved external symbol "public: virtual class FlyCapture2::Error __thiscall FlyCapture2::Camera::SaveToMemoryChannel(unsigned int)" (?SaveToMemoryChannel@Camera@FlyCapture2@@UAE?AVError@2@I@Z)
     1>FlyCap2_MFCDoc.obj : error LNK2001: unresolved external symbol "public: virtual class FlyCapture2::Error __thiscall FlyCapture2::GigECamera::SaveToMemoryChannel(unsigned int)" (?SaveToMemoryChannel@GigECamera@FlyCapture2@@UAE?AVError@2@I@Z)
     1>FlyCap2_MFCDoc.obj : error LNK2001: unresolved external symbol "public: virtual class FlyCapture2::Error __thiscall FlyCapture2::Camera::SetActiveLUTBank(unsigned int)" (?SetActiveLUTBank@Camera@FlyCapture2@@UAE?AVError@2@I@Z)
     1>FlyCap2_MFCDoc.obj : error LNK2001: unresolved external symbol "public: virtual class FlyCapture2::Error __thiscall FlyCapture2::GigECamera::SetActiveLUTBank(unsigned int)" (?SetActiveLUTBank@GigECamera@FlyCapture2@@UAE?AVError@2@I@Z)
     1>FlyCap2_MFCDoc.obj : error LNK2001: unresolved external symbol "public: virtual class FlyCapture2::Error __thiscall FlyCapture2::Camera::SetCallback(void (__cdecl*)(class FlyCapture2::Image *,void const *),void const *)" (?SetCallback@Camera@FlyCapture2@@UAE?AVError@2@P6AXPAVImage@2@PBX@Z1@Z)
     1>FlyCap2_MFCDoc.obj : error LNK2001: unresolved external symbol "public: virtual class FlyCapture2::Error __thiscall FlyCapture2::GigECamera::SetCallback(void (__cdecl*)(class FlyCapture2::Image *,void const *),void const *)" (?SetCallback@GigECamera@FlyCapture2@@UAE?AVError@2@P6AXPAVImage@2@PBX@Z1@Z)
     1>FlyCap2_MFCDoc.obj : error LNK2001: unresolved external symbol "public: virtual class FlyCapture2::Error __thiscall FlyCapture2::Camera::SetConfiguration(struct FlyCapture2::FC2Config const *)" (?SetConfiguration@Camera@FlyCapture2@@UAE?AVError@2@PBUFC2Config@2@@Z)
     1>FlyCap2_MFCDoc.obj : error LNK2001: unresolved external symbol "public: virtual class FlyCapture2::Error __thiscall FlyCapture2::GigECamera::SetConfiguration(struct FlyCapture2::FC2Config const *)" (?SetConfiguration@GigECamera@FlyCapture2@@UAE?AVError@2@PBUFC2Config@2@@Z)
     1>FlyCap2_MFCDoc.obj : error LNK2001: unresolved external symbol "public: virtual class FlyCapture2::Error __thiscall FlyCapture2::Camera::SetEmbeddedImageInfo(struct FlyCapture2::EmbeddedImageInfo *)" (?SetEmbeddedImageInfo@Camera@FlyCapture2@@UAE?AVError@2@PAUEmbeddedImageInfo@2@@Z)
     1>FlyCap2_MFCDoc.obj : error LNK2001: unresolved external symbol "public: virtual class FlyCapture2::Error __thiscall FlyCapture2::GigECamera::SetEmbeddedImageInfo(struct FlyCapture2::EmbeddedImageInfo *)" (?SetEmbeddedImageInfo@GigECamera@FlyCapture2@@UAE?AVError@2@PAUEmbeddedImageInfo@2@@Z)
     1>FlyCap2_MFCDoc.obj : error LNK2001: unresolved external symbol "public: virtual class FlyCapture2::Error __thiscall FlyCapture2::Camera::SetFormat7Configuration(struct FlyCapture2::Format7ImageSettings const *,unsigned int)" (?SetFormat7Configuration@Camera@FlyCapture2@@UAE?AVError@2@PBUFormat7ImageSettings@2@I@Z)
     1>FlyCap2_MFCDoc.obj : error LNK2001: unresolved external symbol "public: virtual class FlyCapture2::Error __thiscall FlyCapture2::Camera::SetFormat7Configuration(struct FlyCapture2::Format7ImageSettings const *,float)" (?SetFormat7Configuration@Camera@FlyCapture2@@UAE?AVError@2@PBUFormat7ImageSettings@2@M@Z)
     1>FlyCap2_MFCDoc.obj : error LNK2001: unresolved external symbol "public: virtual class FlyCapture2::Error __thiscall FlyCapture2::Camera::SetGPIOPinDirection(unsigned int,unsigned int,bool)" (?SetGPIOPinDirection@Camera@FlyCapture2@@UAE?AVError@2@II_N@Z)
     1>FlyCap2_MFCDoc.obj : error LNK2001: unresolved external symbol "public: virtual class FlyCapture2::Error __thiscall FlyCapture2::GigECamera::SetGPIOPinDirection(unsigned int,unsigned int,bool)" (?SetGPIOPinDirection@GigECamera@FlyCapture2@@UAE?AVError@2@II_N@Z)
     1>FlyCap2_MFCDoc.obj : error LNK2001: unresolved external symbol "public: virtual class FlyCapture2::Error __thiscall FlyCapture2::GigECamera::SetGigEConfig(struct FlyCapture2::GigEConfig const *)" (?SetGigEConfig@GigECamera@FlyCapture2@@UAE?AVError@2@PBUGigEConfig@2@@Z)
     1>FlyCap2_MFCDoc.obj : error LNK2001: unresolved external symbol "public: virtual class FlyCapture2::Error __thiscall FlyCapture2::GigECamera::SetGigEImageBinningSettings(unsigned int,unsigned int)" (?SetGigEImageBinningSettings@GigECamera@FlyCapture2@@UAE?AVError@2@II@Z)
     1>FlyCap2_MFCDoc.obj : error LNK2001: unresolved external symbol "public: virtual class FlyCapture2::Error __thiscall FlyCapture2::GigECamera::SetGigEImageSettings(struct FlyCapture2::GigEImageSettings const *)" (?SetGigEImageSettings@GigECamera@FlyCapture2@@UAE?AVError@2@PBUGigEImageSettings@2@@Z)
     1>FlyCap2_MFCDoc.obj : error LNK2001: unresolved external symbol "public: virtual class FlyCapture2::Error __thiscall FlyCapture2::GigECamera::SetGigEImagingMode(enum FlyCapture2::Mode)" (?SetGigEImagingMode@GigECamera@FlyCapture2@@UAE?AVError@2@W4Mode@2@@Z)
     1>FlyCap2_MFCDoc.obj : error LNK2001: unresolved external symbol "public: virtual class FlyCapture2::Error __thiscall FlyCapture2::GigECamera::SetGigEProperty(struct FlyCapture2::GigEProperty const *)" (?SetGigEProperty@GigECamera@FlyCapture2@@UAE?AVError@2@PBUGigEProperty@2@@Z)
     1>FlyCap2_MFCDoc.obj : error LNK2001: unresolved external symbol "public: virtual class FlyCapture2::Error __thiscall FlyCapture2::GigECamera::SetGigEStreamChannelInfo(unsigned int,struct FlyCapture2::GigEStreamChannel *)" (?SetGigEStreamChannelInfo@GigECamera@FlyCapture2@@UAE?AVError@2@IPAUGigEStreamChannel@2@@Z)
     1>FlyCap2_MFCDoc.obj : error LNK2001: unresolved external symbol "public: virtual class FlyCapture2::Error __thiscall FlyCapture2::Camera::SetLUTChannel(unsigned int,unsigned int,unsigned int,unsigned int const *)" (?SetLUTChannel@Camera@FlyCapture2@@UAE?AVError@2@IIIPBI@Z)
     1>FlyCap2_MFCDoc.obj : error LNK2001: unresolved external symbol "public: virtual class FlyCapture2::Error __thiscall FlyCapture2::GigECamera::SetLUTChannel(unsigned int,unsigned int,unsigned int,unsigned int const *)" (?SetLUTChannel@GigECamera@FlyCapture2@@UAE?AVError@2@IIIPBI@Z)
     1>FlyCap2_MFCDoc.obj : error LNK2001: unresolved external symbol "public: virtual class FlyCapture2::Error __thiscall FlyCapture2::Camera::SetProperty(struct FlyCapture2::Property const *,bool)" (?SetProperty@Camera@FlyCapture2@@UAE?AVError@2@PBUProperty@2@_N@Z)
     1>FlyCap2_MFCDoc.obj : error LNK2001: unresolved external symbol "public: virtual class FlyCapture2::Error __thiscall FlyCapture2::GigECamera::SetProperty(struct FlyCapture2::Property const *,bool)" (?SetProperty@GigECamera@FlyCapture2@@UAE?AVError@2@PBUProperty@2@_N@Z)
     1>FlyCap2_MFCDoc.obj : error LNK2001: unresolved external symbol "public: virtual class FlyCapture2::Error __thiscall FlyCapture2::Camera::SetStrobe(struct FlyCapture2::StrobeControl const *,bool)" (?SetStrobe@Camera@FlyCapture2@@UAE?AVError@2@PBUStrobeControl@2@_N@Z)
     1>FlyCap2_MFCDoc.obj : error LNK2001: unresolved external symbol "public: virtual class FlyCapture2::Error __thiscall FlyCapture2::GigECamera::SetStrobe(struct FlyCapture2::StrobeControl const *,bool)" (?SetStrobe@GigECamera@FlyCapture2@@UAE?AVError@2@PBUStrobeControl@2@_N@Z)
     1>FlyCap2_MFCDoc.obj : error LNK2001: unresolved external symbol "public: virtual class FlyCapture2::Error __thiscall FlyCapture2::Camera::SetTriggerDelay(struct FlyCapture2::Property const *,bool)" (?SetTriggerDelay@Camera@FlyCapture2@@UAE?AVError@2@PBUProperty@2@_N@Z)
     1>FlyCap2_MFCDoc.obj : error LNK2001: unresolved external symbol "public: virtual class FlyCapture2::Error __thiscall FlyCapture2::GigECamera::SetTriggerDelay(struct FlyCapture2::Property const *,bool)" (?SetTriggerDelay@GigECamera@FlyCapture2@@UAE?AVError@2@PBUProperty@2@_N@Z)
     1>FlyCap2_MFCDoc.obj : error LNK2001: unresolved external symbol "public: virtual class FlyCapture2::Error __thiscall FlyCapture2::Camera::SetTriggerMode(struct FlyCapture2::TriggerMode const *,bool)" (?SetTriggerMode@Camera@FlyCapture2@@UAE?AVError@2@PBUTriggerMode@2@_N@Z)
     1>FlyCap2_MFCDoc.obj : error LNK2001: unresolved external symbol "public: virtual class FlyCapture2::Error __thiscall FlyCapture2::GigECamera::SetTriggerMode(struct FlyCapture2::TriggerMode const *,bool)" (?SetTriggerMode@GigECamera@FlyCapture2@@UAE?AVError@2@PBUTriggerMode@2@_N@Z)
     1>FlyCap2_MFCDoc.obj : error LNK2001: unresolved external symbol "public: virtual class FlyCapture2::Error __thiscall FlyCapture2::Camera::SetUserBuffers(unsigned char * const,int,int)" (?SetUserBuffers@Camera@FlyCapture2@@UAE?AVError@2@QAEHH@Z)
     1>FlyCap2_MFCDoc.obj : error LNK2001: unresolved external symbol "public: virtual class FlyCapture2::Error __thiscall FlyCapture2::GigECamera::SetUserBuffers(unsigned char * const,int,int)" (?SetUserBuffers@GigECamera@FlyCapture2@@UAE?AVError@2@QAEHH@Z)
     1>FlyCap2_MFCDoc.obj : error LNK2001: unresolved external symbol "public: virtual class FlyCapture2::Error __thiscall FlyCapture2::Camera::SetVideoModeAndFrameRate(enum FlyCapture2::VideoMode,enum FlyCapture2::FrameRate)" (?SetVideoModeAndFrameRate@Camera@FlyCapture2@@UAE?AVError@2@W4VideoMode@2@W4FrameRate@2@@Z)
     1>FlyCap2_MFCDoc.obj : error LNK2001: unresolved external symbol "public: virtual class FlyCapture2::Error __thiscall FlyCapture2::Camera::StartCapture(void (__cdecl*)(class FlyCapture2::Image *,void const *),void const *)" (?StartCapture@Camera@FlyCapture2@@UAE?AVError@2@P6AXPAVImage@2@PBX@Z1@Z)
     1>FlyCap2_MFCDoc.obj : error LNK2001: unresolved external symbol "public: virtual class FlyCapture2::Error __thiscall FlyCapture2::GigECamera::StartCapture(void (__cdecl*)(class FlyCapture2::Image *,void const *),void const *)" (?StartCapture@GigECamera@FlyCapture2@@UAE?AVError@2@P6AXPAVImage@2@PBX@Z1@Z)
     1>FlyCap2_MFCDoc.obj : error LNK2001: unresolved external symbol "public: virtual class FlyCapture2::Error __thiscall FlyCapture2::Camera::StopCapture(void)" (?StopCapture@Camera@FlyCapture2@@UAE?AVError@2@XZ)
     1>FlyCap2_MFCDoc.obj : error LNK2001: unresolved external symbol "public: virtual class FlyCapture2::Error __thiscall FlyCapture2::GigECamera::StopCapture(void)" (?StopCapture@GigECamera@FlyCapture2@@UAE?AVError@2@XZ)
     1>FlyCap2_MFCDoc.obj : error LNK2001: unresolved external symbol "public: virtual class FlyCapture2::Error __thiscall FlyCapture2::Camera::ValidateFormat7Settings(struct FlyCapture2::Format7ImageSettings const *,bool *,struct FlyCapture2::Format7PacketInfo *)" (?ValidateFormat7Settings@Camera@FlyCapture2@@UAE?AVError@2@PBUFormat7ImageSettings@2@PA_NPAUFormat7PacketInfo@2@@Z)
     1>FlyCap2_MFCDoc.obj : error LNK2001: unresolved external symbol "public: virtual class FlyCapture2::Error __thiscall FlyCapture2::Camera::WaitForBufferEvent(class FlyCapture2::Image *,unsigned int)" (?WaitForBufferEvent@Camera@FlyCapture2@@UAE?AVError@2@PAVImage@2@I@Z)
     1>FlyCap2_MFCDoc.obj : error LNK2001: unresolved external symbol "public: virtual class FlyCapture2::Error __thiscall FlyCapture2::GigECamera::WaitForBufferEvent(class FlyCapture2::Image *,unsigned int)" (?WaitForBufferEvent@GigECamera@FlyCapture2@@UAE?AVError@2@PAVImage@2@I@Z)
     1>FlyCap2_MFCDoc.obj : error LNK2001: unresolved external symbol "public: virtual class FlyCapture2::Error __thiscall FlyCapture2::GigECamera::WriteGVCPMemory(unsigned int,unsigned char const *,unsigned int)" (?WriteGVCPMemory@GigECamera@FlyCapture2@@UAE?AVError@2@IPBEI@Z)
     1>FlyCap2_MFCDoc.obj : error LNK2001: unresolved external symbol "public: virtual class FlyCapture2::Error __thiscall FlyCapture2::GigECamera::WriteGVCPRegister(unsigned int,unsigned int,bool)" (?WriteGVCPRegister@GigECamera@FlyCapture2@@UAE?AVError@2@II_N@Z)
     1>FlyCap2_MFCDoc.obj : error LNK2001: unresolved external symbol "public: virtual class FlyCapture2::Error __thiscall FlyCapture2::GigECamera::WriteGVCPRegisterBlock(unsigned int,unsigned int const *,unsigned int)" (?WriteGVCPRegisterBlock@GigECamera@FlyCapture2@@UAE?AVError@2@IPBII@Z)
     1>FlyCap2_MFCDoc.obj : error LNK2001: unresolved external symbol "public: virtual class FlyCapture2::Error __thiscall FlyCapture2::Camera::WriteRegister(unsigned int,unsigned int,bool)" (?WriteRegister@Camera@FlyCapture2@@UAE?AVError@2@II_N@Z)
     1>FlyCap2_MFCDoc.obj : error LNK2001: unresolved external symbol "public: virtual class FlyCapture2::Error __thiscall FlyCapture2::GigECamera::WriteRegister(unsigned int,unsigned int,bool)" (?WriteRegister@GigECamera@FlyCapture2@@UAE?AVError@2@II_N@Z)
     1>FlyCap2_MFCDoc.obj : error LNK2001: unresolved external symbol "public: virtual class FlyCapture2::Error __thiscall FlyCapture2::Camera::WriteRegisterBlock(unsigned short,unsigned int,unsigned int const *,unsigned int)" (?WriteRegisterBlock@Camera@FlyCapture2@@UAE?AVError@2@GIPBII@Z)
     1>FlyCap2_MFCDoc.obj : error LNK2001: unresolved external symbol "public: virtual class FlyCapture2::Error __thiscall FlyCapture2::GigECamera::WriteRegisterBlock(unsigned short,unsigned int,unsigned int const *,unsigned int)" (?WriteRegisterBlock@GigECamera@FlyCapture2@@UAE?AVError@2@GIPBII@Z)
     1>FlyCap2_MFCView.obj : error LNK2019: unresolved external symbol "__declspec(dllimport) public: virtual unsigned int __thiscall FlyCapture2::Image::GetBitsPerPixel(void)const " (__imp_?GetBitsPerPixel@Image@FlyCapture2@@UBEIXZ) referenced in function "protected: void __thiscall CFlyCap2_MFCView::DrawOGLImage(int,int,unsigned char const *)" (?DrawOGLImage@CFlyCap2_MFCView@@IAEXHHPBE@Z)
     1>HistogramDialog.obj : error LNK2019: unresolved external symbol "__declspec(dllimport) public: __thiscall FlyCapture2::ImageStatistics::ImageStatistics(void)" (__imp_??0ImageStatistics@FlyCapture2@@QAE@XZ) referenced in function "public: __thiscall HistogramDialog::HistogramDialog(class CWnd *)" (??0HistogramDialog@@QAE@PAVCWnd@@@Z)
     1>HistogramPage.obj : error LNK2001: unresolved external symbol "__declspec(dllimport) public: __thiscall FlyCapture2::ImageStatistics::ImageStatistics(void)" (__imp_??0ImageStatistics@FlyCapture2@@QAE@XZ)
     1>HistogramDialog.obj : error LNK2019: unresolved external symbol "__declspec(dllimport) public: virtual __thiscall FlyCapture2::ImageStatistics::~ImageStatistics(void)" (__imp_??1ImageStatistics@FlyCapture2@@UAE@XZ) referenced in function __unwindfunclet$??0HistogramDialog@@QAE@PAVCWnd@@@Z$4
     1>HistogramPage.obj : error LNK2001: unresolved external symbol "__declspec(dllimport) public: virtual __thiscall FlyCapture2::ImageStatistics::~ImageStatistics(void)" (__imp_??1ImageStatistics@FlyCapture2@@UAE@XZ)
     1>HistogramDrawingArea.obj : error LNK2019: unresolved external symbol "__declspec(dllimport) public: class FlyCapture2::Error __thiscall FlyCapture2::ImageStatistics::GetNumPixelValues(enum FlyCapture2::ImageStatistics::StatisticsChannel,unsigned int *)const " (__imp_?GetNumPixelValues@ImageStatistics@FlyCapture2@@QBE?AVError@2@W4StatisticsChannel@12@PAI@Z) referenced in function "private: void __thiscall HistogramDrawingArea::DrawHistogramGridLabels(struct tagRECT const *)" (?DrawHistogramGridLabels@HistogramDrawingArea@@AAEXPBUtagRECT@@@Z)
     1>HistogramDrawingArea.obj : error LNK2019: unresolved external symbol "__declspec(dllimport) public: class FlyCapture2::Error __thiscall FlyCapture2::ImageStatistics::GetStatistics(enum FlyCapture2::ImageStatistics::StatisticsChannel,unsigned int *,unsigned int *,unsigned int *,unsigned int *,unsigned int *,float *,int * *)const " (__imp_?GetStatistics@ImageStatistics@FlyCapture2@@QBE?AVError@2@W4StatisticsChannel@12@PAI1111PAMPAPAH@Z) referenced in function "private: void __thiscall HistogramDrawingArea::DrawSingleHistogramLine(struct tagRECT const *,enum FlyCapture2::ImageStatistics::StatisticsChannel)" (?DrawSingleHistogramLine@HistogramDrawingArea@@AAEXPBUtagRECT@@W4StatisticsChannel@ImageStatistics@FlyCapture2@@@Z)
     1>HistogramPage.obj : error LNK2001: unresolved external symbol "__declspec(dllimport) public: class FlyCapture2::Error __thiscall FlyCapture2::ImageStatistics::GetStatistics(enum FlyCapture2::ImageStatistics::StatisticsChannel,unsigned int *,unsigned int *,unsigned int *,unsigned int *,unsigned int *,float *,int * *)const " (__imp_?GetStatistics@ImageStatistics@FlyCapture2@@QBE?AVError@2@W4StatisticsChannel@12@PAI1111PAMPAPAH@Z)
     1>HistogramPage.obj : error LNK2019: unresolved external symbol "__declspec(dllimport) public: class FlyCapture2::Error __thiscall FlyCapture2::ImageStatistics::DisableAll(void)" (__imp_?DisableAll@ImageStatistics@FlyCapture2@@QAE?AVError@2@XZ) referenced in function "public: void __thiscall HistogramPage::CleanCheckStatus(void)" (?CleanCheckStatus@HistogramPage@@QAEXXZ)
     1>HistogramPage.obj : error LNK2019: unresolved external symbol "__declspec(dllimport) public: class FlyCapture2::Error __thiscall FlyCapture2::ImageStatistics::GetChannelStatus(enum FlyCapture2::ImageStatistics::StatisticsChannel,bool *)const " (__imp_?GetChannelStatus@ImageStatistics@FlyCapture2@@QBE?AVError@2@W4StatisticsChannel@12@PA_N@Z) referenced in function "protected: void __thiscall HistogramPage::UpdateSingleChannel(enum FlyCapture2::ImageStatistics::StatisticsChannel)" (?UpdateSingleChannel@HistogramPage@@IAEXW4StatisticsChannel@ImageStatistics@FlyCapture2@@@Z)
     1>HistogramPage.obj : error LNK2019: unresolved external symbol "__declspec(dllimport) public: class FlyCapture2::Error __thiscall FlyCapture2::ImageStatistics::SetChannelStatus(enum FlyCapture2::ImageStatistics::StatisticsChannel,bool)" (__imp_?SetChannelStatus@ImageStatistics@FlyCapture2@@QAE?AVError@2@W4StatisticsChannel@12@_N@Z) referenced in function "public: void __thiscall HistogramPage::OnChannelCheckStateChanged(struct tagNMHDR *,long *)" (?OnChannelCheckStateChanged@HistogramPage@@QAEXPAUtagNMHDR@@PAJ@Z)
     1>RecordingDialog.obj : error LNK2019: unresolved external symbol "__declspec(dllimport) public: __thiscall FlyCapture2::AVIRecorder::AVIRecorder(void)" (__imp_??0AVIRecorder@FlyCapture2@@QAE@XZ) referenced in function "protected: unsigned int __thiscall RecordingDialog::ThreadSaveFrameHelper(void)" (?ThreadSaveFrameHelper@RecordingDialog@@IAEIXZ)
     1>RecordingDialog.obj : error LNK2019: unresolved external symbol "__declspec(dllimport) public: virtual __thiscall FlyCapture2::AVIRecorder::~AVIRecorder(void)" (__imp_??1AVIRecorder@FlyCapture2@@UAE@XZ) referenced in function "protected: unsigned int __thiscall RecordingDialog::ThreadSaveFrameHelper(void)" (?ThreadSaveFrameHelper@RecordingDialog@@IAEIXZ)
     1>RecordingDialog.obj : error LNK2019: unresolved external symbol "__declspec(dllimport) public: virtual class FlyCapture2::Error __thiscall FlyCapture2::AVIRecorder::AVIOpen(char const *,struct FlyCapture2::AVIOption *)" (__imp_?AVIOpen@AVIRecorder@FlyCapture2@@UAE?AVError@2@PBDPAUAVIOption@2@@Z) referenced in function "protected: unsigned int __thiscall RecordingDialog::ThreadSaveFrameHelper(void)" (?ThreadSaveFrameHelper@RecordingDialog@@IAEIXZ)
     1>RecordingDialog.obj : error LNK2019: unresolved external symbol "__declspec(dllimport) public: virtual class FlyCapture2::Error __thiscall FlyCapture2::AVIRecorder::AVIOpen(char const *,struct FlyCapture2::MJPGOption *)" (__imp_?AVIOpen@AVIRecorder@FlyCapture2@@UAE?AVError@2@PBDPAUMJPGOption@2@@Z) referenced in function "protected: unsigned int __thiscall RecordingDialog::ThreadSaveFrameHelper(void)" (?ThreadSaveFrameHelper@RecordingDialog@@IAEIXZ)
     1>RecordingDialog.obj : error LNK2019: unresolved external symbol "__declspec(dllimport) public: virtual class FlyCapture2::Error __thiscall FlyCapture2::AVIRecorder::AVIOpen(char const *,struct FlyCapture2::H264Option *)" (__imp_?AVIOpen@AVIRecorder@FlyCapture2@@UAE?AVError@2@PBDPAUH264Option@2@@Z) referenced in function "protected: unsigned int __thiscall RecordingDialog::ThreadSaveFrameHelper(void)" (?ThreadSaveFrameHelper@RecordingDialog@@IAEIXZ)
     1>RecordingDialog.obj : error LNK2019: unresolved external symbol "__declspec(dllimport) public: virtual class FlyCapture2::Error __thiscall FlyCapture2::AVIRecorder::AVIClose(void)" (__imp_?AVIClose@AVIRecorder@FlyCapture2@@UAE?AVError@2@XZ) referenced in function "protected: unsigned int __thiscall RecordingDialog::ThreadSaveFrameHelper(void)" (?ThreadSaveFrameHelper@RecordingDialog@@IAEIXZ)
     1>RecordingDialog.obj : error LNK2001: unresolved external symbol "public: virtual class FlyCapture2::Image & __thiscall FlyCapture2::Image::operator=(class FlyCapture2::Image const &)" (??4Image@FlyCapture2@@UAEAAV01@ABV01@@Z)
     1>RecordingDialog.obj : error LNK2001: unresolved external symbol "public: virtual unsigned char * __thiscall FlyCapture2::Image::operator[](unsigned int)" (??AImage@FlyCapture2@@UAEPAEI@Z)
     1>RecordingDialog.obj : error LNK2001: unresolved external symbol "public: virtual unsigned char * __thiscall FlyCapture2::Image::operator()(unsigned int,unsigned int)" (??RImage@FlyCapture2@@UAEPAEII@Z)
     1>RecordingDialog.obj : error LNK2001: unresolved external symbol "public: virtual class FlyCapture2::Error __thiscall FlyCapture2::Image::CalculateStatistics(class FlyCapture2::ImageStatistics *)" (?CalculateStatistics@Image@FlyCapture2@@UAE?AVError@2@PAVImageStatistics@2@@Z)
     1>RecordingDialog.obj : error LNK2001: unresolved external symbol "public: virtual class FlyCapture2::Error __thiscall FlyCapture2::Image::Convert(class FlyCapture2::Image *)const " (?Convert@Image@FlyCapture2@@UBE?AVError@2@PAV12@@Z)
     1>RecordingDialog.obj : error LNK2001: unresolved external symbol "public: virtual class FlyCapture2::Error __thiscall FlyCapture2::Image::Convert(enum FlyCapture2::PixelFormat,class FlyCapture2::Image *)const " (?Convert@Image@FlyCapture2@@UBE?AVError@2@W4PixelFormat@2@PAV12@@Z)
     1>RecordingDialog.obj : error LNK2001: unresolved external symbol "public: virtual class FlyCapture2::Error __thiscall FlyCapture2::Image::DeepCopy(class FlyCapture2::Image const *)" (?DeepCopy@Image@FlyCapture2@@UAE?AVError@2@PBV12@@Z)
     1>RecordingDialog.obj : error LNK2001: unresolved external symbol "public: virtual enum FlyCapture2::BayerTileFormat __thiscall FlyCapture2::Image::GetBayerTileFormat(void)const " (?GetBayerTileFormat@Image@FlyCapture2@@UBE?AW4BayerTileFormat@2@XZ)
     1>RecordingDialog.obj : error LNK2001: unresolved external symbol "public: virtual unsigned int __thiscall FlyCapture2::Image::GetBitsPerPixel(void)const " (?GetBitsPerPixel@Image@FlyCapture2@@UBEIXZ)
     1>RecordingDialog.obj : error LNK2001: unresolved external symbol "public: virtual unsigned int __thiscall FlyCapture2::Image::GetBlockId(void)" (?GetBlockId@Image@FlyCapture2@@UAEIXZ)
     1>RecordingDialog.obj : error LNK2001: unresolved external symbol "public: virtual enum FlyCapture2::ColorProcessingAlgorithm __thiscall FlyCapture2::Image::GetColorProcessing(void)const " (?GetColorProcessing@Image@FlyCapture2@@UBE?AW4ColorProcessingAlgorithm@2@XZ)
     1>RecordingDialog.obj : error LNK2001: unresolved external symbol "public: virtual unsigned int __thiscall FlyCapture2::Image::GetCols(void)const " (?GetCols@Image@FlyCapture2@@UBEIXZ)
     1>RecordingDialog.obj : error LNK2001: unresolved external symbol "public: virtual unsigned char * __thiscall FlyCapture2::Image::GetData(void)" (?GetData@Image@FlyCapture2@@UAEPAEXZ)
     1>RecordingDialog.obj : error LNK2001: unresolved external symbol "public: virtual unsigned char * __thiscall FlyCapture2::Image::GetData(void)const " (?GetData@Image@FlyCapture2@@UBEQAEXZ)
     1>RecordingDialog.obj : error LNK2001: unresolved external symbol "public: virtual unsigned int __thiscall FlyCapture2::Image::GetDataSize(void)const " (?GetDataSize@Image@FlyCapture2@@UBEIXZ)
     1>RecordingDialog.obj : error LNK2001: unresolved external symbol "public: virtual void __thiscall FlyCapture2::Image::GetDimensions(unsigned int *,unsigned int *,unsigned int *,enum FlyCapture2::PixelFormat *,enum FlyCapture2::BayerTileFormat *)const " (?GetDimensions@Image@FlyCapture2@@UBEXPAI00PAW4PixelFormat@2@PAW4BayerTileFormat@2@@Z)
     1>RecordingDialog.obj : error LNK2001: unresolved external symbol "public: virtual struct FlyCapture2::ImageMetadata __thiscall FlyCapture2::Image::GetMetadata(void)const " (?GetMetadata@Image@FlyCapture2@@UBE?AUImageMetadata@2@XZ)
     1>RecordingDialog.obj : error LNK2001: unresolved external symbol "public: virtual enum FlyCapture2::PixelFormat __thiscall FlyCapture2::Image::GetPixelFormat(void)const " (?GetPixelFormat@Image@FlyCapture2@@UBE?AW4PixelFormat@2@XZ)
     1>RecordingDialog.obj : error LNK2001: unresolved external symbol "public: virtual unsigned int __thiscall FlyCapture2::Image::GetReceivedDataSize(void)const " (?GetReceivedDataSize@Image@FlyCapture2@@UBEIXZ)
     1>RecordingDialog.obj : error LNK2001: unresolved external symbol "public: virtual unsigned int __thiscall FlyCapture2::Image::GetRows(void)const " (?GetRows@Image@FlyCapture2@@UBEIXZ)
     1>RecordingDialog.obj : error LNK2001: unresolved external symbol "public: virtual unsigned int __thiscall FlyCapture2::Image::GetStride(void)const " (?GetStride@Image@FlyCapture2@@UBEIXZ)
     1>RecordingDialog.obj : error LNK2001: unresolved external symbol "public: virtual struct FlyCapture2::TimeStamp __thiscall FlyCapture2::Image::GetTimeStamp(void)const " (?GetTimeStamp@Image@FlyCapture2@@UBE?AUTimeStamp@2@XZ)
     1>RecordingDialog.obj : error LNK2001: unresolved external symbol "public: virtual class FlyCapture2::Error __thiscall FlyCapture2::Image::ReleaseBuffer(void)" (?ReleaseBuffer@Image@FlyCapture2@@UAE?AVError@2@XZ)
     1>RecordingDialog.obj : error LNK2001: unresolved external symbol "public: virtual class FlyCapture2::Error __thiscall FlyCapture2::Image::Save(char const *,struct FlyCapture2::BMPOption *)" (?Save@Image@FlyCapture2@@UAE?AVError@2@PBDPAUBMPOption@2@@Z)
     1>RecordingDialog.obj : error LNK2001: unresolved external symbol "public: virtual class FlyCapture2::Error __thiscall FlyCapture2::Image::Save(char const *,struct FlyCapture2::JPEGOption *)" (?Save@Image@FlyCapture2@@UAE?AVError@2@PBDPAUJPEGOption@2@@Z)
     1>RecordingDialog.obj : error LNK2001: unresolved external symbol "public: virtual class FlyCapture2::Error __thiscall FlyCapture2::Image::Save(char const *,struct FlyCapture2::JPG2Option *)" (?Save@Image@FlyCapture2@@UAE?AVError@2@PBDPAUJPG2Option@2@@Z)
     1>RecordingDialog.obj : error LNK2001: unresolved external symbol "public: virtual class FlyCapture2::Error __thiscall FlyCapture2::Image::Save(char const *,struct FlyCapture2::PGMOption *)" (?Save@Image@FlyCapture2@@UAE?AVError@2@PBDPAUPGMOption@2@@Z)
     1>RecordingDialog.obj : error LNK2001: unresolved external symbol "public: virtual class FlyCapture2::Error __thiscall FlyCapture2::Image::Save(char const *,struct FlyCapture2::PNGOption *)" (?Save@Image@FlyCapture2@@UAE?AVError@2@PBDPAUPNGOption@2@@Z)
     1>RecordingDialog.obj : error LNK2001: unresolved external symbol "public: virtual class FlyCapture2::Error __thiscall FlyCapture2::Image::Save(char const *,struct FlyCapture2::PPMOption *)" (?Save@Image@FlyCapture2@@UAE?AVError@2@PBDPAUPPMOption@2@@Z)
     1>RecordingDialog.obj : error LNK2001: unresolved external symbol "public: virtual class FlyCapture2::Error __thiscall FlyCapture2::Image::Save(char const *,struct FlyCapture2::TIFFOption *)" (?Save@Image@FlyCapture2@@UAE?AVError@2@PBDPAUTIFFOption@2@@Z)
     1>RecordingDialog.obj : error LNK2001: unresolved external symbol "public: virtual class FlyCapture2::Error __thiscall FlyCapture2::Image::Save(char const *,enum FlyCapture2::ImageFileFormat)" (?Save@Image@FlyCapture2@@UAE?AVError@2@PBDW4ImageFileFormat@2@@Z)
     1>RecordingDialog.obj : error LNK2001: unresolved external symbol "public: virtual class FlyCapture2::Error __thiscall FlyCapture2::Image::SetBlockId(unsigned int)" (?SetBlockId@Image@FlyCapture2@@UAE?AVError@2@I@Z)
     1>RecordingDialog.obj : error LNK2001: unresolved external symbol "public: virtual class FlyCapture2::Error __thiscall FlyCapture2::Image::SetColorProcessing(enum FlyCapture2::ColorProcessingAlgorithm)" (?SetColorProcessing@Image@FlyCapture2@@UAE?AVError@2@W4ColorProcessingAlgorithm@2@@Z)
     1>RecordingDialog.obj : error LNK2001: unresolved external symbol "public: virtual class FlyCapture2::Error __thiscall FlyCapture2::Image::SetData(unsigned char const *,unsigned int)" (?SetData@Image@FlyCapture2@@UAE?AVError@2@PBEI@Z)
     1>RecordingDialog.obj : error LNK2001: unresolved external symbol "public: virtual class FlyCapture2::Error __thiscall FlyCapture2::Image::SetDimensions(unsigned int,unsigned int,unsigned int,enum FlyCapture2::PixelFormat,enum FlyCapture2::BayerTileFormat)" (?SetDimensions@Image@FlyCapture2@@UAE?AVError@2@IIIW4PixelFormat@2@W4BayerTileFormat@2@@Z)
     1>..\..\bin\FlyCap2d.exe : fatal error LNK1120: 218 unresolved externals
     1>Done Building Project "E:\ramelard\Projects\PointGrey\FlyCap2\FlyCap2.vcxproj" (Rebuild target(s)) -- FAILED.

Build FAILED.

Time Elapsed 00:00:05.08
