C:\PROGRAM FILES\POINT GREY RESEARCH\FLYCAPTURE2\SRC\FLYCAP2\X64\RELEASE\FLYCAP2.PCH
C:\PROGRAM FILES\POINT GREY RESEARCH\FLYCAPTURE2\SRC\FLYCAP2\X64\RELEASE\STDAFX.OBJ
C:\PROGRAM FILES\POINT GREY RESEARCH\FLYCAPTURE2\SRC\FLYCAP2\X64\RELEASE\VC110.PDB
C:\PROGRAM FILES\POINT GREY RESEARCH\FLYCAPTURE2\SRC\FLYCAP2\X64\RELEASE\RECEIVEDFRAMERATECOUNTER.OBJ
C:\PROGRAM FILES\POINT GREY RESEARCH\FLYCAPTURE2\SRC\FLYCAP2\X64\RELEASE\MAINFRM.OBJ
C:\PROGRAM FILES\POINT GREY RESEARCH\FLYCAPTURE2\SRC\FLYCAP2\X64\RELEASE\LICENSEDIALOG.OBJ
C:\PROGRAM FILES\POINT GREY RESEARCH\FLYCAPTURE2\SRC\FLYCAP2\X64\RELEASE\INFORMATIONPANE.OBJ
C:\PROGRAM FILES\POINT GREY RESEARCH\FLYCAPTURE2\SRC\FLYCAP2\X64\RELEASE\IMAGERECORDINGTIFFPANE.OBJ
C:\PROGRAM FILES\POINT GREY RESEARCH\FLYCAPTURE2\SRC\FLYCAP2\X64\RELEASE\IMAGERECORDINGPXMPANE.OBJ
C:\PROGRAM FILES\POINT GREY RESEARCH\FLYCAPTURE2\SRC\FLYCAP2\X64\RELEASE\IMAGERECORDINGPNGPANE.OBJ
C:\PROGRAM FILES\POINT GREY RESEARCH\FLYCAPTURE2\SRC\FLYCAP2\X64\RELEASE\IMAGERECORDINGPAGE.OBJ
C:\PROGRAM FILES\POINT GREY RESEARCH\FLYCAPTURE2\SRC\FLYCAP2\X64\RELEASE\IMAGERECORDINGJPGPANE.OBJ
C:\PROGRAM FILES\POINT GREY RESEARCH\FLYCAPTURE2\SRC\FLYCAP2\X64\RELEASE\IMAGERECORDINGJPG2KPANE.OBJ
C:\PROGRAM FILES\POINT GREY RESEARCH\FLYCAPTURE2\SRC\FLYCAP2\X64\RELEASE\IMAGERECORDINGBMPPANE.OBJ
C:\PROGRAM FILES\POINT GREY RESEARCH\FLYCAPTURE2\SRC\FLYCAP2\X64\RELEASE\HISTOGRAMPAGE.OBJ
C:\PROGRAM FILES\POINT GREY RESEARCH\FLYCAPTURE2\SRC\FLYCAP2\X64\RELEASE\HISTOGRAMDRAWINGAREA.OBJ
C:\PROGRAM FILES\POINT GREY RESEARCH\FLYCAPTURE2\SRC\FLYCAP2\X64\RELEASE\HISTOGRAMDIALOG.OBJ
C:\PROGRAM FILES\POINT GREY RESEARCH\FLYCAPTURE2\SRC\FLYCAP2\X64\RELEASE\FRAMERATECOUNTER.OBJ
C:\PROGRAM FILES\POINT GREY RESEARCH\FLYCAPTURE2\SRC\FLYCAP2\X64\RELEASE\FLYCAP2_MFCVIEW.OBJ
C:\PROGRAM FILES\POINT GREY RESEARCH\FLYCAPTURE2\SRC\FLYCAP2\X64\RELEASE\FLYCAP2_MFCDOC.OBJ
C:\PROGRAM FILES\POINT GREY RESEARCH\FLYCAPTURE2\SRC\FLYCAP2\X64\RELEASE\FLYCAP2_MFC.OBJ
C:\PROGRAM FILES\POINT GREY RESEARCH\FLYCAPTURE2\SRC\FLYCAP2\X64\RELEASE\EVENTSTATDIALOG.OBJ
C:\PROGRAM FILES\POINT GREY RESEARCH\FLYCAPTURE2\SRC\FLYCAP2\X64\RELEASE\ABOUTDIALOG.OBJ
C:\PROGRAM FILES\POINT GREY RESEARCH\FLYCAPTURE2\SRC\FLYCAP2\X64\RELEASE\VIDEORECORDINGPAGE.OBJ
C:\PROGRAM FILES\POINT GREY RESEARCH\FLYCAPTURE2\SRC\FLYCAP2\X64\RELEASE\VIDEORECORDINGMJPEGPANE.OBJ
C:\PROGRAM FILES\POINT GREY RESEARCH\FLYCAPTURE2\SRC\FLYCAP2\X64\RELEASE\VIDEORECORDINGH264PANE.OBJ
C:\PROGRAM FILES\POINT GREY RESEARCH\FLYCAPTURE2\SRC\FLYCAP2\X64\RELEASE\TREECTRLX.OBJ
C:\PROGRAM FILES\POINT GREY RESEARCH\FLYCAPTURE2\SRC\FLYCAP2\X64\RELEASE\SAVEIMAGEFILEDIALOG.OBJ
C:\PROGRAM FILES\POINT GREY RESEARCH\FLYCAPTURE2\SRC\FLYCAP2\X64\RELEASE\ROWCOLPLOTPAGE.OBJ
C:\PROGRAM FILES\POINT GREY RESEARCH\FLYCAPTURE2\SRC\FLYCAP2\X64\RELEASE\RECORDINGDIALOGCOMMON.OBJ
C:\PROGRAM FILES\POINT GREY RESEARCH\FLYCAPTURE2\SRC\FLYCAP2\X64\RELEASE\RECORDINGDIALOG.OBJ
C:\PROGRAM FILES\POINT GREY RESEARCH\FLYCAPTURE2\BIN64\FLYCAP2.EXE
C:\PROGRAM FILES\POINT GREY RESEARCH\FLYCAPTURE2\BIN64\FLYCAP2.PDB
C:\PROGRAM FILES\POINT GREY RESEARCH\FLYCAPTURE2\SRC\FLYCAP2\X64\RELEASE\FLYCAP2_MFC.RES
C:\Program Files\Point Grey Research\FlyCapture2\src\FlyCap2\x64\Release\AboutDialog.obj
C:\Program Files\Point Grey Research\FlyCapture2\src\FlyCap2\x64\Release\EventStatDialog.obj
C:\Program Files\Point Grey Research\FlyCapture2\src\FlyCap2\x64\Release\FlyCap2_MFC.obj
C:\Program Files\Point Grey Research\FlyCapture2\src\FlyCap2\x64\Release\FlyCap2_MFCDoc.obj
C:\Program Files\Point Grey Research\FlyCapture2\src\FlyCap2\x64\Release\FlyCap2_MFCView.obj
C:\Program Files\Point Grey Research\FlyCapture2\src\FlyCap2\x64\Release\FrameRateCounter.obj
C:\Program Files\Point Grey Research\FlyCapture2\src\FlyCap2\x64\Release\HistogramDialog.obj
C:\Program Files\Point Grey Research\FlyCapture2\src\FlyCap2\x64\Release\HistogramDrawingArea.obj
C:\Program Files\Point Grey Research\FlyCapture2\src\FlyCap2\x64\Release\HistogramPage.obj
C:\Program Files\Point Grey Research\FlyCapture2\src\FlyCap2\x64\Release\ImageRecordingBMPPane.obj
C:\Program Files\Point Grey Research\FlyCapture2\src\FlyCap2\x64\Release\ImageRecordingJPG2KPane.obj
C:\Program Files\Point Grey Research\FlyCapture2\src\FlyCap2\x64\Release\ImageRecordingJPGPane.obj
C:\Program Files\Point Grey Research\FlyCapture2\src\FlyCap2\x64\Release\ImageRecordingPage.obj
C:\Program Files\Point Grey Research\FlyCapture2\src\FlyCap2\x64\Release\ImageRecordingPNGPane.obj
C:\Program Files\Point Grey Research\FlyCapture2\src\FlyCap2\x64\Release\ImageRecordingPXMPane.obj
C:\Program Files\Point Grey Research\FlyCapture2\src\FlyCap2\x64\Release\ImageRecordingTIFFPane.obj
C:\Program Files\Point Grey Research\FlyCapture2\src\FlyCap2\x64\Release\InformationPane.obj
C:\Program Files\Point Grey Research\FlyCapture2\src\FlyCap2\x64\Release\LicenseDialog.obj
C:\Program Files\Point Grey Research\FlyCapture2\src\FlyCap2\x64\Release\MainFrm.obj
C:\Program Files\Point Grey Research\FlyCapture2\src\FlyCap2\x64\Release\ReceivedFrameRateCounter.obj
C:\Program Files\Point Grey Research\FlyCapture2\src\FlyCap2\x64\Release\RecordingDialog.obj
C:\Program Files\Point Grey Research\FlyCapture2\src\FlyCap2\x64\Release\RecordingDialogCommon.obj
C:\Program Files\Point Grey Research\FlyCapture2\src\FlyCap2\x64\Release\RowColPlotPage.obj
C:\Program Files\Point Grey Research\FlyCapture2\src\FlyCap2\x64\Release\SaveImageFileDialog.obj
C:\Program Files\Point Grey Research\FlyCapture2\src\FlyCap2\x64\Release\stdafx.obj
C:\Program Files\Point Grey Research\FlyCapture2\src\FlyCap2\x64\Release\TreeCtrlX.obj
C:\Program Files\Point Grey Research\FlyCapture2\src\FlyCap2\x64\Release\VideoRecordingH264Pane.obj
C:\Program Files\Point Grey Research\FlyCapture2\src\FlyCap2\x64\Release\VideoRecordingMJPEGPane.obj
C:\Program Files\Point Grey Research\FlyCapture2\src\FlyCap2\x64\Release\VideoRecordingPage.obj
C:\Program Files\Point Grey Research\FlyCapture2\src\FlyCap2\x64\Release\cl.command.1.tlog
C:\Program Files\Point Grey Research\FlyCapture2\src\FlyCap2\x64\Release\CL.read.1.tlog
C:\Program Files\Point Grey Research\FlyCapture2\src\FlyCap2\x64\Release\CL.write.1.tlog
C:\Program Files\Point Grey Research\FlyCapture2\src\FlyCap2\x64\Release\link-cvtres.read.1.tlog
C:\Program Files\Point Grey Research\FlyCapture2\src\FlyCap2\x64\Release\link-cvtres.write.1.tlog
C:\Program Files\Point Grey Research\FlyCapture2\src\FlyCap2\x64\Release\link-mt.read.1.tlog
C:\Program Files\Point Grey Research\FlyCapture2\src\FlyCap2\x64\Release\link-mt.write.1.tlog
C:\Program Files\Point Grey Research\FlyCapture2\src\FlyCap2\x64\Release\link-rc.read.1.tlog
C:\Program Files\Point Grey Research\FlyCapture2\src\FlyCap2\x64\Release\link-rc.write.1.tlog
C:\Program Files\Point Grey Research\FlyCapture2\src\FlyCap2\x64\Release\link.command.1.tlog
C:\Program Files\Point Grey Research\FlyCapture2\src\FlyCap2\x64\Release\link.read.1.tlog
C:\Program Files\Point Grey Research\FlyCapture2\src\FlyCap2\x64\Release\link.write.1.tlog
C:\Program Files\Point Grey Research\FlyCapture2\src\FlyCap2\x64\Release\rc.command.1.tlog
C:\Program Files\Point Grey Research\FlyCapture2\src\FlyCap2\x64\Release\rc.read.1.tlog
C:\Program Files\Point Grey Research\FlyCapture2\src\FlyCap2\x64\Release\rc.write.1.tlog
C:\Program Files\Point Grey Research\FlyCapture2\src\FlyCap2\x64\Release\FlyCap2_MFC.res
C:\Program Files\Point Grey Research\FlyCapture2\src\FlyCap2\x64\Release\FlyCap2.pch
C:\Program Files\Point Grey Research\FlyCapture2\src\FlyCap2\x64\Release\vc110.pdb
C:\Program Files\Point Grey Research\FlyCapture2\src\FlyCap2\..\..\bin64\FlyCap2.exe
