Build started 2014-09-08 2:18:05 PM.
     1>Project "C:\Program Files\Point Grey Research\FlyCapture2\src\FlyCap2\FlyCap2.vcxproj" on node 2 (Rebuild target(s)).
     1>ClCompile:
         C:\Program Files (x86)\Microsoft Visual Studio 11.0\VC\bin\x86_amd64\CL.exe /c /I..\..\include /I..\..\include /Zi /nologo /W3 /WX- /O2 /GL /D WIN32 /D _WINDOWS /D NDEBUG /D _MBCS /D _AFXDLL /Gm- /EHsc /MD /GS /fp:precise /Zc:wchar_t /Zc:forScope /Yc"stdafx.h" /Fp"x64\Release\FlyCap2.pch" /Fo"x64\Release\\" /Fd"x64\Release\vc110.pdb" /Gd /TP /wd4099 /errorReport:prompt stdafx.cpp
         stdafx.cpp
         C:\Program Files (x86)\Microsoft Visual Studio 11.0\VC\bin\x86_amd64\CL.exe /c /I..\..\include /I..\..\include /Zi /nologo /W3 /WX- /O2 /GL /D WIN32 /D _WINDOWS /D NDEBUG /D _MBCS /D _AFXDLL /Gm- /EHsc /MD /GS /fp:precise /Zc:wchar_t /Zc:forScope /Yu"stdafx.h" /Fp"x64\Release\FlyCap2.pch" /Fo"x64\Release\\" /Fd"x64\Release\vc110.pdb" /Gd /TP /wd4099 /errorReport:prompt AboutDialog.cpp EventStatDialog.cpp FlyCap2_MFC.cpp FlyCap2_MFCDoc.cpp FlyCap2_MFCView.cpp FrameRateCounter.cpp HistogramDialog.cpp HistogramDrawingArea.cpp HistogramPage.cpp ImageRecordingPage.cpp InformationPane.cpp LicenseDialog.cpp MainFrm.cpp ReceivedFrameRateCounter.cpp RecordingDialog.cpp RowColPlotPage.cpp TreeCtrlX.cpp VideoRecordingPage.cpp
         AboutDialog.cpp
         EventStatDialog.cpp
         FlyCap2_MFC.cpp
         FlyCap2_MFCDoc.cpp
     1>FlyCap2_MFCDoc.cpp(955): warning C4101: 'saveImageFormat' : unreferenced local variable
     1>FlyCap2_MFCDoc.cpp(1242): warning C4800: 'BOOL' : forcing value to bool 'true' or 'false' (performance warning)
         FlyCap2_MFCView.cpp
     1>FlyCap2_MFCView.cpp(155): warning C4305: 'argument' : truncation from 'double' to 'float'
     1>FlyCap2_MFCView.cpp(1228): warning C4244: 'initializing' : conversion from 'const double' to 'const float', possible loss of data
         FrameRateCounter.cpp
         HistogramDialog.cpp
         HistogramDrawingArea.cpp
         HistogramPage.cpp
         ImageRecordingPage.cpp
         InformationPane.cpp
         LicenseDialog.cpp
         MainFrm.cpp
         ReceivedFrameRateCounter.cpp
         RecordingDialog.cpp
     1>RecordingDialog.cpp(264): warning C4101: 'e' : unreferenced local variable
         RowColPlotPage.cpp
         TreeCtrlX.cpp
         VideoRecordingPage.cpp
       ResourceCompile:
         C:\Program Files (x86)\Windows Kits\8.0\bin\x86\rc.exe /D NDEBUG /D _AFXDLL /l"0x0409" /Ix64\Release\ /nologo /fo"x64\Release\FlyCap2_MFC.res" FlyCap2_MFC.rc 
       Link:
         C:\Program Files (x86)\Microsoft Visual Studio 11.0\VC\bin\x86_amd64\link.exe /ERRORREPORT:PROMPT /OUT:"..\..\bin64\FlyCap2.exe" /INCREMENTAL:NO /NOLOGO /LIBPATH:..\..\lib64 /LIBPATH:..\..\lib64 Winmm.lib opengl32.lib glu32.lib psapi.lib FlyCapture2GUI.lib FlyCapture2.lib /MANIFEST /MANIFESTUAC:"level='asInvoker' uiAccess='false'" /manifest:embed /manifestinput:"C:\Program Files (x86)\Microsoft Visual Studio 11.0\VC\Include\Manifest\dpiaware.manifest" /DEBUG /PDB:"..\..\bin64\FlyCap2.pdb" /SUBSYSTEM:WINDOWS /OPT:REF /OPT:ICF /LTCG /TLBID:1 /DYNAMICBASE /NXCOMPAT /IMPLIB:"..\..\bin64\FlyCap2.lib" /MACHINE:X64 x64\Release\FlyCap2_MFC.res
         x64\Release\AboutDialog.obj
         x64\Release\EventStatDialog.obj
         x64\Release\FlyCap2_MFC.obj
         x64\Release\FlyCap2_MFCDoc.obj
         x64\Release\FlyCap2_MFCView.obj
         x64\Release\FrameRateCounter.obj
         x64\Release\HistogramDialog.obj
         x64\Release\HistogramDrawingArea.obj
         x64\Release\HistogramPage.obj
         x64\Release\ImageRecordingPage.obj
         x64\Release\InformationPane.obj
         x64\Release\LicenseDialog.obj
         x64\Release\MainFrm.obj
         x64\Release\ReceivedFrameRateCounter.obj
         x64\Release\RecordingDialog.obj
         x64\Release\RowColPlotPage.obj
         x64\Release\stdafx.obj
         x64\Release\TreeCtrlX.obj
         x64\Release\VideoRecordingPage.obj
         Generating code
         Finished generating code
         FlyCap2.vcxproj -> C:\Program Files\Point Grey Research\FlyCapture2\src\FlyCap2\..\..\bin64\FlyCap2.exe
     1>Done Building Project "C:\Program Files\Point Grey Research\FlyCapture2\src\FlyCap2\FlyCap2.vcxproj" (Rebuild target(s)).

Build succeeded.

Time Elapsed 00:00:04.97
