E:\RAMELARD\PROJECTS\POINTGREY\FLYCAP2\X64\RELEASE\FLYCAP2.PCH
E:\RAMELARD\PROJECTS\POINTGREY\FLYCAP2\X64\RELEASE\STDAFX.OBJ
E:\RAMELARD\PROJECTS\POINTGREY\FLYCAP2\X64\RELEASE\VC110.PDB
E:\RAMELARD\PROJECTS\POINTGREY\FLYCAP2\X64\RELEASE\VIDEORECORDINGPAGE.OBJ
E:\RAMELARD\PROJECTS\POINTGREY\FLYCAP2\X64\RELEASE\TREECTRLX.OBJ
E:\RAMELARD\PROJECTS\POINTGREY\FLYCAP2\X64\RELEASE\SERIALCOMMUNICATOR.OBJ
E:\RAMELARD\PROJECTS\POINTGREY\FLYCAP2\X64\RELEASE\ROWCOLPLOTPAGE.OBJ
E:\RAMELARD\PROJECTS\POINTGREY\FLYCAP2\X64\RELEASE\RECORDINGDIALOG.OBJ
E:\RAMELARD\PROJECTS\POINTGREY\FLYCAP2\X64\RELEASE\RECEIVEDFRAMERATECOUNTER.OBJ
E:\RAMELARD\PROJECTS\POINTGREY\FLYCAP2\X64\RELEASE\MAINFRM.OBJ
E:\RAMELARD\PROJECTS\POINTGREY\FLYCAP2\X64\RELEASE\LICENSEDIALOG.OBJ
E:\RAMELARD\PROJECTS\POINTGREY\FLYCAP2\X64\RELEASE\INFORMATIONPANE.OBJ
E:\RAMELARD\PROJECTS\POINTGREY\FLYCAP2\X64\RELEASE\IMAGERECORDINGPAGE.OBJ
E:\RAMELARD\PROJECTS\POINTGREY\FLYCAP2\X64\RELEASE\HISTOGRAMPAGE.OBJ
E:\RAMELARD\PROJECTS\POINTGREY\FLYCAP2\X64\RELEASE\HISTOGRAMDRAWINGAREA.OBJ
E:\RAMELARD\PROJECTS\POINTGREY\FLYCAP2\X64\RELEASE\HISTOGRAMDIALOG.OBJ
E:\RAMELARD\PROJECTS\POINTGREY\FLYCAP2\X64\RELEASE\FRAMERATECOUNTER.OBJ
E:\RAMELARD\PROJECTS\POINTGREY\FLYCAP2\X64\RELEASE\FLYCAP2_MFCVIEW.OBJ
E:\RAMELARD\PROJECTS\POINTGREY\FLYCAP2\X64\RELEASE\FLYCAP2_MFCDOC.OBJ
E:\RAMELARD\PROJECTS\POINTGREY\FLYCAP2\X64\RELEASE\FLYCAP2_MFC.OBJ
E:\RAMELARD\PROJECTS\POINTGREY\FLYCAP2\X64\RELEASE\EVENTSTATDIALOG.OBJ
E:\RAMELARD\PROJECTS\POINTGREY\FLYCAP2\X64\RELEASE\ABOUTDIALOG.OBJ
E:\RAMELARD\PROJECTS\POINTGREY\FLYCAP2\BIN64\FLYCAP2.EXE
E:\RAMELARD\PROJECTS\POINTGREY\FLYCAP2\BIN64\FLYCAP2.PDB
E:\RAMELARD\PROJECTS\POINTGREY\FLYCAP2\X64\RELEASE\FLYCAP2_MFC.RES
E:\ramelard\Projects\PointGrey\FlyCap2\x64\Release\AboutDialog.obj
E:\ramelard\Projects\PointGrey\FlyCap2\x64\Release\EventStatDialog.obj
E:\ramelard\Projects\PointGrey\FlyCap2\x64\Release\FlyCap2_MFC.obj
E:\ramelard\Projects\PointGrey\FlyCap2\x64\Release\FlyCap2_MFCDoc.obj
E:\ramelard\Projects\PointGrey\FlyCap2\x64\Release\FlyCap2_MFCView.obj
E:\ramelard\Projects\PointGrey\FlyCap2\x64\Release\FrameRateCounter.obj
E:\ramelard\Projects\PointGrey\FlyCap2\x64\Release\HistogramDialog.obj
E:\ramelard\Projects\PointGrey\FlyCap2\x64\Release\HistogramDrawingArea.obj
E:\ramelard\Projects\PointGrey\FlyCap2\x64\Release\HistogramPage.obj
E:\ramelard\Projects\PointGrey\FlyCap2\x64\Release\ImageRecordingPage.obj
E:\ramelard\Projects\PointGrey\FlyCap2\x64\Release\InformationPane.obj
E:\ramelard\Projects\PointGrey\FlyCap2\x64\Release\LicenseDialog.obj
E:\ramelard\Projects\PointGrey\FlyCap2\x64\Release\MainFrm.obj
E:\ramelard\Projects\PointGrey\FlyCap2\x64\Release\ReceivedFrameRateCounter.obj
E:\ramelard\Projects\PointGrey\FlyCap2\x64\Release\RecordingDialog.obj
E:\ramelard\Projects\PointGrey\FlyCap2\x64\Release\RowColPlotPage.obj
E:\ramelard\Projects\PointGrey\FlyCap2\x64\Release\SerialCommunicator.obj
E:\ramelard\Projects\PointGrey\FlyCap2\x64\Release\stdafx.obj
E:\ramelard\Projects\PointGrey\FlyCap2\x64\Release\TreeCtrlX.obj
E:\ramelard\Projects\PointGrey\FlyCap2\x64\Release\VideoRecordingPage.obj
E:\ramelard\Projects\PointGrey\FlyCap2\x64\Release\cl.command.1.tlog
E:\ramelard\Projects\PointGrey\FlyCap2\x64\Release\CL.read.1.tlog
E:\ramelard\Projects\PointGrey\FlyCap2\x64\Release\CL.write.1.tlog
E:\ramelard\Projects\PointGrey\FlyCap2\x64\Release\link-cvtres.read.1.tlog
E:\ramelard\Projects\PointGrey\FlyCap2\x64\Release\link-cvtres.write.1.tlog
E:\ramelard\Projects\PointGrey\FlyCap2\x64\Release\link-mt.read.1.tlog
E:\ramelard\Projects\PointGrey\FlyCap2\x64\Release\link-mt.write.1.tlog
E:\ramelard\Projects\PointGrey\FlyCap2\x64\Release\link-rc.read.1.tlog
E:\ramelard\Projects\PointGrey\FlyCap2\x64\Release\link-rc.write.1.tlog
E:\ramelard\Projects\PointGrey\FlyCap2\x64\Release\link.command.1.tlog
E:\ramelard\Projects\PointGrey\FlyCap2\x64\Release\link.read.1.tlog
E:\ramelard\Projects\PointGrey\FlyCap2\x64\Release\link.write.1.tlog
E:\ramelard\Projects\PointGrey\FlyCap2\x64\Release\rc.command.1.tlog
E:\ramelard\Projects\PointGrey\FlyCap2\x64\Release\rc.read.1.tlog
E:\ramelard\Projects\PointGrey\FlyCap2\x64\Release\rc.write.1.tlog
E:\ramelard\Projects\PointGrey\FlyCap2\x64\Release\FlyCap2_MFC.res
E:\ramelard\Projects\PointGrey\FlyCap2\x64\Release\FlyCap2.pch
E:\ramelard\Projects\PointGrey\FlyCap2\x64\Release\vc110.pdb
E:\ramelard\Projects\PointGrey\FlyCap2\bin64\FlyCap2.exe
