Build started 2014-09-08 2:14:15 PM.
     1>Project "E:\ramelard\Projects\PointGrey\FlyCap2\FlyCap2.vcxproj" on node 2 (Rebuild target(s)).
     1>ClCompile:
         C:\Program Files (x86)\Microsoft Visual Studio 11.0\VC\bin\CL.exe /c /I"C:\Program Files\Point Grey Research\FlyCapture2\include" /Zi /nologo /W3 /WX- /O2 /Oy- /GL /D WIN32 /D _WINDOWS /D NDEBUG /D _MBCS /D _AFXDLL /Gm- /EHsc /MD /GS /fp:precise /Zc:wchar_t /Zc:forScope /Yc"stdafx.h" /Fp"Release\FlyCap2.pch" /Fo"Release\\" /Fd"Release\vc110.pdb" /Gd /TP /analyze- /errorReport:prompt stdafx.cpp
         stdafx.cpp
         C:\Program Files (x86)\Microsoft Visual Studio 11.0\VC\bin\CL.exe /c /I"C:\Program Files\Point Grey Research\FlyCapture2\include" /Zi /nologo /W3 /WX- /O2 /Oy- /GL /D WIN32 /D _WINDOWS /D NDEBUG /D _MBCS /D _AFXDLL /Gm- /EHsc /MD /GS /fp:precise /Zc:wchar_t /Zc:forScope /Yu"stdafx.h" /Fp"Release\FlyCap2.pch" /Fo"Release\\" /Fd"Release\vc110.pdb" /Gd /TP /analyze- /errorReport:prompt AboutDialog.cpp EventStatDialog.cpp FlyCap2_MFC.cpp FlyCap2_MFCDoc.cpp FlyCap2_MFCView.cpp FrameRateCounter.cpp HistogramDialog.cpp HistogramDrawingArea.cpp HistogramPage.cpp ImageRecordingPage.cpp InformationPane.cpp LicenseDialog.cpp MainFrm.cpp ReceivedFrameRateCounter.cpp RecordingDialog.cpp RowColPlotPage.cpp TreeCtrlX.cpp VideoRecordingPage.cpp
         AboutDialog.cpp
         EventStatDialog.cpp
         FlyCap2_MFC.cpp
         FlyCap2_MFCDoc.cpp
     1>FlyCap2_MFCDoc.cpp(955): warning C4101: 'saveImageFormat' : unreferenced local variable
     1>FlyCap2_MFCDoc.cpp(1242): warning C4800: 'BOOL' : forcing value to bool 'true' or 'false' (performance warning)
         FlyCap2_MFCView.cpp
     1>FlyCap2_MFCView.cpp(155): warning C4305: 'argument' : truncation from 'double' to 'float'
     1>FlyCap2_MFCView.cpp(1228): warning C4244: 'initializing' : conversion from 'const double' to 'const float', possible loss of data
         FrameRateCounter.cpp
         HistogramDialog.cpp
         HistogramDrawingArea.cpp
         HistogramPage.cpp
         ImageRecordingPage.cpp
         InformationPane.cpp
         LicenseDialog.cpp
         MainFrm.cpp
         ReceivedFrameRateCounter.cpp
         RecordingDialog.cpp
     1>RecordingDialog.cpp(218): warning C4305: 'initializing' : truncation from 'double' to 'const float'
     1>RecordingDialog.cpp(264): warning C4101: 'e' : unreferenced local variable
         RowColPlotPage.cpp
         TreeCtrlX.cpp
         VideoRecordingPage.cpp
       ResourceCompile:
         C:\Program Files (x86)\Windows Kits\8.0\bin\x86\rc.exe /D NDEBUG /D _AFXDLL /l"0x0409" /IRelease\ /nologo /fo"Release\FlyCap2_MFC.res" FlyCap2_MFC.rc 
       Link:
         C:\Program Files (x86)\Microsoft Visual Studio 11.0\VC\bin\link.exe /ERRORREPORT:PROMPT /OUT:"..\..\bin\FlyCap2.exe" /INCREMENTAL:NO /NOLOGO /LIBPATH:"C:\Program Files\Point Grey Research\FlyCapture2\lib64" Winmm.lib opengl32.lib glu32.lib psapi.lib /MANIFEST /MANIFESTUAC:"level='asInvoker' uiAccess='false'" /manifest:embed /manifestinput:"C:\Program Files (x86)\Microsoft Visual Studio 11.0\VC\Include\Manifest\dpiaware.manifest" /DEBUG /PDB:"..\..\bin\FlyCap2.pdb" /ASSEMBLYDEBUG /SUBSYSTEM:WINDOWS /OPT:REF /OPT:ICF /LTCG /TLBID:1 /DYNAMICBASE /NXCOMPAT /IMPLIB:"..\..\bin\FlyCap2.lib" /MACHINE:X86 /SAFESEH Release\FlyCap2_MFC.res
         Release\AboutDialog.obj
         Release\EventStatDialog.obj
         Release\FlyCap2_MFC.obj
         Release\FlyCap2_MFCDoc.obj
         Release\FlyCap2_MFCView.obj
         Release\FrameRateCounter.obj
         Release\HistogramDialog.obj
         Release\HistogramDrawingArea.obj
         Release\HistogramPage.obj
         Release\ImageRecordingPage.obj
         Release\InformationPane.obj
         Release\LicenseDialog.obj
         Release\MainFrm.obj
         Release\ReceivedFrameRateCounter.obj
         Release\RecordingDialog.obj
         Release\RowColPlotPage.obj
         Release\stdafx.obj
         Release\TreeCtrlX.obj
         Release\VideoRecordingPage.obj
     1>AboutDialog.obj : error LNK2001: unresolved external symbol "__declspec(dllimport) public: static class FlyCapture2::Error __cdecl FlyCapture2::Utilities::GetLibraryVersion(struct FlyCapture2::FC2Version *)" (__imp_?GetLibraryVersion@Utilities@FlyCapture2@@SA?AVError@2@PAUFC2Version@2@@Z)
     1>AboutDialog.obj : error LNK2001: unresolved external symbol "__declspec(dllimport) public: virtual __thiscall FlyCapture2::Error::~Error(void)" (__imp_??1Error@FlyCapture2@@UAE@XZ)
     1>FlyCap2_MFCDoc.obj : error LNK2001: unresolved external symbol "__declspec(dllimport) public: __thiscall FlyCapture2::CameraControlDlg::CameraControlDlg(void)" (__imp_??0CameraControlDlg@FlyCapture2@@QAE@XZ)
     1>FlyCap2_MFCDoc.obj : error LNK2001: unresolved external symbol "__declspec(dllimport) public: __thiscall FlyCapture2::CameraControlDlg::~CameraControlDlg(void)" (__imp_??1CameraControlDlg@FlyCapture2@@QAE@XZ)
     1>FlyCap2_MFCDoc.obj : error LNK2001: unresolved external symbol "__declspec(dllimport) public: __thiscall FlyCapture2::Image::Image(void)" (__imp_??0Image@FlyCapture2@@QAE@XZ)
     1>FlyCap2_MFCDoc.obj : error LNK2001: unresolved external symbol "__declspec(dllimport) public: virtual __thiscall FlyCapture2::Image::~Image(void)" (__imp_??1Image@FlyCapture2@@UAE@XZ)
     1>FlyCap2_MFCDoc.obj : error LNK2001: unresolved external symbol "__declspec(dllimport) public: __thiscall FlyCapture2::BusManager::BusManager(void)" (__imp_??0BusManager@FlyCapture2@@QAE@XZ)
     1>FlyCap2_MFCDoc.obj : error LNK2001: unresolved external symbol "__declspec(dllimport) public: virtual __thiscall FlyCapture2::BusManager::~BusManager(void)" (__imp_??1BusManager@FlyCapture2@@UAE@XZ)
     1>FlyCap2_MFCDoc.obj : error LNK2001: unresolved external symbol "__declspec(dllimport) public: __thiscall FlyCapture2::Error::Error(void)" (__imp_??0Error@FlyCapture2@@QAE@XZ)
     1>FlyCap2_MFCDoc.obj : error LNK2001: unresolved external symbol "__declspec(dllimport) public: static class FlyCapture2::Error __cdecl FlyCapture2::Image::SetDefaultOutputFormat(enum FlyCapture2::PixelFormat)" (__imp_?SetDefaultOutputFormat@Image@FlyCapture2@@SA?AVError@2@W4PixelFormat@2@@Z)
     1>FlyCap2_MFCDoc.obj : error LNK2001: unresolved external symbol "__declspec(dllimport) public: void __thiscall FlyCapture2::CameraControlDlg::Hide(void)" (__imp_?Hide@CameraControlDlg@FlyCapture2@@QAEXXZ)
     1>FlyCap2_MFCDoc.obj : error LNK2001: unresolved external symbol "__declspec(dllimport) public: void __thiscall FlyCapture2::CameraControlDlg::Disconnect(void)" (__imp_?Disconnect@CameraControlDlg@FlyCapture2@@QAEXXZ)
     1>FlyCap2_MFCDoc.obj : error LNK2001: unresolved external symbol "__declspec(dllimport) public: __thiscall FlyCapture2::CameraSelectionDlg::CameraSelectionDlg(void)" (__imp_??0CameraSelectionDlg@FlyCapture2@@QAE@XZ)
     1>FlyCap2_MFCDoc.obj : error LNK2001: unresolved external symbol "__declspec(dllimport) public: __thiscall FlyCapture2::CameraSelectionDlg::~CameraSelectionDlg(void)" (__imp_??1CameraSelectionDlg@FlyCapture2@@QAE@XZ)
     1>FlyCap2_MFCDoc.obj : error LNK2001: unresolved external symbol "__declspec(dllimport) public: void __thiscall FlyCapture2::CameraSelectionDlg::ShowModal(bool *,class FlyCapture2::PGRGuid *,unsigned int *)" (__imp_?ShowModal@CameraSelectionDlg@FlyCapture2@@QAEXPA_NPAVPGRGuid@2@PAI@Z)
     1>FlyCap2_MFCDoc.obj : error LNK2001: unresolved external symbol "__declspec(dllimport) public: __thiscall FlyCapture2::Image::Image(class FlyCapture2::Image const &)" (__imp_??0Image@FlyCapture2@@QAE@ABV01@@Z)
     1>FlyCap2_MFCDoc.obj : error LNK2001: unresolved external symbol "__declspec(dllimport) public: virtual char const * __thiscall FlyCapture2::Error::GetDescription(void)const " (__imp_?GetDescription@Error@FlyCapture2@@UBEPBDXZ)
     1>FlyCap2_MFCDoc.obj : error LNK2001: unresolved external symbol "__declspec(dllimport) public: virtual unsigned int __thiscall FlyCapture2::Image::GetRows(void)const " (__imp_?GetRows@Image@FlyCapture2@@UBEIXZ)
     1>FlyCap2_MFCDoc.obj : error LNK2001: unresolved external symbol "__declspec(dllimport) public: virtual unsigned int __thiscall FlyCapture2::Image::GetCols(void)const " (__imp_?GetCols@Image@FlyCapture2@@UBEIXZ)
     1>FlyCap2_MFCDoc.obj : error LNK2001: unresolved external symbol "__declspec(dllimport) public: virtual enum FlyCapture2::PixelFormat __thiscall FlyCapture2::Image::GetPixelFormat(void)const " (__imp_?GetPixelFormat@Image@FlyCapture2@@UBE?AW4PixelFormat@2@XZ)
     1>FlyCap2_MFCDoc.obj : error LNK2001: unresolved external symbol "__declspec(dllimport) public: virtual class FlyCapture2::Error __thiscall FlyCapture2::Image::Convert(enum FlyCapture2::PixelFormat,class FlyCapture2::Image *)const " (__imp_?Convert@Image@FlyCapture2@@UBE?AVError@2@W4PixelFormat@2@PAV12@@Z)
     1>FlyCap2_MFCDoc.obj : error LNK2001: unresolved external symbol "__declspec(dllimport) public: virtual class FlyCapture2::Error __thiscall FlyCapture2::GigECamera::GetGigEImageSettings(struct FlyCapture2::GigEImageSettings *)" (__imp_?GetGigEImageSettings@GigECamera@FlyCapture2@@UAE?AVError@2@PAUGigEImageSettings@2@@Z)
     1>FlyCap2_MFCDoc.obj : error LNK2001: unresolved external symbol "__declspec(dllimport) public: virtual class FlyCapture2::Error __thiscall FlyCapture2::Camera::GetVideoModeAndFrameRate(enum FlyCapture2::VideoMode *,enum FlyCapture2::FrameRate *)" (__imp_?GetVideoModeAndFrameRate@Camera@FlyCapture2@@UAE?AVError@2@PAW4VideoMode@2@PAW4FrameRate@2@@Z)
     1>FlyCap2_MFCDoc.obj : error LNK2001: unresolved external symbol "__declspec(dllimport) public: virtual class FlyCapture2::Error __thiscall FlyCapture2::Camera::GetFormat7Configuration(struct FlyCapture2::Format7ImageSettings *,unsigned int *,float *)" (__imp_?GetFormat7Configuration@Camera@FlyCapture2@@UAE?AVError@2@PAUFormat7ImageSettings@2@PAIPAM@Z)
     1>FlyCap2_MFCDoc.obj : error LNK2001: unresolved external symbol "__declspec(dllimport) public: bool __thiscall FlyCapture2::CameraControlDlg::IsVisible(void)" (__imp_?IsVisible@CameraControlDlg@FlyCapture2@@QAE_NXZ)
     1>FlyCap2_MFCDoc.obj : error LNK2001: unresolved external symbol "__declspec(dllimport) public: void __thiscall FlyCapture2::CameraControlDlg::Show(void)" (__imp_?Show@CameraControlDlg@FlyCapture2@@QAEXXZ)
     1>FlyCap2_MFCDoc.obj : error LNK2001: unresolved external symbol "__declspec(dllimport) public: virtual class FlyCapture2::Error __thiscall FlyCapture2::Image::DeepCopy(class FlyCapture2::Image const *)" (__imp_?DeepCopy@Image@FlyCapture2@@UAE?AVError@2@PBV12@@Z)
     1>FlyCap2_MFCDoc.obj : error LNK2001: unresolved external symbol "__declspec(dllimport) public: static enum FlyCapture2::ColorProcessingAlgorithm __cdecl FlyCapture2::Image::GetDefaultColorProcessing(void)" (__imp_?GetDefaultColorProcessing@Image@FlyCapture2@@SA?AW4ColorProcessingAlgorithm@2@XZ)
     1>FlyCap2_MFCDoc.obj : error LNK2001: unresolved external symbol "__declspec(dllimport) public: virtual class FlyCapture2::Error __thiscall FlyCapture2::Image::Save(char const *,struct FlyCapture2::BMPOption *)" (__imp_?Save@Image@FlyCapture2@@UAE?AVError@2@PBDPAUBMPOption@2@@Z)
     1>FlyCap2_MFCDoc.obj : error LNK2001: unresolved external symbol "__declspec(dllimport) public: virtual class FlyCapture2::Error __thiscall FlyCapture2::Image::Save(char const *,struct FlyCapture2::PPMOption *)" (__imp_?Save@Image@FlyCapture2@@UAE?AVError@2@PBDPAUPPMOption@2@@Z)
     1>FlyCap2_MFCDoc.obj : error LNK2001: unresolved external symbol "__declspec(dllimport) public: virtual class FlyCapture2::Error __thiscall FlyCapture2::Image::Save(char const *,struct FlyCapture2::PGMOption *)" (__imp_?Save@Image@FlyCapture2@@UAE?AVError@2@PBDPAUPGMOption@2@@Z)
     1>FlyCap2_MFCDoc.obj : error LNK2001: unresolved external symbol "__declspec(dllimport) public: virtual class FlyCapture2::Error __thiscall FlyCapture2::Image::Save(char const *,struct FlyCapture2::JPEGOption *)" (__imp_?Save@Image@FlyCapture2@@UAE?AVError@2@PBDPAUJPEGOption@2@@Z)
     1>FlyCap2_MFCDoc.obj : error LNK2001: unresolved external symbol "__declspec(dllimport) public: virtual class FlyCapture2::Error __thiscall FlyCapture2::Image::Save(char const *,struct FlyCapture2::JPG2Option *)" (__imp_?Save@Image@FlyCapture2@@UAE?AVError@2@PBDPAUJPG2Option@2@@Z)
     1>FlyCap2_MFCDoc.obj : error LNK2001: unresolved external symbol "__declspec(dllimport) public: virtual class FlyCapture2::Error __thiscall FlyCapture2::Image::Save(char const *,struct FlyCapture2::TIFFOption *)" (__imp_?Save@Image@FlyCapture2@@UAE?AVError@2@PBDPAUTIFFOption@2@@Z)
     1>FlyCap2_MFCDoc.obj : error LNK2001: unresolved external symbol "__declspec(dllimport) public: virtual class FlyCapture2::Error __thiscall FlyCapture2::Image::Save(char const *,struct FlyCapture2::PNGOption *)" (__imp_?Save@Image@FlyCapture2@@UAE?AVError@2@PBDPAUPNGOption@2@@Z)
     1>FlyCap2_MFCDoc.obj : error LNK2001: unresolved external symbol "__declspec(dllimport) public: virtual class FlyCapture2::Error __thiscall FlyCapture2::Image::Save(char const *,enum FlyCapture2::ImageFileFormat)" (__imp_?Save@Image@FlyCapture2@@UAE?AVError@2@PBDW4ImageFileFormat@2@@Z)
     1>FlyCap2_MFCDoc.obj : error LNK2001: unresolved external symbol "__declspec(dllimport) public: __thiscall FlyCapture2::Error::Error(class FlyCapture2::Error const &)" (__imp_??0Error@FlyCapture2@@QAE@ABV01@@Z)
     1>FlyCap2_MFCDoc.obj : error LNK2001: unresolved external symbol "__declspec(dllimport) public: __thiscall FlyCapture2::GigECamera::GigECamera(void)" (__imp_??0GigECamera@FlyCapture2@@QAE@XZ)
     1>FlyCap2_MFCDoc.obj : error LNK2001: unresolved external symbol "__declspec(dllimport) public: __thiscall FlyCapture2::Camera::Camera(void)" (__imp_??0Camera@FlyCapture2@@QAE@XZ)
     1>FlyCap2_MFCDoc.obj : error LNK2001: unresolved external symbol "__declspec(dllimport) public: void __thiscall FlyCapture2::CameraControlDlg::Connect(class FlyCapture2::CameraBase *)" (__imp_?Connect@CameraControlDlg@FlyCapture2@@QAEXPAVCameraBase@2@@Z)
     1>FlyCap2_MFCDoc.obj : error LNK2001: unresolved external symbol "__declspec(dllimport) public: virtual __thiscall FlyCapture2::GigECamera::~GigECamera(void)" (__imp_??1GigECamera@FlyCapture2@@UAE@XZ)
     1>FlyCap2_MFCDoc.obj : error LNK2001: unresolved external symbol "__declspec(dllimport) public: virtual __thiscall FlyCapture2::Camera::~Camera(void)" (__imp_??1Camera@FlyCapture2@@UAE@XZ)
     1>FlyCap2_MFCDoc.obj : error LNK2001: unresolved external symbol "__declspec(dllimport) public: virtual char const * __thiscall FlyCapture2::Error::GetBuildDate(void)const " (__imp_?GetBuildDate@Error@FlyCapture2@@UBEPBDXZ)
     1>FlyCap2_MFCDoc.obj : error LNK2001: unresolved external symbol "__declspec(dllimport) public: virtual unsigned int __thiscall FlyCapture2::Error::GetLine(void)const " (__imp_?GetLine@Error@FlyCapture2@@UBEIXZ)
     1>FlyCap2_MFCDoc.obj : error LNK2001: unresolved external symbol "__declspec(dllimport) public: virtual char const * __thiscall FlyCapture2::Error::GetFilename(void)const " (__imp_?GetFilename@Error@FlyCapture2@@UBEPBDXZ)
     1>FlyCap2_MFCDoc.obj : error LNK2001: unresolved external symbol "__declspec(dllimport) public: virtual class FlyCapture2::Error __thiscall FlyCapture2::Error::GetCause(void)const " (__imp_?GetCause@Error@FlyCapture2@@UBE?AV12@XZ)
     1>FlyCap2_MFCDoc.obj : error LNK2001: unresolved external symbol "__declspec(dllimport) public: virtual enum FlyCapture2::ErrorType __thiscall FlyCapture2::Error::GetType(void)const " (__imp_?GetType@Error@FlyCapture2@@UBE?AW4ErrorType@2@XZ)
     1>FlyCap2_MFCDoc.obj : error LNK2001: unresolved external symbol "__declspec(dllimport) public: static class FlyCapture2::Error __cdecl FlyCapture2::Image::SetDefaultColorProcessing(enum FlyCapture2::ColorProcessingAlgorithm)" (__imp_?SetDefaultColorProcessing@Image@FlyCapture2@@SA?AVError@2@W4ColorProcessingAlgorithm@2@@Z)
     1>FlyCap2_MFCDoc.obj : error LNK2001: unresolved external symbol "__declspec(dllimport) public: virtual class FlyCapture2::Error __thiscall FlyCapture2::Camera::Connect(class FlyCapture2::PGRGuid *)" (__imp_?Connect@Camera@FlyCapture2@@UAE?AVError@2@PAVPGRGuid@2@@Z)
     1>FlyCap2_MFCDoc.obj : error LNK2001: unresolved external symbol "__declspec(dllimport) public: virtual class FlyCapture2::Error __thiscall FlyCapture2::Camera::Disconnect(void)" (__imp_?Disconnect@Camera@FlyCapture2@@UAE?AVError@2@XZ)
     1>FlyCap2_MFCDoc.obj : error LNK2001: unresolved external symbol "__declspec(dllimport) public: virtual bool __thiscall FlyCapture2::Camera::IsConnected(void)" (__imp_?IsConnected@Camera@FlyCapture2@@UAE_NXZ)
     1>FlyCap2_MFCDoc.obj : error LNK2001: unresolved external symbol "__declspec(dllimport) public: virtual class FlyCapture2::Error __thiscall FlyCapture2::Camera::SetCallback(void (__cdecl*)(class FlyCapture2::Image *,void const *),void const *)" (__imp_?SetCallback@Camera@FlyCapture2@@UAE?AVError@2@P6AXPAVImage@2@PBX@Z1@Z)
     1>FlyCap2_MFCDoc.obj : error LNK2001: unresolved external symbol "__declspec(dllimport) public: virtual class FlyCapture2::Error __thiscall FlyCapture2::Camera::StartCapture(void (__cdecl*)(class FlyCapture2::Image *,void const *),void const *)" (__imp_?StartCapture@Camera@FlyCapture2@@UAE?AVError@2@P6AXPAVImage@2@PBX@Z1@Z)
     1>FlyCap2_MFCDoc.obj : error LNK2001: unresolved external symbol "__declspec(dllimport) public: virtual class FlyCapture2::Error __thiscall FlyCapture2::Camera::RetrieveBuffer(class FlyCapture2::Image *)" (__imp_?RetrieveBuffer@Camera@FlyCapture2@@UAE?AVError@2@PAVImage@2@@Z)
     1>FlyCap2_MFCDoc.obj : error LNK2001: unresolved external symbol "__declspec(dllimport) public: virtual class FlyCapture2::Error __thiscall FlyCapture2::Camera::StopCapture(void)" (__imp_?StopCapture@Camera@FlyCapture2@@UAE?AVError@2@XZ)
     1>FlyCap2_MFCDoc.obj : error LNK2001: unresolved external symbol "__declspec(dllimport) public: virtual class FlyCapture2::Error __thiscall FlyCapture2::Camera::WaitForBufferEvent(class FlyCapture2::Image *,unsigned int)" (__imp_?WaitForBufferEvent@Camera@FlyCapture2@@UAE?AVError@2@PAVImage@2@I@Z)
     1>FlyCap2_MFCDoc.obj : error LNK2001: unresolved external symbol "__declspec(dllimport) public: virtual class FlyCapture2::Error __thiscall FlyCapture2::Camera::SetUserBuffers(unsigned char * const,int,int)" (__imp_?SetUserBuffers@Camera@FlyCapture2@@UAE?AVError@2@QAEHH@Z)
     1>FlyCap2_MFCDoc.obj : error LNK2001: unresolved external symbol "__declspec(dllimport) public: virtual class FlyCapture2::Error __thiscall FlyCapture2::Camera::GetConfiguration(struct FlyCapture2::FC2Config *)" (__imp_?GetConfiguration@Camera@FlyCapture2@@UAE?AVError@2@PAUFC2Config@2@@Z)
     1>FlyCap2_MFCDoc.obj : error LNK2001: unresolved external symbol "__declspec(dllimport) public: virtual class FlyCapture2::Error __thiscall FlyCapture2::Camera::SetConfiguration(struct FlyCapture2::FC2Config const *)" (__imp_?SetConfiguration@Camera@FlyCapture2@@UAE?AVError@2@PBUFC2Config@2@@Z)
     1>FlyCap2_MFCDoc.obj : error LNK2001: unresolved external symbol "__declspec(dllimport) public: virtual class FlyCapture2::Error __thiscall FlyCapture2::Camera::GetCameraInfo(struct FlyCapture2::CameraInfo *)" (__imp_?GetCameraInfo@Camera@FlyCapture2@@UAE?AVError@2@PAUCameraInfo@2@@Z)
     1>FlyCap2_MFCDoc.obj : error LNK2001: unresolved external symbol "__declspec(dllimport) public: virtual class FlyCapture2::Error __thiscall FlyCapture2::Camera::GetPropertyInfo(struct FlyCapture2::PropertyInfo *)" (__imp_?GetPropertyInfo@Camera@FlyCapture2@@UAE?AVError@2@PAUPropertyInfo@2@@Z)
     1>FlyCap2_MFCDoc.obj : error LNK2001: unresolved external symbol "__declspec(dllimport) public: virtual class FlyCapture2::Error __thiscall FlyCapture2::Camera::GetProperty(struct FlyCapture2::Property *)" (__imp_?GetProperty@Camera@FlyCapture2@@UAE?AVError@2@PAUProperty@2@@Z)
     1>FlyCap2_MFCDoc.obj : error LNK2001: unresolved external symbol "__declspec(dllimport) public: virtual class FlyCapture2::Error __thiscall FlyCapture2::Camera::SetProperty(struct FlyCapture2::Property const *,bool)" (__imp_?SetProperty@Camera@FlyCapture2@@UAE?AVError@2@PBUProperty@2@_N@Z)
     1>FlyCap2_MFCDoc.obj : error LNK2001: unresolved external symbol "__declspec(dllimport) public: virtual class FlyCapture2::Error __thiscall FlyCapture2::Camera::GetGPIOPinDirection(unsigned int,unsigned int *)" (__imp_?GetGPIOPinDirection@Camera@FlyCapture2@@UAE?AVError@2@IPAI@Z)
     1>FlyCap2_MFCDoc.obj : error LNK2001: unresolved external symbol "__declspec(dllimport) public: virtual class FlyCapture2::Error __thiscall FlyCapture2::Camera::SetGPIOPinDirection(unsigned int,unsigned int,bool)" (__imp_?SetGPIOPinDirection@Camera@FlyCapture2@@UAE?AVError@2@II_N@Z)
     1>FlyCap2_MFCDoc.obj : error LNK2001: unresolved external symbol "__declspec(dllimport) public: virtual class FlyCapture2::Error __thiscall FlyCapture2::Camera::GetTriggerModeInfo(struct FlyCapture2::TriggerModeInfo *)" (__imp_?GetTriggerModeInfo@Camera@FlyCapture2@@UAE?AVError@2@PAUTriggerModeInfo@2@@Z)
     1>FlyCap2_MFCDoc.obj : error LNK2001: unresolved external symbol "__declspec(dllimport) public: virtual class FlyCapture2::Error __thiscall FlyCapture2::Camera::GetTriggerMode(struct FlyCapture2::TriggerMode *)" (__imp_?GetTriggerMode@Camera@FlyCapture2@@UAE?AVError@2@PAUTriggerMode@2@@Z)
     1>FlyCap2_MFCDoc.obj : error LNK2001: unresolved external symbol "__declspec(dllimport) public: virtual class FlyCapture2::Error __thiscall FlyCapture2::Camera::SetTriggerMode(struct FlyCapture2::TriggerMode const *,bool)" (__imp_?SetTriggerMode@Camera@FlyCapture2@@UAE?AVError@2@PBUTriggerMode@2@_N@Z)
     1>FlyCap2_MFCDoc.obj : error LNK2001: unresolved external symbol "__declspec(dllimport) public: virtual class FlyCapture2::Error __thiscall FlyCapture2::Camera::FireSoftwareTrigger(bool)" (__imp_?FireSoftwareTrigger@Camera@FlyCapture2@@UAE?AVError@2@_N@Z)
     1>FlyCap2_MFCDoc.obj : error LNK2001: unresolved external symbol "__declspec(dllimport) public: virtual class FlyCapture2::Error __thiscall FlyCapture2::Camera::GetTriggerDelayInfo(struct FlyCapture2::PropertyInfo *)" (__imp_?GetTriggerDelayInfo@Camera@FlyCapture2@@UAE?AVError@2@PAUPropertyInfo@2@@Z)
     1>FlyCap2_MFCDoc.obj : error LNK2001: unresolved external symbol "__declspec(dllimport) public: virtual class FlyCapture2::Error __thiscall FlyCapture2::Camera::GetTriggerDelay(struct FlyCapture2::Property *)" (__imp_?GetTriggerDelay@Camera@FlyCapture2@@UAE?AVError@2@PAUProperty@2@@Z)
     1>FlyCap2_MFCDoc.obj : error LNK2001: unresolved external symbol "__declspec(dllimport) public: virtual class FlyCapture2::Error __thiscall FlyCapture2::Camera::SetTriggerDelay(struct FlyCapture2::Property const *,bool)" (__imp_?SetTriggerDelay@Camera@FlyCapture2@@UAE?AVError@2@PBUProperty@2@_N@Z)
     1>FlyCap2_MFCDoc.obj : error LNK2001: unresolved external symbol "__declspec(dllimport) public: virtual class FlyCapture2::Error __thiscall FlyCapture2::Camera::GetStrobeInfo(struct FlyCapture2::StrobeInfo *)" (__imp_?GetStrobeInfo@Camera@FlyCapture2@@UAE?AVError@2@PAUStrobeInfo@2@@Z)
     1>FlyCap2_MFCDoc.obj : error LNK2001: unresolved external symbol "__declspec(dllimport) public: virtual class FlyCapture2::Error __thiscall FlyCapture2::Camera::GetStrobe(struct FlyCapture2::StrobeControl *)" (__imp_?GetStrobe@Camera@FlyCapture2@@UAE?AVError@2@PAUStrobeControl@2@@Z)
     1>FlyCap2_MFCDoc.obj : error LNK2001: unresolved external symbol "__declspec(dllimport) public: virtual class FlyCapture2::Error __thiscall FlyCapture2::Camera::SetStrobe(struct FlyCapture2::StrobeControl const *,bool)" (__imp_?SetStrobe@Camera@FlyCapture2@@UAE?AVError@2@PBUStrobeControl@2@_N@Z)
     1>FlyCap2_MFCDoc.obj : error LNK2001: unresolved external symbol "__declspec(dllimport) public: virtual class FlyCapture2::Error __thiscall FlyCapture2::Camera::GetLUTInfo(struct FlyCapture2::LUTData *)" (__imp_?GetLUTInfo@Camera@FlyCapture2@@UAE?AVError@2@PAULUTData@2@@Z)
     1>FlyCap2_MFCDoc.obj : error LNK2001: unresolved external symbol "__declspec(dllimport) public: virtual class FlyCapture2::Error __thiscall FlyCapture2::Camera::GetLUTBankInfo(unsigned int,bool *,bool *)" (__imp_?GetLUTBankInfo@Camera@FlyCapture2@@UAE?AVError@2@IPA_N0@Z)
     1>FlyCap2_MFCDoc.obj : error LNK2001: unresolved external symbol "__declspec(dllimport) public: virtual class FlyCapture2::Error __thiscall FlyCapture2::Camera::GetActiveLUTBank(unsigned int *)" (__imp_?GetActiveLUTBank@Camera@FlyCapture2@@UAE?AVError@2@PAI@Z)
     1>FlyCap2_MFCDoc.obj : error LNK2001: unresolved external symbol "__declspec(dllimport) public: virtual class FlyCapture2::Error __thiscall FlyCapture2::Camera::SetActiveLUTBank(unsigned int)" (__imp_?SetActiveLUTBank@Camera@FlyCapture2@@UAE?AVError@2@I@Z)
     1>FlyCap2_MFCDoc.obj : error LNK2001: unresolved external symbol "__declspec(dllimport) public: virtual class FlyCapture2::Error __thiscall FlyCapture2::Camera::EnableLUT(bool)" (__imp_?EnableLUT@Camera@FlyCapture2@@UAE?AVError@2@_N@Z)
     1>FlyCap2_MFCDoc.obj : error LNK2001: unresolved external symbol "__declspec(dllimport) public: virtual class FlyCapture2::Error __thiscall FlyCapture2::Camera::GetLUTChannel(unsigned int,unsigned int,unsigned int,unsigned int *)" (__imp_?GetLUTChannel@Camera@FlyCapture2@@UAE?AVError@2@IIIPAI@Z)
     1>FlyCap2_MFCDoc.obj : error LNK2001: unresolved external symbol "__declspec(dllimport) public: virtual class FlyCapture2::Error __thiscall FlyCapture2::Camera::SetLUTChannel(unsigned int,unsigned int,unsigned int,unsigned int const *)" (__imp_?SetLUTChannel@Camera@FlyCapture2@@UAE?AVError@2@IIIPBI@Z)
     1>FlyCap2_MFCDoc.obj : error LNK2001: unresolved external symbol "__declspec(dllimport) public: virtual class FlyCapture2::Error __thiscall FlyCapture2::Camera::GetMemoryChannel(unsigned int *)" (__imp_?GetMemoryChannel@Camera@FlyCapture2@@UAE?AVError@2@PAI@Z)
     1>FlyCap2_MFCDoc.obj : error LNK2001: unresolved external symbol "__declspec(dllimport) public: virtual class FlyCapture2::Error __thiscall FlyCapture2::Camera::SaveToMemoryChannel(unsigned int)" (__imp_?SaveToMemoryChannel@Camera@FlyCapture2@@UAE?AVError@2@I@Z)
     1>FlyCap2_MFCDoc.obj : error LNK2001: unresolved external symbol "__declspec(dllimport) public: virtual class FlyCapture2::Error __thiscall FlyCapture2::Camera::RestoreFromMemoryChannel(unsigned int)" (__imp_?RestoreFromMemoryChannel@Camera@FlyCapture2@@UAE?AVError@2@I@Z)
     1>FlyCap2_MFCDoc.obj : error LNK2001: unresolved external symbol "__declspec(dllimport) public: virtual class FlyCapture2::Error __thiscall FlyCapture2::Camera::GetMemoryChannelInfo(unsigned int *)" (__imp_?GetMemoryChannelInfo@Camera@FlyCapture2@@UAE?AVError@2@PAI@Z)
     1>FlyCap2_MFCDoc.obj : error LNK2001: unresolved external symbol "__declspec(dllimport) public: virtual class FlyCapture2::Error __thiscall FlyCapture2::Camera::GetEmbeddedImageInfo(struct FlyCapture2::EmbeddedImageInfo *)" (__imp_?GetEmbeddedImageInfo@Camera@FlyCapture2@@UAE?AVError@2@PAUEmbeddedImageInfo@2@@Z)
     1>FlyCap2_MFCDoc.obj : error LNK2001: unresolved external symbol "__declspec(dllimport) public: virtual class FlyCapture2::Error __thiscall FlyCapture2::Camera::SetEmbeddedImageInfo(struct FlyCapture2::EmbeddedImageInfo *)" (__imp_?SetEmbeddedImageInfo@Camera@FlyCapture2@@UAE?AVError@2@PAUEmbeddedImageInfo@2@@Z)
     1>FlyCap2_MFCDoc.obj : error LNK2001: unresolved external symbol "__declspec(dllimport) public: virtual class FlyCapture2::Error __thiscall FlyCapture2::Camera::WriteRegister(unsigned int,unsigned int,bool)" (__imp_?WriteRegister@Camera@FlyCapture2@@UAE?AVError@2@II_N@Z)
     1>FlyCap2_MFCDoc.obj : error LNK2001: unresolved external symbol "__declspec(dllimport) public: virtual class FlyCapture2::Error __thiscall FlyCapture2::Camera::ReadRegister(unsigned int,unsigned int *)" (__imp_?ReadRegister@Camera@FlyCapture2@@UAE?AVError@2@IPAI@Z)
     1>FlyCap2_MFCDoc.obj : error LNK2001: unresolved external symbol "__declspec(dllimport) public: virtual class FlyCapture2::Error __thiscall FlyCapture2::Camera::WriteRegisterBlock(unsigned short,unsigned int,unsigned int const *,unsigned int)" (__imp_?WriteRegisterBlock@Camera@FlyCapture2@@UAE?AVError@2@GIPBII@Z)
     1>FlyCap2_MFCDoc.obj : error LNK2001: unresolved external symbol "__declspec(dllimport) public: virtual class FlyCapture2::Error __thiscall FlyCapture2::Camera::ReadRegisterBlock(unsigned short,unsigned int,unsigned int *,unsigned int)" (__imp_?ReadRegisterBlock@Camera@FlyCapture2@@UAE?AVError@2@GIPAII@Z)
     1>FlyCap2_MFCDoc.obj : error LNK2001: unresolved external symbol "__declspec(dllimport) public: virtual class FlyCapture2::Error __thiscall FlyCapture2::Camera::GetCycleTime(struct FlyCapture2::TimeStamp *)" (__imp_?GetCycleTime@Camera@FlyCapture2@@UAE?AVError@2@PAUTimeStamp@2@@Z)
     1>FlyCap2_MFCDoc.obj : error LNK2001: unresolved external symbol "__declspec(dllimport) public: virtual class FlyCapture2::Error __thiscall FlyCapture2::Camera::GetStats(struct FlyCapture2::CameraStats *)" (__imp_?GetStats@Camera@FlyCapture2@@UAE?AVError@2@PAUCameraStats@2@@Z)
     1>FlyCap2_MFCDoc.obj : error LNK2001: unresolved external symbol "__declspec(dllimport) public: virtual class FlyCapture2::Error __thiscall FlyCapture2::Camera::ResetStats(void)" (__imp_?ResetStats@Camera@FlyCapture2@@UAE?AVError@2@XZ)
     1>FlyCap2_MFCDoc.obj : error LNK2001: unresolved external symbol "__declspec(dllimport) public: virtual class FlyCapture2::Error __thiscall FlyCapture2::Camera::GetVideoModeAndFrameRateInfo(enum FlyCapture2::VideoMode,enum FlyCapture2::FrameRate,bool *)" (__imp_?GetVideoModeAndFrameRateInfo@Camera@FlyCapture2@@UAE?AVError@2@W4VideoMode@2@W4FrameRate@2@PA_N@Z)
     1>FlyCap2_MFCDoc.obj : error LNK2001: unresolved external symbol "__declspec(dllimport) public: virtual class FlyCapture2::Error __thiscall FlyCapture2::Camera::SetVideoModeAndFrameRate(enum FlyCapture2::VideoMode,enum FlyCapture2::FrameRate)" (__imp_?SetVideoModeAndFrameRate@Camera@FlyCapture2@@UAE?AVError@2@W4VideoMode@2@W4FrameRate@2@@Z)
     1>FlyCap2_MFCDoc.obj : error LNK2001: unresolved external symbol "__declspec(dllimport) public: virtual class FlyCapture2::Error __thiscall FlyCapture2::Camera::GetFormat7Info(struct FlyCapture2::Format7Info *,bool *)" (__imp_?GetFormat7Info@Camera@FlyCapture2@@UAE?AVError@2@PAUFormat7Info@2@PA_N@Z)
     1>FlyCap2_MFCDoc.obj : error LNK2001: unresolved external symbol "__declspec(dllimport) public: virtual class FlyCapture2::Error __thiscall FlyCapture2::Camera::ValidateFormat7Settings(struct FlyCapture2::Format7ImageSettings const *,bool *,struct FlyCapture2::Format7PacketInfo *)" (__imp_?ValidateFormat7Settings@Camera@FlyCapture2@@UAE?AVError@2@PBUFormat7ImageSettings@2@PA_NPAUFormat7PacketInfo@2@@Z)
     1>FlyCap2_MFCDoc.obj : error LNK2001: unresolved external symbol "__declspec(dllimport) public: virtual class FlyCapture2::Error __thiscall FlyCapture2::Camera::SetFormat7Configuration(struct FlyCapture2::Format7ImageSettings const *,float)" (__imp_?SetFormat7Configuration@Camera@FlyCapture2@@UAE?AVError@2@PBUFormat7ImageSettings@2@M@Z)
     1>FlyCap2_MFCDoc.obj : error LNK2001: unresolved external symbol "__declspec(dllimport) public: virtual class FlyCapture2::Error __thiscall FlyCapture2::Camera::SetFormat7Configuration(struct FlyCapture2::Format7ImageSettings const *,unsigned int)" (__imp_?SetFormat7Configuration@Camera@FlyCapture2@@UAE?AVError@2@PBUFormat7ImageSettings@2@I@Z)
     1>FlyCap2_MFCDoc.obj : error LNK2001: unresolved external symbol "__declspec(dllimport) public: virtual class FlyCapture2::Error __thiscall FlyCapture2::GigECamera::Connect(class FlyCapture2::PGRGuid *)" (__imp_?Connect@GigECamera@FlyCapture2@@UAE?AVError@2@PAVPGRGuid@2@@Z)
     1>FlyCap2_MFCDoc.obj : error LNK2001: unresolved external symbol "__declspec(dllimport) public: virtual class FlyCapture2::Error __thiscall FlyCapture2::GigECamera::Disconnect(void)" (__imp_?Disconnect@GigECamera@FlyCapture2@@UAE?AVError@2@XZ)
     1>FlyCap2_MFCDoc.obj : error LNK2001: unresolved external symbol "__declspec(dllimport) public: virtual bool __thiscall FlyCapture2::GigECamera::IsConnected(void)" (__imp_?IsConnected@GigECamera@FlyCapture2@@UAE_NXZ)
     1>FlyCap2_MFCDoc.obj : error LNK2001: unresolved external symbol "__declspec(dllimport) public: virtual class FlyCapture2::Error __thiscall FlyCapture2::GigECamera::SetCallback(void (__cdecl*)(class FlyCapture2::Image *,void const *),void const *)" (__imp_?SetCallback@GigECamera@FlyCapture2@@UAE?AVError@2@P6AXPAVImage@2@PBX@Z1@Z)
     1>FlyCap2_MFCDoc.obj : error LNK2001: unresolved external symbol "__declspec(dllimport) public: virtual class FlyCapture2::Error __thiscall FlyCapture2::GigECamera::StartCapture(void (__cdecl*)(class FlyCapture2::Image *,void const *),void const *)" (__imp_?StartCapture@GigECamera@FlyCapture2@@UAE?AVError@2@P6AXPAVImage@2@PBX@Z1@Z)
     1>FlyCap2_MFCDoc.obj : error LNK2001: unresolved external symbol "__declspec(dllimport) public: virtual class FlyCapture2::Error __thiscall FlyCapture2::GigECamera::RetrieveBuffer(class FlyCapture2::Image *)" (__imp_?RetrieveBuffer@GigECamera@FlyCapture2@@UAE?AVError@2@PAVImage@2@@Z)
     1>FlyCap2_MFCDoc.obj : error LNK2001: unresolved external symbol "__declspec(dllimport) public: virtual class FlyCapture2::Error __thiscall FlyCapture2::GigECamera::StopCapture(void)" (__imp_?StopCapture@GigECamera@FlyCapture2@@UAE?AVError@2@XZ)
     1>FlyCap2_MFCDoc.obj : error LNK2001: unresolved external symbol "__declspec(dllimport) public: virtual class FlyCapture2::Error __thiscall FlyCapture2::GigECamera::WaitForBufferEvent(class FlyCapture2::Image *,unsigned int)" (__imp_?WaitForBufferEvent@GigECamera@FlyCapture2@@UAE?AVError@2@PAVImage@2@I@Z)
     1>FlyCap2_MFCDoc.obj : error LNK2001: unresolved external symbol "__declspec(dllimport) public: virtual class FlyCapture2::Error __thiscall FlyCapture2::GigECamera::SetUserBuffers(unsigned char * const,int,int)" (__imp_?SetUserBuffers@GigECamera@FlyCapture2@@UAE?AVError@2@QAEHH@Z)
     1>FlyCap2_MFCDoc.obj : error LNK2001: unresolved external symbol "__declspec(dllimport) public: virtual class FlyCapture2::Error __thiscall FlyCapture2::GigECamera::GetConfiguration(struct FlyCapture2::FC2Config *)" (__imp_?GetConfiguration@GigECamera@FlyCapture2@@UAE?AVError@2@PAUFC2Config@2@@Z)
     1>FlyCap2_MFCDoc.obj : error LNK2001: unresolved external symbol "__declspec(dllimport) public: virtual class FlyCapture2::Error __thiscall FlyCapture2::GigECamera::SetConfiguration(struct FlyCapture2::FC2Config const *)" (__imp_?SetConfiguration@GigECamera@FlyCapture2@@UAE?AVError@2@PBUFC2Config@2@@Z)
     1>FlyCap2_MFCDoc.obj : error LNK2001: unresolved external symbol "__declspec(dllimport) public: virtual class FlyCapture2::Error __thiscall FlyCapture2::GigECamera::GetCameraInfo(struct FlyCapture2::CameraInfo *)" (__imp_?GetCameraInfo@GigECamera@FlyCapture2@@UAE?AVError@2@PAUCameraInfo@2@@Z)
     1>FlyCap2_MFCDoc.obj : error LNK2001: unresolved external symbol "__declspec(dllimport) public: virtual class FlyCapture2::Error __thiscall FlyCapture2::GigECamera::GetPropertyInfo(struct FlyCapture2::PropertyInfo *)" (__imp_?GetPropertyInfo@GigECamera@FlyCapture2@@UAE?AVError@2@PAUPropertyInfo@2@@Z)
     1>FlyCap2_MFCDoc.obj : error LNK2001: unresolved external symbol "__declspec(dllimport) public: virtual class FlyCapture2::Error __thiscall FlyCapture2::GigECamera::GetProperty(struct FlyCapture2::Property *)" (__imp_?GetProperty@GigECamera@FlyCapture2@@UAE?AVError@2@PAUProperty@2@@Z)
     1>FlyCap2_MFCDoc.obj : error LNK2001: unresolved external symbol "__declspec(dllimport) public: virtual class FlyCapture2::Error __thiscall FlyCapture2::GigECamera::SetProperty(struct FlyCapture2::Property const *,bool)" (__imp_?SetProperty@GigECamera@FlyCapture2@@UAE?AVError@2@PBUProperty@2@_N@Z)
     1>FlyCap2_MFCDoc.obj : error LNK2001: unresolved external symbol "__declspec(dllimport) public: virtual class FlyCapture2::Error __thiscall FlyCapture2::GigECamera::GetGPIOPinDirection(unsigned int,unsigned int *)" (__imp_?GetGPIOPinDirection@GigECamera@FlyCapture2@@UAE?AVError@2@IPAI@Z)
     1>FlyCap2_MFCDoc.obj : error LNK2001: unresolved external symbol "__declspec(dllimport) public: virtual class FlyCapture2::Error __thiscall FlyCapture2::GigECamera::SetGPIOPinDirection(unsigned int,unsigned int,bool)" (__imp_?SetGPIOPinDirection@GigECamera@FlyCapture2@@UAE?AVError@2@II_N@Z)
     1>FlyCap2_MFCDoc.obj : error LNK2001: unresolved external symbol "__declspec(dllimport) public: virtual class FlyCapture2::Error __thiscall FlyCapture2::GigECamera::GetTriggerModeInfo(struct FlyCapture2::TriggerModeInfo *)" (__imp_?GetTriggerModeInfo@GigECamera@FlyCapture2@@UAE?AVError@2@PAUTriggerModeInfo@2@@Z)
     1>FlyCap2_MFCDoc.obj : error LNK2001: unresolved external symbol "__declspec(dllimport) public: virtual class FlyCapture2::Error __thiscall FlyCapture2::GigECamera::GetTriggerMode(struct FlyCapture2::TriggerMode *)" (__imp_?GetTriggerMode@GigECamera@FlyCapture2@@UAE?AVError@2@PAUTriggerMode@2@@Z)
     1>FlyCap2_MFCDoc.obj : error LNK2001: unresolved external symbol "__declspec(dllimport) public: virtual class FlyCapture2::Error __thiscall FlyCapture2::GigECamera::SetTriggerMode(struct FlyCapture2::TriggerMode const *,bool)" (__imp_?SetTriggerMode@GigECamera@FlyCapture2@@UAE?AVError@2@PBUTriggerMode@2@_N@Z)
     1>FlyCap2_MFCDoc.obj : error LNK2001: unresolved external symbol "__declspec(dllimport) public: virtual class FlyCapture2::Error __thiscall FlyCapture2::GigECamera::FireSoftwareTrigger(bool)" (__imp_?FireSoftwareTrigger@GigECamera@FlyCapture2@@UAE?AVError@2@_N@Z)
     1>FlyCap2_MFCDoc.obj : error LNK2001: unresolved external symbol "__declspec(dllimport) public: virtual class FlyCapture2::Error __thiscall FlyCapture2::GigECamera::GetTriggerDelayInfo(struct FlyCapture2::PropertyInfo *)" (__imp_?GetTriggerDelayInfo@GigECamera@FlyCapture2@@UAE?AVError@2@PAUPropertyInfo@2@@Z)
     1>FlyCap2_MFCDoc.obj : error LNK2001: unresolved external symbol "__declspec(dllimport) public: virtual class FlyCapture2::Error __thiscall FlyCapture2::GigECamera::GetTriggerDelay(struct FlyCapture2::Property *)" (__imp_?GetTriggerDelay@GigECamera@FlyCapture2@@UAE?AVError@2@PAUProperty@2@@Z)
     1>FlyCap2_MFCDoc.obj : error LNK2001: unresolved external symbol "__declspec(dllimport) public: virtual class FlyCapture2::Error __thiscall FlyCapture2::GigECamera::SetTriggerDelay(struct FlyCapture2::Property const *,bool)" (__imp_?SetTriggerDelay@GigECamera@FlyCapture2@@UAE?AVError@2@PBUProperty@2@_N@Z)
     1>FlyCap2_MFCDoc.obj : error LNK2001: unresolved external symbol "__declspec(dllimport) public: virtual class FlyCapture2::Error __thiscall FlyCapture2::GigECamera::GetStrobeInfo(struct FlyCapture2::StrobeInfo *)" (__imp_?GetStrobeInfo@GigECamera@FlyCapture2@@UAE?AVError@2@PAUStrobeInfo@2@@Z)
     1>FlyCap2_MFCDoc.obj : error LNK2001: unresolved external symbol "__declspec(dllimport) public: virtual class FlyCapture2::Error __thiscall FlyCapture2::GigECamera::GetStrobe(struct FlyCapture2::StrobeControl *)" (__imp_?GetStrobe@GigECamera@FlyCapture2@@UAE?AVError@2@PAUStrobeControl@2@@Z)
     1>FlyCap2_MFCDoc.obj : error LNK2001: unresolved external symbol "__declspec(dllimport) public: virtual class FlyCapture2::Error __thiscall FlyCapture2::GigECamera::SetStrobe(struct FlyCapture2::StrobeControl const *,bool)" (__imp_?SetStrobe@GigECamera@FlyCapture2@@UAE?AVError@2@PBUStrobeControl@2@_N@Z)
     1>FlyCap2_MFCDoc.obj : error LNK2001: unresolved external symbol "__declspec(dllimport) public: virtual class FlyCapture2::Error __thiscall FlyCapture2::GigECamera::GetLUTInfo(struct FlyCapture2::LUTData *)" (__imp_?GetLUTInfo@GigECamera@FlyCapture2@@UAE?AVError@2@PAULUTData@2@@Z)
     1>FlyCap2_MFCDoc.obj : error LNK2001: unresolved external symbol "__declspec(dllimport) public: virtual class FlyCapture2::Error __thiscall FlyCapture2::GigECamera::GetLUTBankInfo(unsigned int,bool *,bool *)" (__imp_?GetLUTBankInfo@GigECamera@FlyCapture2@@UAE?AVError@2@IPA_N0@Z)
     1>FlyCap2_MFCDoc.obj : error LNK2001: unresolved external symbol "__declspec(dllimport) public: virtual class FlyCapture2::Error __thiscall FlyCapture2::GigECamera::GetActiveLUTBank(unsigned int *)" (__imp_?GetActiveLUTBank@GigECamera@FlyCapture2@@UAE?AVError@2@PAI@Z)
     1>FlyCap2_MFCDoc.obj : error LNK2001: unresolved external symbol "__declspec(dllimport) public: virtual class FlyCapture2::Error __thiscall FlyCapture2::GigECamera::SetActiveLUTBank(unsigned int)" (__imp_?SetActiveLUTBank@GigECamera@FlyCapture2@@UAE?AVError@2@I@Z)
     1>FlyCap2_MFCDoc.obj : error LNK2001: unresolved external symbol "__declspec(dllimport) public: virtual class FlyCapture2::Error __thiscall FlyCapture2::GigECamera::EnableLUT(bool)" (__imp_?EnableLUT@GigECamera@FlyCapture2@@UAE?AVError@2@_N@Z)
     1>FlyCap2_MFCDoc.obj : error LNK2001: unresolved external symbol "__declspec(dllimport) public: virtual class FlyCapture2::Error __thiscall FlyCapture2::GigECamera::GetLUTChannel(unsigned int,unsigned int,unsigned int,unsigned int *)" (__imp_?GetLUTChannel@GigECamera@FlyCapture2@@UAE?AVError@2@IIIPAI@Z)
     1>FlyCap2_MFCDoc.obj : error LNK2001: unresolved external symbol "__declspec(dllimport) public: virtual class FlyCapture2::Error __thiscall FlyCapture2::GigECamera::SetLUTChannel(unsigned int,unsigned int,unsigned int,unsigned int const *)" (__imp_?SetLUTChannel@GigECamera@FlyCapture2@@UAE?AVError@2@IIIPBI@Z)
     1>FlyCap2_MFCDoc.obj : error LNK2001: unresolved external symbol "__declspec(dllimport) public: virtual class FlyCapture2::Error __thiscall FlyCapture2::GigECamera::GetMemoryChannel(unsigned int *)" (__imp_?GetMemoryChannel@GigECamera@FlyCapture2@@UAE?AVError@2@PAI@Z)
     1>FlyCap2_MFCDoc.obj : error LNK2001: unresolved external symbol "__declspec(dllimport) public: virtual class FlyCapture2::Error __thiscall FlyCapture2::GigECamera::SaveToMemoryChannel(unsigned int)" (__imp_?SaveToMemoryChannel@GigECamera@FlyCapture2@@UAE?AVError@2@I@Z)
     1>FlyCap2_MFCDoc.obj : error LNK2001: unresolved external symbol "__declspec(dllimport) public: virtual class FlyCapture2::Error __thiscall FlyCapture2::GigECamera::RestoreFromMemoryChannel(unsigned int)" (__imp_?RestoreFromMemoryChannel@GigECamera@FlyCapture2@@UAE?AVError@2@I@Z)
     1>FlyCap2_MFCDoc.obj : error LNK2001: unresolved external symbol "__declspec(dllimport) public: virtual class FlyCapture2::Error __thiscall FlyCapture2::GigECamera::GetMemoryChannelInfo(unsigned int *)" (__imp_?GetMemoryChannelInfo@GigECamera@FlyCapture2@@UAE?AVError@2@PAI@Z)
     1>FlyCap2_MFCDoc.obj : error LNK2001: unresolved external symbol "__declspec(dllimport) public: virtual class FlyCapture2::Error __thiscall FlyCapture2::GigECamera::GetEmbeddedImageInfo(struct FlyCapture2::EmbeddedImageInfo *)" (__imp_?GetEmbeddedImageInfo@GigECamera@FlyCapture2@@UAE?AVError@2@PAUEmbeddedImageInfo@2@@Z)
     1>FlyCap2_MFCDoc.obj : error LNK2001: unresolved external symbol "__declspec(dllimport) public: virtual class FlyCapture2::Error __thiscall FlyCapture2::GigECamera::SetEmbeddedImageInfo(struct FlyCapture2::EmbeddedImageInfo *)" (__imp_?SetEmbeddedImageInfo@GigECamera@FlyCapture2@@UAE?AVError@2@PAUEmbeddedImageInfo@2@@Z)
     1>FlyCap2_MFCDoc.obj : error LNK2001: unresolved external symbol "__declspec(dllimport) public: virtual class FlyCapture2::Error __thiscall FlyCapture2::GigECamera::WriteRegister(unsigned int,unsigned int,bool)" (__imp_?WriteRegister@GigECamera@FlyCapture2@@UAE?AVError@2@II_N@Z)
     1>FlyCap2_MFCDoc.obj : error LNK2001: unresolved external symbol "__declspec(dllimport) public: virtual class FlyCapture2::Error __thiscall FlyCapture2::GigECamera::ReadRegister(unsigned int,unsigned int *)" (__imp_?ReadRegister@GigECamera@FlyCapture2@@UAE?AVError@2@IPAI@Z)
     1>FlyCap2_MFCDoc.obj : error LNK2001: unresolved external symbol "__declspec(dllimport) public: virtual class FlyCapture2::Error __thiscall FlyCapture2::GigECamera::WriteRegisterBlock(unsigned short,unsigned int,unsigned int const *,unsigned int)" (__imp_?WriteRegisterBlock@GigECamera@FlyCapture2@@UAE?AVError@2@GIPBII@Z)
     1>FlyCap2_MFCDoc.obj : error LNK2001: unresolved external symbol "__declspec(dllimport) public: virtual class FlyCapture2::Error __thiscall FlyCapture2::GigECamera::ReadRegisterBlock(unsigned short,unsigned int,unsigned int *,unsigned int)" (__imp_?ReadRegisterBlock@GigECamera@FlyCapture2@@UAE?AVError@2@GIPAII@Z)
     1>FlyCap2_MFCDoc.obj : error LNK2001: unresolved external symbol "__declspec(dllimport) public: virtual class FlyCapture2::Error __thiscall FlyCapture2::GigECamera::GetCycleTime(struct FlyCapture2::TimeStamp *)" (__imp_?GetCycleTime@GigECamera@FlyCapture2@@UAE?AVError@2@PAUTimeStamp@2@@Z)
     1>FlyCap2_MFCDoc.obj : error LNK2001: unresolved external symbol "__declspec(dllimport) public: virtual class FlyCapture2::Error __thiscall FlyCapture2::GigECamera::GetStats(struct FlyCapture2::CameraStats *)" (__imp_?GetStats@GigECamera@FlyCapture2@@UAE?AVError@2@PAUCameraStats@2@@Z)
     1>FlyCap2_MFCDoc.obj : error LNK2001: unresolved external symbol "__declspec(dllimport) public: virtual class FlyCapture2::Error __thiscall FlyCapture2::GigECamera::ResetStats(void)" (__imp_?ResetStats@GigECamera@FlyCapture2@@UAE?AVError@2@XZ)
     1>FlyCap2_MFCDoc.obj : error LNK2001: unresolved external symbol "__declspec(dllimport) public: virtual class FlyCapture2::Error __thiscall FlyCapture2::GigECamera::WriteGVCPRegister(unsigned int,unsigned int,bool)" (__imp_?WriteGVCPRegister@GigECamera@FlyCapture2@@UAE?AVError@2@II_N@Z)
     1>FlyCap2_MFCDoc.obj : error LNK2001: unresolved external symbol "__declspec(dllimport) public: virtual class FlyCapture2::Error __thiscall FlyCapture2::GigECamera::ReadGVCPRegister(unsigned int,unsigned int *)" (__imp_?ReadGVCPRegister@GigECamera@FlyCapture2@@UAE?AVError@2@IPAI@Z)
     1>FlyCap2_MFCDoc.obj : error LNK2001: unresolved external symbol "__declspec(dllimport) public: virtual class FlyCapture2::Error __thiscall FlyCapture2::GigECamera::WriteGVCPRegisterBlock(unsigned int,unsigned int const *,unsigned int)" (__imp_?WriteGVCPRegisterBlock@GigECamera@FlyCapture2@@UAE?AVError@2@IPBII@Z)
     1>FlyCap2_MFCDoc.obj : error LNK2001: unresolved external symbol "__declspec(dllimport) public: virtual class FlyCapture2::Error __thiscall FlyCapture2::GigECamera::ReadGVCPRegisterBlock(unsigned int,unsigned int *,unsigned int)" (__imp_?ReadGVCPRegisterBlock@GigECamera@FlyCapture2@@UAE?AVError@2@IPAII@Z)
     1>FlyCap2_MFCDoc.obj : error LNK2001: unresolved external symbol "__declspec(dllimport) public: virtual class FlyCapture2::Error __thiscall FlyCapture2::GigECamera::WriteGVCPMemory(unsigned int,unsigned char const *,unsigned int)" (__imp_?WriteGVCPMemory@GigECamera@FlyCapture2@@UAE?AVError@2@IPBEI@Z)
     1>FlyCap2_MFCDoc.obj : error LNK2001: unresolved external symbol "__declspec(dllimport) public: virtual class FlyCapture2::Error __thiscall FlyCapture2::GigECamera::ReadGVCPMemory(unsigned int,unsigned char *,unsigned int)" (__imp_?ReadGVCPMemory@GigECamera@FlyCapture2@@UAE?AVError@2@IPAEI@Z)
     1>FlyCap2_MFCDoc.obj : error LNK2001: unresolved external symbol "__declspec(dllimport) public: virtual class FlyCapture2::Error __thiscall FlyCapture2::GigECamera::GetGigEProperty(struct FlyCapture2::GigEProperty *)" (__imp_?GetGigEProperty@GigECamera@FlyCapture2@@UAE?AVError@2@PAUGigEProperty@2@@Z)
     1>FlyCap2_MFCDoc.obj : error LNK2001: unresolved external symbol "__declspec(dllimport) public: virtual class FlyCapture2::Error __thiscall FlyCapture2::GigECamera::SetGigEProperty(struct FlyCapture2::GigEProperty const *)" (__imp_?SetGigEProperty@GigECamera@FlyCapture2@@UAE?AVError@2@PBUGigEProperty@2@@Z)
     1>FlyCap2_MFCDoc.obj : error LNK2001: unresolved external symbol "__declspec(dllimport) public: virtual class FlyCapture2::Error __thiscall FlyCapture2::GigECamera::DiscoverGigEPacketSize(unsigned int *)" (__imp_?DiscoverGigEPacketSize@GigECamera@FlyCapture2@@UAE?AVError@2@PAI@Z)
     1>FlyCap2_MFCDoc.obj : error LNK2001: unresolved external symbol "__declspec(dllimport) public: virtual class FlyCapture2::Error __thiscall FlyCapture2::GigECamera::QueryGigEImagingMode(enum FlyCapture2::Mode,bool *)" (__imp_?QueryGigEImagingMode@GigECamera@FlyCapture2@@UAE?AVError@2@W4Mode@2@PA_N@Z)
     1>FlyCap2_MFCDoc.obj : error LNK2001: unresolved external symbol "__declspec(dllimport) public: virtual class FlyCapture2::Error __thiscall FlyCapture2::GigECamera::GetGigEImagingMode(enum FlyCapture2::Mode *)" (__imp_?GetGigEImagingMode@GigECamera@FlyCapture2@@UAE?AVError@2@PAW4Mode@2@@Z)
     1>FlyCap2_MFCDoc.obj : error LNK2001: unresolved external symbol "__declspec(dllimport) public: virtual class FlyCapture2::Error __thiscall FlyCapture2::GigECamera::SetGigEImagingMode(enum FlyCapture2::Mode)" (__imp_?SetGigEImagingMode@GigECamera@FlyCapture2@@UAE?AVError@2@W4Mode@2@@Z)
     1>FlyCap2_MFCDoc.obj : error LNK2001: unresolved external symbol "__declspec(dllimport) public: virtual class FlyCapture2::Error __thiscall FlyCapture2::GigECamera::GetGigEImageSettingsInfo(struct FlyCapture2::GigEImageSettingsInfo *)" (__imp_?GetGigEImageSettingsInfo@GigECamera@FlyCapture2@@UAE?AVError@2@PAUGigEImageSettingsInfo@2@@Z)
     1>FlyCap2_MFCDoc.obj : error LNK2001: unresolved external symbol "__declspec(dllimport) public: virtual class FlyCapture2::Error __thiscall FlyCapture2::GigECamera::SetGigEImageSettings(struct FlyCapture2::GigEImageSettings const *)" (__imp_?SetGigEImageSettings@GigECamera@FlyCapture2@@UAE?AVError@2@PBUGigEImageSettings@2@@Z)
     1>FlyCap2_MFCDoc.obj : error LNK2001: unresolved external symbol "__declspec(dllimport) public: virtual class FlyCapture2::Error __thiscall FlyCapture2::GigECamera::GetGigEImageBinningSettings(unsigned int *,unsigned int *)" (__imp_?GetGigEImageBinningSettings@GigECamera@FlyCapture2@@UAE?AVError@2@PAI0@Z)
     1>FlyCap2_MFCDoc.obj : error LNK2001: unresolved external symbol "__declspec(dllimport) public: virtual class FlyCapture2::Error __thiscall FlyCapture2::GigECamera::SetGigEImageBinningSettings(unsigned int,unsigned int)" (__imp_?SetGigEImageBinningSettings@GigECamera@FlyCapture2@@UAE?AVError@2@II@Z)
     1>FlyCap2_MFCDoc.obj : error LNK2001: unresolved external symbol "__declspec(dllimport) public: virtual class FlyCapture2::Error __thiscall FlyCapture2::GigECamera::GetNumStreamChannels(unsigned int *)" (__imp_?GetNumStreamChannels@GigECamera@FlyCapture2@@UAE?AVError@2@PAI@Z)
     1>FlyCap2_MFCDoc.obj : error LNK2001: unresolved external symbol "__declspec(dllimport) public: virtual class FlyCapture2::Error __thiscall FlyCapture2::GigECamera::GetGigEStreamChannelInfo(unsigned int,struct FlyCapture2::GigEStreamChannel *)" (__imp_?GetGigEStreamChannelInfo@GigECamera@FlyCapture2@@UAE?AVError@2@IPAUGigEStreamChannel@2@@Z)
     1>FlyCap2_MFCDoc.obj : error LNK2001: unresolved external symbol "__declspec(dllimport) public: virtual class FlyCapture2::Error __thiscall FlyCapture2::GigECamera::SetGigEStreamChannelInfo(unsigned int,struct FlyCapture2::GigEStreamChannel *)" (__imp_?SetGigEStreamChannelInfo@GigECamera@FlyCapture2@@UAE?AVError@2@IPAUGigEStreamChannel@2@@Z)
     1>FlyCap2_MFCDoc.obj : error LNK2001: unresolved external symbol "__declspec(dllimport) public: virtual class FlyCapture2::Error __thiscall FlyCapture2::GigECamera::GetGigEConfig(struct FlyCapture2::GigEConfig *)" (__imp_?GetGigEConfig@GigECamera@FlyCapture2@@UAE?AVError@2@PAUGigEConfig@2@@Z)
     1>FlyCap2_MFCDoc.obj : error LNK2001: unresolved external symbol "__declspec(dllimport) public: virtual class FlyCapture2::Error __thiscall FlyCapture2::GigECamera::SetGigEConfig(struct FlyCapture2::GigEConfig const *)" (__imp_?SetGigEConfig@GigECamera@FlyCapture2@@UAE?AVError@2@PBUGigEConfig@2@@Z)
     1>FlyCap2_MFCView.obj : error LNK2001: unresolved external symbol "__declspec(dllimport) public: virtual unsigned int __thiscall FlyCapture2::Image::GetBitsPerPixel(void)const " (__imp_?GetBitsPerPixel@Image@FlyCapture2@@UBEIXZ)
     1>HistogramDialog.obj : error LNK2001: unresolved external symbol "__declspec(dllimport) public: __thiscall FlyCapture2::ImageStatistics::ImageStatistics(void)" (__imp_??0ImageStatistics@FlyCapture2@@QAE@XZ)
     1>HistogramDialog.obj : error LNK2001: unresolved external symbol "__declspec(dllimport) public: virtual __thiscall FlyCapture2::ImageStatistics::~ImageStatistics(void)" (__imp_??1ImageStatistics@FlyCapture2@@UAE@XZ)
     1>HistogramDrawingArea.obj : error LNK2001: unresolved external symbol "__declspec(dllimport) public: class FlyCapture2::Error __thiscall FlyCapture2::ImageStatistics::GetNumPixelValues(enum FlyCapture2::ImageStatistics::StatisticsChannel,unsigned int *)const " (__imp_?GetNumPixelValues@ImageStatistics@FlyCapture2@@QBE?AVError@2@W4StatisticsChannel@12@PAI@Z)
     1>HistogramDrawingArea.obj : error LNK2001: unresolved external symbol "__declspec(dllimport) public: class FlyCapture2::Error __thiscall FlyCapture2::ImageStatistics::GetStatistics(enum FlyCapture2::ImageStatistics::StatisticsChannel,unsigned int *,unsigned int *,unsigned int *,unsigned int *,unsigned int *,float *,int * *)const " (__imp_?GetStatistics@ImageStatistics@FlyCapture2@@QBE?AVError@2@W4StatisticsChannel@12@PAI1111PAMPAPAH@Z)
     1>HistogramPage.obj : error LNK2001: unresolved external symbol "__declspec(dllimport) public: class FlyCapture2::Error __thiscall FlyCapture2::ImageStatistics::SetChannelStatus(enum FlyCapture2::ImageStatistics::StatisticsChannel,bool)" (__imp_?SetChannelStatus@ImageStatistics@FlyCapture2@@QAE?AVError@2@W4StatisticsChannel@12@_N@Z)
     1>HistogramPage.obj : error LNK2001: unresolved external symbol "__declspec(dllimport) public: class FlyCapture2::Error __thiscall FlyCapture2::ImageStatistics::GetChannelStatus(enum FlyCapture2::ImageStatistics::StatisticsChannel,bool *)const " (__imp_?GetChannelStatus@ImageStatistics@FlyCapture2@@QBE?AVError@2@W4StatisticsChannel@12@PA_N@Z)
     1>HistogramPage.obj : error LNK2001: unresolved external symbol "__declspec(dllimport) public: class FlyCapture2::Error __thiscall FlyCapture2::ImageStatistics::DisableAll(void)" (__imp_?DisableAll@ImageStatistics@FlyCapture2@@QAE?AVError@2@XZ)
     1>RecordingDialog.obj : error LNK2001: unresolved external symbol "__declspec(dllimport) public: __thiscall FlyCapture2::AVIRecorder::AVIRecorder(void)" (__imp_??0AVIRecorder@FlyCapture2@@QAE@XZ)
     1>RecordingDialog.obj : error LNK2001: unresolved external symbol "__declspec(dllimport) public: virtual __thiscall FlyCapture2::AVIRecorder::~AVIRecorder(void)" (__imp_??1AVIRecorder@FlyCapture2@@UAE@XZ)
     1>RecordingDialog.obj : error LNK2001: unresolved external symbol "__declspec(dllimport) public: virtual class FlyCapture2::Error __thiscall FlyCapture2::AVIRecorder::AVIOpen(char const *,struct FlyCapture2::AVIOption *)" (__imp_?AVIOpen@AVIRecorder@FlyCapture2@@UAE?AVError@2@PBDPAUAVIOption@2@@Z)
     1>RecordingDialog.obj : error LNK2001: unresolved external symbol "__declspec(dllimport) public: virtual class FlyCapture2::Error __thiscall FlyCapture2::AVIRecorder::AVIOpen(char const *,struct FlyCapture2::MJPGOption *)" (__imp_?AVIOpen@AVIRecorder@FlyCapture2@@UAE?AVError@2@PBDPAUMJPGOption@2@@Z)
     1>RecordingDialog.obj : error LNK2001: unresolved external symbol "__declspec(dllimport) public: virtual class FlyCapture2::Error __thiscall FlyCapture2::AVIRecorder::AVIOpen(char const *,struct FlyCapture2::H264Option *)" (__imp_?AVIOpen@AVIRecorder@FlyCapture2@@UAE?AVError@2@PBDPAUH264Option@2@@Z)
     1>RecordingDialog.obj : error LNK2001: unresolved external symbol "__declspec(dllimport) public: virtual class FlyCapture2::Error __thiscall FlyCapture2::AVIRecorder::AVIClose(void)" (__imp_?AVIClose@AVIRecorder@FlyCapture2@@UAE?AVError@2@XZ)
     1>RecordingDialog.obj : error LNK2001: unresolved external symbol "__declspec(dllimport) public: virtual class FlyCapture2::Image & __thiscall FlyCapture2::Image::operator=(class FlyCapture2::Image const &)" (__imp_??4Image@FlyCapture2@@UAEAAV01@ABV01@@Z)
     1>RecordingDialog.obj : error LNK2001: unresolved external symbol "__declspec(dllimport) public: virtual unsigned char * __thiscall FlyCapture2::Image::operator[](unsigned int)" (__imp_??AImage@FlyCapture2@@UAEPAEI@Z)
     1>RecordingDialog.obj : error LNK2001: unresolved external symbol "__declspec(dllimport) public: virtual unsigned char * __thiscall FlyCapture2::Image::operator()(unsigned int,unsigned int)" (__imp_??RImage@FlyCapture2@@UAEPAEII@Z)
     1>RecordingDialog.obj : error LNK2001: unresolved external symbol "__declspec(dllimport) public: virtual class FlyCapture2::Error __thiscall FlyCapture2::Image::SetDimensions(unsigned int,unsigned int,unsigned int,enum FlyCapture2::PixelFormat,enum FlyCapture2::BayerTileFormat)" (__imp_?SetDimensions@Image@FlyCapture2@@UAE?AVError@2@IIIW4PixelFormat@2@W4BayerTileFormat@2@@Z)
     1>RecordingDialog.obj : error LNK2001: unresolved external symbol "__declspec(dllimport) public: virtual class FlyCapture2::Error __thiscall FlyCapture2::Image::SetData(unsigned char const *,unsigned int)" (__imp_?SetData@Image@FlyCapture2@@UAE?AVError@2@PBEI@Z)
     1>RecordingDialog.obj : error LNK2001: unresolved external symbol "__declspec(dllimport) public: virtual class FlyCapture2::Error __thiscall FlyCapture2::Image::SetBlockId(unsigned int)" (__imp_?SetBlockId@Image@FlyCapture2@@UAE?AVError@2@I@Z)
     1>RecordingDialog.obj : error LNK2001: unresolved external symbol "__declspec(dllimport) public: virtual unsigned int __thiscall FlyCapture2::Image::GetBlockId(void)" (__imp_?GetBlockId@Image@FlyCapture2@@UAEIXZ)
     1>RecordingDialog.obj : error LNK2001: unresolved external symbol "__declspec(dllimport) public: virtual enum FlyCapture2::ColorProcessingAlgorithm __thiscall FlyCapture2::Image::GetColorProcessing(void)const " (__imp_?GetColorProcessing@Image@FlyCapture2@@UBE?AW4ColorProcessingAlgorithm@2@XZ)
     1>RecordingDialog.obj : error LNK2001: unresolved external symbol "__declspec(dllimport) public: virtual class FlyCapture2::Error __thiscall FlyCapture2::Image::SetColorProcessing(enum FlyCapture2::ColorProcessingAlgorithm)" (__imp_?SetColorProcessing@Image@FlyCapture2@@UAE?AVError@2@W4ColorProcessingAlgorithm@2@@Z)
     1>RecordingDialog.obj : error LNK2001: unresolved external symbol "__declspec(dllimport) public: virtual unsigned int __thiscall FlyCapture2::Image::GetStride(void)const " (__imp_?GetStride@Image@FlyCapture2@@UBEIXZ)
     1>RecordingDialog.obj : error LNK2001: unresolved external symbol "__declspec(dllimport) public: virtual enum FlyCapture2::BayerTileFormat __thiscall FlyCapture2::Image::GetBayerTileFormat(void)const " (__imp_?GetBayerTileFormat@Image@FlyCapture2@@UBE?AW4BayerTileFormat@2@XZ)
     1>RecordingDialog.obj : error LNK2001: unresolved external symbol "__declspec(dllimport) public: virtual unsigned int __thiscall FlyCapture2::Image::GetDataSize(void)const " (__imp_?GetDataSize@Image@FlyCapture2@@UBEIXZ)
     1>RecordingDialog.obj : error LNK2001: unresolved external symbol "__declspec(dllimport) public: virtual unsigned int __thiscall FlyCapture2::Image::GetReceivedDataSize(void)const " (__imp_?GetReceivedDataSize@Image@FlyCapture2@@UBEIXZ)
     1>RecordingDialog.obj : error LNK2001: unresolved external symbol "__declspec(dllimport) public: virtual void __thiscall FlyCapture2::Image::GetDimensions(unsigned int *,unsigned int *,unsigned int *,enum FlyCapture2::PixelFormat *,enum FlyCapture2::BayerTileFormat *)const " (__imp_?GetDimensions@Image@FlyCapture2@@UBEXPAI00PAW4PixelFormat@2@PAW4BayerTileFormat@2@@Z)
     1>RecordingDialog.obj : error LNK2001: unresolved external symbol "__declspec(dllimport) public: virtual unsigned char * __thiscall FlyCapture2::Image::GetData(void)const " (__imp_?GetData@Image@FlyCapture2@@UBEQAEXZ)
     1>RecordingDialog.obj : error LNK2001: unresolved external symbol "__declspec(dllimport) public: virtual unsigned char * __thiscall FlyCapture2::Image::GetData(void)" (__imp_?GetData@Image@FlyCapture2@@UAEPAEXZ)
     1>RecordingDialog.obj : error LNK2001: unresolved external symbol "__declspec(dllimport) public: virtual struct FlyCapture2::ImageMetadata __thiscall FlyCapture2::Image::GetMetadata(void)const " (__imp_?GetMetadata@Image@FlyCapture2@@UBE?AUImageMetadata@2@XZ)
     1>RecordingDialog.obj : error LNK2001: unresolved external symbol "__declspec(dllimport) public: virtual class FlyCapture2::Error __thiscall FlyCapture2::Image::CalculateStatistics(class FlyCapture2::ImageStatistics *)" (__imp_?CalculateStatistics@Image@FlyCapture2@@UAE?AVError@2@PAVImageStatistics@2@@Z)
     1>RecordingDialog.obj : error LNK2001: unresolved external symbol "__declspec(dllimport) public: virtual struct FlyCapture2::TimeStamp __thiscall FlyCapture2::Image::GetTimeStamp(void)const " (__imp_?GetTimeStamp@Image@FlyCapture2@@UBE?AUTimeStamp@2@XZ)
     1>RecordingDialog.obj : error LNK2001: unresolved external symbol "__declspec(dllimport) public: virtual class FlyCapture2::Error __thiscall FlyCapture2::Image::Convert(class FlyCapture2::Image *)const " (__imp_?Convert@Image@FlyCapture2@@UBE?AVError@2@PAV12@@Z)
     1>RecordingDialog.obj : error LNK2001: unresolved external symbol "__declspec(dllimport) public: virtual class FlyCapture2::Error __thiscall FlyCapture2::Image::ReleaseBuffer(void)" (__imp_?ReleaseBuffer@Image@FlyCapture2@@UAE?AVError@2@XZ)
     1>..\..\bin\FlyCap2.exe : fatal error LNK1120: 204 unresolved externals
     1>Done Building Project "E:\ramelard\Projects\PointGrey\FlyCap2\FlyCap2.vcxproj" (Rebuild target(s)) -- FAILED.

Build FAILED.

Time Elapsed 00:00:04.02
