C:\PROGRAM FILES\POINT GREY RESEARCH\FLYCAPTURE2\SRC\FLYCAP2\DEBUG\FLYCAP2.PCH
C:\PROGRAM FILES\POINT GREY RESEARCH\FLYCAPTURE2\SRC\FLYCAP2\DEBUG\STDAFX.OBJ
C:\PROGRAM FILES\POINT GREY RESEARCH\FLYCAPTURE2\SRC\FLYCAP2\DEBUG\VC110.PDB
C:\PROGRAM FILES\POINT GREY RESEARCH\FLYCAPTURE2\SRC\FLYCAP2\DEBUG\HISTOGRAMPAGE.OBJ
C:\PROGRAM FILES\POINT GREY RESEARCH\FLYCAPTURE2\SRC\FLYCAP2\DEBUG\IMAGERECORDINGBMPPANE.OBJ
C:\PROGRAM FILES\POINT GREY RESEARCH\FLYCAPTURE2\SRC\FLYCAP2\DEBUG\IMAGERECORDINGJPG2KPANE.OBJ
C:\PROGRAM FILES\POINT GREY RESEARCH\FLYCAPTURE2\SRC\FLYCAP2\DEBUG\IMAGERECORDINGJPGPANE.OBJ
C:\PROGRAM FILES\POINT GREY RESEARCH\FLYCAPTURE2\SRC\FLYCAP2\DEBUG\IMAGERECORDINGPAGE.OBJ
C:\PROGRAM FILES\POINT GREY RESEARCH\FLYCAPTURE2\SRC\FLYCAP2\DEBUG\IMAGERECORDINGPNGPANE.OBJ
C:\PROGRAM FILES\POINT GREY RESEARCH\FLYCAPTURE2\SRC\FLYCAP2\DEBUG\IMAGERECORDINGPXMPANE.OBJ
C:\PROGRAM FILES\POINT GREY RESEARCH\FLYCAPTURE2\SRC\FLYCAP2\DEBUG\IMAGERECORDINGTIFFPANE.OBJ
C:\PROGRAM FILES\POINT GREY RESEARCH\FLYCAPTURE2\SRC\FLYCAP2\DEBUG\INFORMATIONPANE.OBJ
C:\PROGRAM FILES\POINT GREY RESEARCH\FLYCAPTURE2\SRC\FLYCAP2\DEBUG\LICENSEDIALOG.OBJ
C:\PROGRAM FILES\POINT GREY RESEARCH\FLYCAPTURE2\SRC\FLYCAP2\DEBUG\MAINFRM.OBJ
C:\PROGRAM FILES\POINT GREY RESEARCH\FLYCAPTURE2\SRC\FLYCAP2\DEBUG\RECEIVEDFRAMERATECOUNTER.OBJ
C:\PROGRAM FILES\POINT GREY RESEARCH\FLYCAPTURE2\SRC\FLYCAP2\DEBUG\RECORDINGDIALOG.OBJ
C:\PROGRAM FILES\POINT GREY RESEARCH\FLYCAPTURE2\SRC\FLYCAP2\DEBUG\RECORDINGDIALOGCOMMON.OBJ
C:\PROGRAM FILES\POINT GREY RESEARCH\FLYCAPTURE2\SRC\FLYCAP2\DEBUG\ROWCOLPLOTPAGE.OBJ
C:\PROGRAM FILES\POINT GREY RESEARCH\FLYCAPTURE2\SRC\FLYCAP2\DEBUG\SAVEIMAGEFILEDIALOG.OBJ
C:\PROGRAM FILES\POINT GREY RESEARCH\FLYCAPTURE2\SRC\FLYCAP2\DEBUG\TREECTRLX.OBJ
C:\PROGRAM FILES\POINT GREY RESEARCH\FLYCAPTURE2\SRC\FLYCAP2\DEBUG\VIDEORECORDINGH264PANE.OBJ
C:\PROGRAM FILES\POINT GREY RESEARCH\FLYCAPTURE2\SRC\FLYCAP2\DEBUG\VIDEORECORDINGMJPEGPANE.OBJ
C:\PROGRAM FILES\POINT GREY RESEARCH\FLYCAPTURE2\SRC\FLYCAP2\DEBUG\VIDEORECORDINGPAGE.OBJ
C:\PROGRAM FILES\POINT GREY RESEARCH\FLYCAPTURE2\SRC\FLYCAP2\DEBUG\ABOUTDIALOG.OBJ
C:\PROGRAM FILES\POINT GREY RESEARCH\FLYCAPTURE2\SRC\FLYCAP2\DEBUG\EVENTSTATDIALOG.OBJ
C:\PROGRAM FILES\POINT GREY RESEARCH\FLYCAPTURE2\SRC\FLYCAP2\DEBUG\FLYCAP2_MFC.OBJ
C:\PROGRAM FILES\POINT GREY RESEARCH\FLYCAPTURE2\SRC\FLYCAP2\DEBUG\FLYCAP2_MFCDOC.OBJ
C:\PROGRAM FILES\POINT GREY RESEARCH\FLYCAPTURE2\SRC\FLYCAP2\DEBUG\FLYCAP2_MFCVIEW.OBJ
C:\PROGRAM FILES\POINT GREY RESEARCH\FLYCAPTURE2\SRC\FLYCAP2\DEBUG\FRAMERATECOUNTER.OBJ
C:\PROGRAM FILES\POINT GREY RESEARCH\FLYCAPTURE2\SRC\FLYCAP2\DEBUG\HISTOGRAMDIALOG.OBJ
C:\PROGRAM FILES\POINT GREY RESEARCH\FLYCAPTURE2\SRC\FLYCAP2\DEBUG\HISTOGRAMDRAWINGAREA.OBJ
C:\PROGRAM FILES\POINT GREY RESEARCH\FLYCAPTURE2\SRC\FLYCAP2\DEBUG\FLYCAP2_MFC.RES
C:\Program Files\Point Grey Research\FlyCapture2\src\FlyCap2\Debug\AboutDialog.obj
C:\Program Files\Point Grey Research\FlyCapture2\src\FlyCap2\Debug\EventStatDialog.obj
C:\Program Files\Point Grey Research\FlyCapture2\src\FlyCap2\Debug\FlyCap2_MFC.obj
C:\Program Files\Point Grey Research\FlyCapture2\src\FlyCap2\Debug\FlyCap2_MFCDoc.obj
C:\Program Files\Point Grey Research\FlyCapture2\src\FlyCap2\Debug\FlyCap2_MFCView.obj
C:\Program Files\Point Grey Research\FlyCapture2\src\FlyCap2\Debug\FrameRateCounter.obj
C:\Program Files\Point Grey Research\FlyCapture2\src\FlyCap2\Debug\HistogramDialog.obj
C:\Program Files\Point Grey Research\FlyCapture2\src\FlyCap2\Debug\HistogramDrawingArea.obj
C:\Program Files\Point Grey Research\FlyCapture2\src\FlyCap2\Debug\HistogramPage.obj
C:\Program Files\Point Grey Research\FlyCapture2\src\FlyCap2\Debug\ImageRecordingBMPPane.obj
C:\Program Files\Point Grey Research\FlyCapture2\src\FlyCap2\Debug\ImageRecordingJPG2KPane.obj
C:\Program Files\Point Grey Research\FlyCapture2\src\FlyCap2\Debug\ImageRecordingJPGPane.obj
C:\Program Files\Point Grey Research\FlyCapture2\src\FlyCap2\Debug\ImageRecordingPage.obj
C:\Program Files\Point Grey Research\FlyCapture2\src\FlyCap2\Debug\ImageRecordingPNGPane.obj
C:\Program Files\Point Grey Research\FlyCapture2\src\FlyCap2\Debug\ImageRecordingPXMPane.obj
C:\Program Files\Point Grey Research\FlyCapture2\src\FlyCap2\Debug\ImageRecordingTIFFPane.obj
C:\Program Files\Point Grey Research\FlyCapture2\src\FlyCap2\Debug\InformationPane.obj
C:\Program Files\Point Grey Research\FlyCapture2\src\FlyCap2\Debug\LicenseDialog.obj
C:\Program Files\Point Grey Research\FlyCapture2\src\FlyCap2\Debug\MainFrm.obj
C:\Program Files\Point Grey Research\FlyCapture2\src\FlyCap2\Debug\ReceivedFrameRateCounter.obj
C:\Program Files\Point Grey Research\FlyCapture2\src\FlyCap2\Debug\RecordingDialog.obj
C:\Program Files\Point Grey Research\FlyCapture2\src\FlyCap2\Debug\RecordingDialogCommon.obj
C:\Program Files\Point Grey Research\FlyCapture2\src\FlyCap2\Debug\RowColPlotPage.obj
C:\Program Files\Point Grey Research\FlyCapture2\src\FlyCap2\Debug\SaveImageFileDialog.obj
C:\Program Files\Point Grey Research\FlyCapture2\src\FlyCap2\Debug\stdafx.obj
C:\Program Files\Point Grey Research\FlyCapture2\src\FlyCap2\Debug\TreeCtrlX.obj
C:\Program Files\Point Grey Research\FlyCapture2\src\FlyCap2\Debug\VideoRecordingH264Pane.obj
C:\Program Files\Point Grey Research\FlyCapture2\src\FlyCap2\Debug\VideoRecordingMJPEGPane.obj
C:\Program Files\Point Grey Research\FlyCapture2\src\FlyCap2\Debug\VideoRecordingPage.obj
C:\Program Files\Point Grey Research\FlyCapture2\src\FlyCap2\Debug\cl.command.1.tlog
C:\Program Files\Point Grey Research\FlyCapture2\src\FlyCap2\Debug\CL.read.1.tlog
C:\Program Files\Point Grey Research\FlyCapture2\src\FlyCap2\Debug\CL.write.1.tlog
C:\Program Files\Point Grey Research\FlyCapture2\src\FlyCap2\Debug\link.command.1.tlog
C:\Program Files\Point Grey Research\FlyCapture2\src\FlyCap2\Debug\link.read.1.tlog
C:\Program Files\Point Grey Research\FlyCapture2\src\FlyCap2\Debug\link.write.1.tlog
C:\Program Files\Point Grey Research\FlyCapture2\src\FlyCap2\Debug\rc.command.1.tlog
C:\Program Files\Point Grey Research\FlyCapture2\src\FlyCap2\Debug\rc.read.1.tlog
C:\Program Files\Point Grey Research\FlyCapture2\src\FlyCap2\Debug\rc.write.1.tlog
C:\Program Files\Point Grey Research\FlyCapture2\src\FlyCap2\Debug\FlyCap2_MFC.res
C:\Program Files\Point Grey Research\FlyCapture2\src\FlyCap2\Debug\FlyCap2.pch
C:\Program Files\Point Grey Research\FlyCapture2\src\FlyCap2\Debug\vc110.idb
C:\Program Files\Point Grey Research\FlyCapture2\src\FlyCap2\Debug\vc110.pdb
