C:\PROGRAM FILES\POINT GREY RESEARCH\FLYCAPTURE2\SRC\FLYCAP2\X64\DEBUG\FLYCAP2D.PCH
C:\PROGRAM FILES\POINT GREY RESEARCH\FLYCAPTURE2\SRC\FLYCAP2\X64\DEBUG\STDAFX.OBJ
C:\PROGRAM FILES\POINT GREY RESEARCH\FLYCAPTURE2\SRC\FLYCAP2\X64\DEBUG\VC110.PDB
C:\PROGRAM FILES\POINT GREY RESEARCH\FLYCAPTURE2\SRC\FLYCAP2\X64\DEBUG\HISTOGRAMPAGE.OBJ
C:\PROGRAM FILES\POINT GREY RESEARCH\FLYCAPTURE2\SRC\FLYCAP2\X64\DEBUG\IMAGERECORDINGBMPPANE.OBJ
C:\PROGRAM FILES\POINT GREY RESEARCH\FLYCAPTURE2\SRC\FLYCAP2\X64\DEBUG\IMAGERECORDINGJPG2KPANE.OBJ
C:\PROGRAM FILES\POINT GREY RESEARCH\FLYCAPTURE2\SRC\FLYCAP2\X64\DEBUG\IMAGERECORDINGJPGPANE.OBJ
C:\PROGRAM FILES\POINT GREY RESEARCH\FLYCAPTURE2\SRC\FLYCAP2\X64\DEBUG\IMAGERECORDINGPAGE.OBJ
C:\PROGRAM FILES\POINT GREY RESEARCH\FLYCAPTURE2\SRC\FLYCAP2\X64\DEBUG\IMAGERECORDINGPNGPANE.OBJ
C:\PROGRAM FILES\POINT GREY RESEARCH\FLYCAPTURE2\SRC\FLYCAP2\X64\DEBUG\IMAGERECORDINGPXMPANE.OBJ
C:\PROGRAM FILES\POINT GREY RESEARCH\FLYCAPTURE2\SRC\FLYCAP2\X64\DEBUG\IMAGERECORDINGTIFFPANE.OBJ
C:\PROGRAM FILES\POINT GREY RESEARCH\FLYCAPTURE2\SRC\FLYCAP2\X64\DEBUG\INFORMATIONPANE.OBJ
C:\PROGRAM FILES\POINT GREY RESEARCH\FLYCAPTURE2\SRC\FLYCAP2\X64\DEBUG\LICENSEDIALOG.OBJ
C:\PROGRAM FILES\POINT GREY RESEARCH\FLYCAPTURE2\SRC\FLYCAP2\X64\DEBUG\MAINFRM.OBJ
C:\PROGRAM FILES\POINT GREY RESEARCH\FLYCAPTURE2\SRC\FLYCAP2\X64\DEBUG\RECEIVEDFRAMERATECOUNTER.OBJ
C:\PROGRAM FILES\POINT GREY RESEARCH\FLYCAPTURE2\SRC\FLYCAP2\X64\DEBUG\RECORDINGDIALOG.OBJ
C:\PROGRAM FILES\POINT GREY RESEARCH\FLYCAPTURE2\SRC\FLYCAP2\X64\DEBUG\RECORDINGDIALOGCOMMON.OBJ
C:\PROGRAM FILES\POINT GREY RESEARCH\FLYCAPTURE2\SRC\FLYCAP2\X64\DEBUG\ROWCOLPLOTPAGE.OBJ
C:\PROGRAM FILES\POINT GREY RESEARCH\FLYCAPTURE2\SRC\FLYCAP2\X64\DEBUG\SAVEIMAGEFILEDIALOG.OBJ
C:\PROGRAM FILES\POINT GREY RESEARCH\FLYCAPTURE2\SRC\FLYCAP2\X64\DEBUG\TREECTRLX.OBJ
C:\PROGRAM FILES\POINT GREY RESEARCH\FLYCAPTURE2\SRC\FLYCAP2\X64\DEBUG\VIDEORECORDINGH264PANE.OBJ
C:\PROGRAM FILES\POINT GREY RESEARCH\FLYCAPTURE2\SRC\FLYCAP2\X64\DEBUG\VIDEORECORDINGMJPEGPANE.OBJ
C:\PROGRAM FILES\POINT GREY RESEARCH\FLYCAPTURE2\SRC\FLYCAP2\X64\DEBUG\VIDEORECORDINGPAGE.OBJ
C:\PROGRAM FILES\POINT GREY RESEARCH\FLYCAPTURE2\SRC\FLYCAP2\X64\DEBUG\ABOUTDIALOG.OBJ
C:\PROGRAM FILES\POINT GREY RESEARCH\FLYCAPTURE2\SRC\FLYCAP2\X64\DEBUG\EVENTSTATDIALOG.OBJ
C:\PROGRAM FILES\POINT GREY RESEARCH\FLYCAPTURE2\SRC\FLYCAP2\X64\DEBUG\FLYCAP2_MFC.OBJ
C:\PROGRAM FILES\POINT GREY RESEARCH\FLYCAPTURE2\SRC\FLYCAP2\X64\DEBUG\FLYCAP2_MFCDOC.OBJ
C:\PROGRAM FILES\POINT GREY RESEARCH\FLYCAPTURE2\SRC\FLYCAP2\X64\DEBUG\FLYCAP2_MFCVIEW.OBJ
C:\PROGRAM FILES\POINT GREY RESEARCH\FLYCAPTURE2\SRC\FLYCAP2\X64\DEBUG\FRAMERATECOUNTER.OBJ
C:\PROGRAM FILES\POINT GREY RESEARCH\FLYCAPTURE2\SRC\FLYCAP2\X64\DEBUG\HISTOGRAMDIALOG.OBJ
C:\PROGRAM FILES\POINT GREY RESEARCH\FLYCAPTURE2\SRC\FLYCAP2\X64\DEBUG\HISTOGRAMDRAWINGAREA.OBJ
C:\PROGRAM FILES\POINT GREY RESEARCH\FLYCAPTURE2\BIN64\FLYCAP2D.ILK
C:\PROGRAM FILES\POINT GREY RESEARCH\FLYCAPTURE2\BIN64\FLYCAP2D.EXE
C:\PROGRAM FILES\POINT GREY RESEARCH\FLYCAPTURE2\BIN64\FLYCAP2D.PDB
C:\PROGRAM FILES\POINT GREY RESEARCH\FLYCAPTURE2\SRC\FLYCAP2\X64\DEBUG\FLYCAP2_MFC.RES
C:\Program Files\Point Grey Research\FlyCapture2\src\FlyCap2\x64\Debug\AboutDialog.obj
C:\Program Files\Point Grey Research\FlyCapture2\src\FlyCap2\x64\Debug\EventStatDialog.obj
C:\Program Files\Point Grey Research\FlyCapture2\src\FlyCap2\x64\Debug\FlyCap2_MFC.obj
C:\Program Files\Point Grey Research\FlyCapture2\src\FlyCap2\x64\Debug\FlyCap2_MFCDoc.obj
C:\Program Files\Point Grey Research\FlyCapture2\src\FlyCap2\x64\Debug\FlyCap2_MFCView.obj
C:\Program Files\Point Grey Research\FlyCapture2\src\FlyCap2\x64\Debug\FrameRateCounter.obj
C:\Program Files\Point Grey Research\FlyCapture2\src\FlyCap2\x64\Debug\HistogramDialog.obj
C:\Program Files\Point Grey Research\FlyCapture2\src\FlyCap2\x64\Debug\HistogramDrawingArea.obj
C:\Program Files\Point Grey Research\FlyCapture2\src\FlyCap2\x64\Debug\HistogramPage.obj
C:\Program Files\Point Grey Research\FlyCapture2\src\FlyCap2\x64\Debug\ImageRecordingBMPPane.obj
C:\Program Files\Point Grey Research\FlyCapture2\src\FlyCap2\x64\Debug\ImageRecordingJPG2KPane.obj
C:\Program Files\Point Grey Research\FlyCapture2\src\FlyCap2\x64\Debug\ImageRecordingJPGPane.obj
C:\Program Files\Point Grey Research\FlyCapture2\src\FlyCap2\x64\Debug\ImageRecordingPage.obj
C:\Program Files\Point Grey Research\FlyCapture2\src\FlyCap2\x64\Debug\ImageRecordingPNGPane.obj
C:\Program Files\Point Grey Research\FlyCapture2\src\FlyCap2\x64\Debug\ImageRecordingPXMPane.obj
C:\Program Files\Point Grey Research\FlyCapture2\src\FlyCap2\x64\Debug\ImageRecordingTIFFPane.obj
C:\Program Files\Point Grey Research\FlyCapture2\src\FlyCap2\x64\Debug\InformationPane.obj
C:\Program Files\Point Grey Research\FlyCapture2\src\FlyCap2\x64\Debug\LicenseDialog.obj
C:\Program Files\Point Grey Research\FlyCapture2\src\FlyCap2\x64\Debug\MainFrm.obj
C:\Program Files\Point Grey Research\FlyCapture2\src\FlyCap2\x64\Debug\ReceivedFrameRateCounter.obj
C:\Program Files\Point Grey Research\FlyCapture2\src\FlyCap2\x64\Debug\RecordingDialog.obj
C:\Program Files\Point Grey Research\FlyCapture2\src\FlyCap2\x64\Debug\RecordingDialogCommon.obj
C:\Program Files\Point Grey Research\FlyCapture2\src\FlyCap2\x64\Debug\RowColPlotPage.obj
C:\Program Files\Point Grey Research\FlyCapture2\src\FlyCap2\x64\Debug\SaveImageFileDialog.obj
C:\Program Files\Point Grey Research\FlyCapture2\src\FlyCap2\x64\Debug\stdafx.obj
C:\Program Files\Point Grey Research\FlyCapture2\src\FlyCap2\x64\Debug\TreeCtrlX.obj
C:\Program Files\Point Grey Research\FlyCapture2\src\FlyCap2\x64\Debug\VideoRecordingH264Pane.obj
C:\Program Files\Point Grey Research\FlyCapture2\src\FlyCap2\x64\Debug\VideoRecordingMJPEGPane.obj
C:\Program Files\Point Grey Research\FlyCapture2\src\FlyCap2\x64\Debug\VideoRecordingPage.obj
C:\Program Files\Point Grey Research\FlyCapture2\src\FlyCap2\x64\Debug\cl.command.1.tlog
C:\Program Files\Point Grey Research\FlyCapture2\src\FlyCap2\x64\Debug\CL.read.1.tlog
C:\Program Files\Point Grey Research\FlyCapture2\src\FlyCap2\x64\Debug\CL.write.1.tlog
C:\Program Files\Point Grey Research\FlyCapture2\src\FlyCap2\x64\Debug\link-cvtres.read.1.tlog
C:\Program Files\Point Grey Research\FlyCapture2\src\FlyCap2\x64\Debug\link-cvtres.write.1.tlog
C:\Program Files\Point Grey Research\FlyCapture2\src\FlyCap2\x64\Debug\link-mt.read.1.tlog
C:\Program Files\Point Grey Research\FlyCapture2\src\FlyCap2\x64\Debug\link-mt.write.1.tlog
C:\Program Files\Point Grey Research\FlyCapture2\src\FlyCap2\x64\Debug\link-rc.read.1.tlog
C:\Program Files\Point Grey Research\FlyCapture2\src\FlyCap2\x64\Debug\link-rc.write.1.tlog
C:\Program Files\Point Grey Research\FlyCapture2\src\FlyCap2\x64\Debug\link.command.1.tlog
C:\Program Files\Point Grey Research\FlyCapture2\src\FlyCap2\x64\Debug\link.read.1.tlog
C:\Program Files\Point Grey Research\FlyCapture2\src\FlyCap2\x64\Debug\link.write.1.tlog
C:\Program Files\Point Grey Research\FlyCapture2\src\FlyCap2\x64\Debug\rc.command.1.tlog
C:\Program Files\Point Grey Research\FlyCapture2\src\FlyCap2\x64\Debug\rc.read.1.tlog
C:\Program Files\Point Grey Research\FlyCapture2\src\FlyCap2\x64\Debug\rc.write.1.tlog
C:\Program Files\Point Grey Research\FlyCapture2\src\FlyCap2\x64\Debug\FlyCap2_MFC.res
C:\Program Files\Point Grey Research\FlyCapture2\src\FlyCap2\x64\Debug\FlyCap2d.pch
C:\Program Files\Point Grey Research\FlyCapture2\src\FlyCap2\x64\Debug\vc110.idb
C:\Program Files\Point Grey Research\FlyCapture2\src\FlyCap2\x64\Debug\vc110.pdb
C:\Program Files\Point Grey Research\FlyCapture2\src\FlyCap2\..\..\bin64\FlyCap2d.exe
